#
# There is insufficient memory for the Java Runtime Environment to continue.
# Native memory allocation (mmap) failed to map 71303168 bytes for Failed to commit area from 0x000000008dc00000 to 0x0000000092000000 of length 71303168.
# Possible reasons:
#   The system is out of physical RAM or swap space
#   The process is running with CompressedOops enabled, and the Java Heap may be blocking the growth of the native heap
# Possible solutions:
#   Reduce memory load on the system
#   Increase physical memory or swap space
#   Check if swap backing store is full
#   Decrease Java heap size (-Xmx/-Xms)
#   Decrease number of Java threads
#   Decrease Java thread stack sizes (-Xss)
#   Set larger code cache with -XX:ReservedCodeCacheSize=
#   JVM is running with Unscaled Compressed Oops mode in which the Java heap is
#     placed in the first 4GB address space. The Java Heap base address is the
#     maximum limit for the native heap growth. Please use -XX:HeapBaseMinAddress
#     to set the Java Heap base and to place the Java Heap above 4GB virtual address.
# This output file may be truncated or incomplete.
#
#  Out of Memory Error (./src/hotspot/os/windows/os_windows.cpp:3301), pid=10628, tid=3976
#
# JRE version: OpenJDK Runtime Environment (11.0.10) (build 11.0.10+0-b96-7249189)
# Java VM: OpenJDK 64-Bit Server VM (11.0.10+0-b96-7249189, mixed mode, tiered, compressed oops, g1 gc, windows-amd64)
# No core dump will be written. Minidumps are not enabled by default on client versions of Windows
#

---------------  S U M M A R Y ------------

Command Line: --add-opens=java.base/java.util=ALL-UNNAMED --add-opens=java.base/java.lang=ALL-UNNAMED --add-opens=java.base/java.lang.invoke=ALL-UNNAMED --add-opens=java.base/java.util=ALL-UNNAMED --add-opens=java.prefs/java.util.prefs=ALL-UNNAMED --add-opens=java.prefs/java.util.prefs=ALL-UNNAMED --add-opens=java.base/java.nio.charset=ALL-UNNAMED --add-opens=java.base/java.net=ALL-UNNAMED --add-opens=java.base/java.util.concurrent.atomic=ALL-UNNAMED -Xmx2048m -Dfile.encoding=UTF-8 -Duser.country=CN -Duser.language=zh -Duser.variant org.gradle.launcher.daemon.bootstrap.GradleDaemon 7.0.2

Host: Intel(R) Core(TM) i5-8265U CPU @ 1.60GHz, 8 cores, 7G,  Windows 10 , 64 bit Build 22000 (10.0.22000.120)
Time: Sat Sep  4 16:02:10 2021 中国标准时间 elapsed time: 53.217234 seconds (0d 0h 0m 53s)

---------------  T H R E A D  ---------------

Current thread (0x0000015fbab25000):  VMThread "VM Thread" [stack: 0x0000005792100000,0x0000005792200000] [id=3976]

Stack: [0x0000005792100000,0x0000005792200000]
[error occurred during error reporting (printing stack bounds), id 0xc0000005, EXCEPTION_ACCESS_VIOLATION (0xc0000005) at pc=0x0000015fa39c0f2d]

Native frames: (J=compiled Java code, j=interpreted, Vv=VM code, C=native code)
V  [jvm.dll+0x5ecfaa]
V  [jvm.dll+0x722bd5]
V  [jvm.dll+0x72412d]
V  [jvm.dll+0x724745]
V  [jvm.dll+0x7246fb]
V  [jvm.dll+0x5ec348]
V  [jvm.dll+0x5ecad8]
C  [ntdll.dll+0xa826f]
C  [ntdll.dll+0x359ca]
C  [ntdll.dll+0xa727e]
C  0x0000015fa39c0f2d

VM_Operation (0x0000005796dfc2d0): G1CollectForAllocation, mode: safepoint, requested by thread 0x0000015fc13a2800


---------------  P R O C E S S  ---------------

Threads class SMR info:
_java_thread_list=0x0000015fc3e00690, length=73, elements={
0x0000015f9e70f800, 0x0000015fbab28000, 0x0000015fbab2c000, 0x0000015fbb356000,
0x0000015fbb359000, 0x0000015fbb35a000, 0x0000015fbb3b1800, 0x0000015fbb3b8000,
0x0000015fbb3c1800, 0x0000015fbb508800, 0x0000015fbb50a800, 0x0000015fbb50b000,
0x0000015fbb50d000, 0x0000015fbb508000, 0x0000015fbb507000, 0x0000015fbd72e800,
0x0000015fbd72d000, 0x0000015fbd72b800, 0x0000015fbd72d800, 0x0000015fbd72f800,
0x0000015fbd735000, 0x0000015fbd733800, 0x0000015fbd736800, 0x0000015fbd732800,
0x0000015fbf83a800, 0x0000015fbf839800, 0x0000015fbf83d800, 0x0000015fbf838800,
0x0000015fbf841000, 0x0000015fbf83f000, 0x0000015fbf840000, 0x0000015fbf843800,
0x0000015fbd729800, 0x0000015fbf837000, 0x0000015fbf834800, 0x0000015fbf83b000,
0x0000015fbf835800, 0x0000015fbf838000, 0x0000015fbf836000, 0x0000015fbf83c000,
0x0000015fbf83d000, 0x0000015fbf842800, 0x0000015fbf83e800, 0x0000015fc1d2d000,
0x0000015fc1d2c800, 0x0000015fc1d2e800, 0x0000015fc1d33000, 0x0000015fc1d30800,
0x0000015fc1d32000, 0x0000015fc1d2e000, 0x0000015fc1d31000, 0x0000015fbd72c000,
0x0000015fbd72a800, 0x0000015fbd732000, 0x0000015fbd734800, 0x0000015fbd736000,
0x0000015fbb50c000, 0x0000015fbb50d800, 0x0000015fbb509800, 0x0000015fc139f800,
0x0000015fc13a0000, 0x0000015fc13a1800, 0x0000015fc139d000, 0x0000015fc13a1000,
0x0000015fc139d800, 0x0000015fc13a2800, 0x0000015fc139e800, 0x0000015fc13a3800,
0x0000015fc5cd7800, 0x0000015fc5cd8000, 0x0000015fc5cd6000, 0x0000015fc5cd5000,
0x0000015fc5cdb800
}

Java Threads: ( => current thread )
  0x0000015f9e70f800 JavaThread "main" [_thread_blocked, id=5248, stack(0x0000005791b00000,0x0000005791c00000)]
  0x0000015fbab28000 JavaThread "Reference Handler" daemon [_thread_blocked, id=12744, stack(0x0000005792200000,0x0000005792300000)]
  0x0000015fbab2c000 JavaThread "Finalizer" daemon [_thread_blocked, id=1376, stack(0x0000005792300000,0x0000005792400000)]
  0x0000015fbb356000 JavaThread "Signal Dispatcher" daemon [_thread_blocked, id=4288, stack(0x0000005792400000,0x0000005792500000)]
  0x0000015fbb359000 JavaThread "Attach Listener" daemon [_thread_blocked, id=16072, stack(0x0000005792500000,0x0000005792600000)]
  0x0000015fbb35a000 JavaThread "Service Thread" daemon [_thread_blocked, id=13664, stack(0x0000005792600000,0x0000005792700000)]
  0x0000015fbb3b1800 JavaThread "C2 CompilerThread0" daemon [_thread_blocked, id=10280, stack(0x0000005792700000,0x0000005792800000)]
  0x0000015fbb3b8000 JavaThread "C1 CompilerThread0" daemon [_thread_blocked, id=17184, stack(0x0000005792800000,0x0000005792900000)]
  0x0000015fbb3c1800 JavaThread "Sweeper thread" daemon [_thread_blocked, id=17988, stack(0x0000005792900000,0x0000005792a00000)]
  0x0000015fbb508800 JavaThread "Common-Cleaner" daemon [_thread_blocked, id=16032, stack(0x0000005792a00000,0x0000005792b00000)]
  0x0000015fbb50a800 JavaThread "Daemon health stats" [_thread_blocked, id=15580, stack(0x0000005792e00000,0x0000005792f00000)]
  0x0000015fbb50b000 JavaThread "Incoming local TCP Connector on port 2047" [_thread_in_native, id=14420, stack(0x0000005792f00000,0x0000005793000000)]
  0x0000015fbb50d000 JavaThread "Daemon periodic checks" [_thread_blocked, id=8476, stack(0x0000005793000000,0x0000005793100000)]
  0x0000015fbb508000 JavaThread "Daemon" [_thread_blocked, id=1820, stack(0x0000005793100000,0x0000005793200000)]
  0x0000015fbb507000 JavaThread "Daemon worker" [_thread_blocked, id=17036, stack(0x0000005793400000,0x0000005793500000)]
  0x0000015fbd72e800 JavaThread "Cache worker for file hash cache (C:\Users\admin\.gradle\caches\7.0.2\fileHashes)" [_thread_blocked, id=2900, stack(0x0000005793d00000,0x0000005793e00000)]
  0x0000015fbd72d000 JavaThread "File lock request listener" [_thread_in_native, id=18240, stack(0x0000005793e00000,0x0000005793f00000)]
  0x0000015fbd72b800 JavaThread "Cache worker for journal cache (C:\Users\admin\.gradle\caches\journal-1)" [_thread_blocked, id=4932, stack(0x0000005794000000,0x0000005794100000)]
  0x0000015fbd72d800 JavaThread "File watcher server" daemon [_thread_blocked, id=6876, stack(0x0000005794200000,0x0000005794300000)]
  0x0000015fbd72f800 JavaThread "File watcher consumer" daemon [_thread_blocked, id=15264, stack(0x0000005794300000,0x0000005794400000)]
  0x0000015fbd735000 JavaThread "Cache worker for execution history cache (C:\Users\admin\.gradle\caches\7.0.2\executionHistory)" [_thread_blocked, id=6616, stack(0x0000005794700000,0x0000005794800000)]
  0x0000015fbd733800 JavaThread "jar transforms" [_thread_blocked, id=5732, stack(0x0000005794800000,0x0000005794900000)]
  0x0000015fbd736800 JavaThread "jar transforms Thread 2" [_thread_blocked, id=11512, stack(0x0000005794900000,0x0000005794a00000)]
  0x0000015fbd732800 JavaThread "Cache worker for file content cache (C:\Users\admin\.gradle\caches\7.0.2\fileContent)" [_thread_blocked, id=18288, stack(0x0000005794a00000,0x0000005794b00000)]
  0x0000015fbf83a800 JavaThread "jar transforms Thread 3" [_thread_blocked, id=3636, stack(0x0000005794c00000,0x0000005794d00000)]
  0x0000015fbf839800 JavaThread "jar transforms Thread 4" [_thread_blocked, id=9792, stack(0x0000005795600000,0x0000005795700000)]
  0x0000015fbf83d800 JavaThread "jar transforms Thread 5" [_thread_blocked, id=19284, stack(0x0000005795700000,0x0000005795800000)]
  0x0000015fbf838800 JavaThread "jar transforms Thread 6" [_thread_blocked, id=17464, stack(0x0000005795800000,0x0000005795900000)]
  0x0000015fbf841000 JavaThread "jar transforms Thread 7" [_thread_blocked, id=13628, stack(0x0000005795900000,0x0000005795a00000)]
  0x0000015fbf83f000 JavaThread "jar transforms Thread 8" [_thread_blocked, id=7068, stack(0x0000005795a00000,0x0000005795b00000)]
  0x0000015fbf840000 JavaThread "Memory manager" [_thread_blocked, id=17912, stack(0x0000005795b00000,0x0000005795c00000)]
  0x0000015fbf843800 JavaThread "pool-3-thread-1" [_thread_blocked, id=12836, stack(0x0000005795d00000,0x0000005795e00000)]
  0x0000015fbd729800 JavaThread "pool-7-thread-1" [_thread_blocked, id=13904, stack(0x0000005796000000,0x0000005796100000)]
  0x0000015fbf837000 JavaThread "Handler for socket connection from /127.0.0.1:2047 to /127.0.0.1:2097" [_thread_in_native, id=8772, stack(0x0000005793500000,0x0000005793600000)]
  0x0000015fbf834800 JavaThread "Cancel handler" [_thread_blocked, id=9228, stack(0x0000005793600000,0x0000005793700000)]
  0x0000015fbf83b000 JavaThread "Asynchronous log dispatcher for DefaultDaemonConnection: socket connection from /127.0.0.1:2047 to /127.0.0.1:2097" [_thread_blocked, id=1296, stack(0x0000005793700000,0x0000005793800000)]
  0x0000015fbf835800 JavaThread "Stdin handler" [_thread_blocked, id=10380, stack(0x0000005794100000,0x0000005794200000)]
  0x0000015fbf838000 JavaThread "Daemon client event forwarder" [_thread_blocked, id=17064, stack(0x0000005794400000,0x0000005794500000)]
  0x0000015fbf836000 JavaThread "Cache worker for file hash cache (D:\android studio project\MyLuaApp2\.gradle\7.0.2\fileHashes)" [_thread_blocked, id=10880, stack(0x0000005794500000,0x0000005794600000)]
  0x0000015fbf83c000 JavaThread "Cache worker for checksums cache (D:\android studio project\MyLuaApp2\.gradle\checksums)" [_thread_blocked, id=10128, stack(0x0000005794600000,0x0000005794700000)]
  0x0000015fbf83d000 JavaThread "Cache worker for cache directory md-supplier (C:\Users\admin\.gradle\caches\7.0.2\md-supplier)" [_thread_blocked, id=16432, stack(0x0000005794b00000,0x0000005794c00000)]
  0x0000015fbf842800 JavaThread "Cache worker for cache directory md-rule (C:\Users\admin\.gradle\caches\7.0.2\md-rule)" [_thread_blocked, id=17964, stack(0x0000005794d00000,0x0000005794e00000)]
  0x0000015fbf83e800 JavaThread "Cache worker for dependencies-accessors (D:\android studio project\MyLuaApp2\.gradle\7.0.2\dependencies-accessors)" [_thread_blocked, id=11636, stack(0x0000005794e00000,0x0000005794f00000)]
  0x0000015fc1d2d000 JavaThread "Cache worker for Build Output Cleanup Cache (D:\android studio project\MyLuaApp2\.gradle\buildOutputCleanup)" [_thread_blocked, id=18420, stack(0x0000005794f00000,0x0000005795000000)]
  0x0000015fc1d2c800 JavaThread "Build operations" [_thread_blocked, id=13420, stack(0x0000005795000000,0x0000005795100000)]
  0x0000015fc1d2e800 JavaThread "Build operations Thread 2" [_thread_blocked, id=7548, stack(0x0000005795100000,0x0000005795200000)]
  0x0000015fc1d33000 JavaThread "Build operations Thread 3" [_thread_blocked, id=2908, stack(0x0000005795200000,0x0000005795300000)]
  0x0000015fc1d30800 JavaThread "Build operations Thread 4" [_thread_blocked, id=14424, stack(0x0000005795300000,0x0000005795400000)]
  0x0000015fc1d32000 JavaThread "Build operations Thread 5" [_thread_blocked, id=9204, stack(0x0000005795400000,0x0000005795500000)]
  0x0000015fc1d2e000 JavaThread "Build operations Thread 6" [_thread_blocked, id=11544, stack(0x0000005795500000,0x0000005795600000)]
  0x0000015fc1d31000 JavaThread "Build operations Thread 7" [_thread_blocked, id=13456, stack(0x0000005795c00000,0x0000005795d00000)]
  0x0000015fbd72c000 JavaThread "Build operations Thread 8" [_thread_blocked, id=17540, stack(0x0000005795e00000,0x0000005795f00000)]
  0x0000015fbd72a800 JavaThread "build event listener" [_thread_blocked, id=8800, stack(0x0000005795f00000,0x0000005796000000)]
  0x0000015fbd732000 JavaThread "pool-10-thread-1" [_thread_blocked, id=12656, stack(0x0000005796100000,0x0000005796200000)]
  0x0000015fbd734800 JavaThread "build event listener" [_thread_blocked, id=6344, stack(0x0000005796200000,0x0000005796300000)]
  0x0000015fbd736000 JavaThread "Execution worker for ':'" [_thread_blocked, id=11076, stack(0x0000005796300000,0x0000005796400000)]
  0x0000015fbb50c000 JavaThread "Execution worker for ':' Thread 2" [_thread_blocked, id=1596, stack(0x0000005796400000,0x0000005796500000)]
  0x0000015fbb50d800 JavaThread "Execution worker for ':' Thread 3" [_thread_blocked, id=18064, stack(0x0000005796500000,0x0000005796600000)]
  0x0000015fbb509800 JavaThread "Execution worker for ':' Thread 4" [_thread_blocked, id=11148, stack(0x0000005796600000,0x0000005796700000)]
  0x0000015fc139f800 JavaThread "Execution worker for ':' Thread 5" [_thread_blocked, id=6320, stack(0x0000005796700000,0x0000005796800000)]
  0x0000015fc13a0000 JavaThread "Execution worker for ':' Thread 6" [_thread_blocked, id=9112, stack(0x0000005796800000,0x0000005796900000)]
  0x0000015fc13a1800 JavaThread "Execution worker for ':' Thread 7" [_thread_blocked, id=12384, stack(0x0000005796900000,0x0000005796a00000)]
  0x0000015fc139d000 JavaThread "Cache worker for execution history cache (D:\android studio project\MyLuaApp2\.gradle\7.0.2\executionHistory)" [_thread_blocked, id=9692, stack(0x0000005796a00000,0x0000005796b00000)]
  0x0000015fc13a1000 JavaThread "WorkerExecutor Queue" [_thread_blocked, id=17356, stack(0x0000005796b00000,0x0000005796c00000)]
  0x0000015fc139d800 JavaThread "WorkerExecutor Queue Thread 2" [_thread_blocked, id=8468, stack(0x0000005796c00000,0x0000005796d00000)]
  0x0000015fc13a2800 JavaThread "WorkerExecutor Queue Thread 3" [_thread_blocked, id=19224, stack(0x0000005796d00000,0x0000005796e00000)]
  0x0000015fc139e800 JavaThread "WorkerExecutor Queue Thread 4" [_thread_blocked, id=19396, stack(0x0000005796e00000,0x0000005796f00000)]
  0x0000015fc13a3800 JavaThread "WorkerExecutor Queue Thread 5" [_thread_blocked, id=9224, stack(0x0000005796f00000,0x0000005797000000)]
  0x0000015fc5cd7800 JavaThread "WorkerExecutor Queue Thread 6" [_thread_blocked, id=4132, stack(0x0000005797000000,0x0000005797100000)]
  0x0000015fc5cd8000 JavaThread "WorkerExecutor Queue Thread 7" [_thread_blocked, id=14832, stack(0x0000005797100000,0x0000005797200000)]
  0x0000015fc5cd6000 JavaThread "pool-11-thread-1" [_thread_blocked, id=8736, stack(0x0000005797200000,0x0000005797300000)]
  0x0000015fc5cd5000 JavaThread "stderr" [_thread_in_native, id=5012, stack(0x0000005797300000,0x0000005797400000)]
  0x0000015fc5cdb800 JavaThread "stdout" [_thread_in_native, id=4972, stack(0x0000005797400000,0x0000005797500000)]

Other Threads:
=>0x0000015fbab25000 VMThread "VM Thread" [stack: 0x0000005792100000,0x0000005792200000] [id=3976]
  0x0000015fbb559000 WatcherThread [stack: 0x0000005792b00000,0x0000005792c00000] [id=18244]
  0x0000015f9e728800 GCTaskThread "GC Thread#0" [stack: 0x0000005791c00000,0x0000005791d00000] [id=17996]
  0x0000015fbbeb3000 GCTaskThread "GC Thread#1" [stack: 0x0000005792c00000,0x0000005792d00000] [id=12432]
  0x0000015fbc0af800 GCTaskThread "GC Thread#2" [stack: 0x0000005792d00000,0x0000005792e00000] [id=12780]
  0x0000015fbd6de800 GCTaskThread "GC Thread#3" [stack: 0x0000005793800000,0x0000005793900000] [id=15408]
  0x0000015fbd43f000 GCTaskThread "GC Thread#4" [stack: 0x0000005793900000,0x0000005793a00000] [id=13876]
  0x0000015fbd3cf800 GCTaskThread "GC Thread#5" [stack: 0x0000005793a00000,0x0000005793b00000] [id=7124]
  0x0000015fbd60a800 GCTaskThread "GC Thread#6" [stack: 0x0000005793b00000,0x0000005793c00000] [id=8428]
  0x0000015fbd746000 GCTaskThread "GC Thread#7" [stack: 0x0000005793c00000,0x0000005793d00000] [id=5116]
  0x0000015f9e758000 ConcurrentGCThread "G1 Main Marker" [stack: 0x0000005791d00000,0x0000005791e00000] [id=16472]
  0x0000015f9e759800 ConcurrentGCThread "G1 Conc#0" [stack: 0x0000005791e00000,0x0000005791f00000] [id=18492]
  0x0000015fbdae2000 ConcurrentGCThread "G1 Conc#1" [stack: 0x0000005793f00000,0x0000005794000000] [id=14876]
  0x0000015fba960800 ConcurrentGCThread "G1 Refine#0" [stack: 0x0000005791f00000,0x0000005792000000] [id=9148]
  0x0000015fba961800 ConcurrentGCThread "G1 Young RemSet Sampling" [stack: 0x0000005792000000,0x0000005792100000] [id=11844]

Threads with active compile tasks:
C2 CompilerThread0  53237 19275   !   4       com.android.tools.r8.graph.c0::K (89 bytes)
C1 CompilerThread0  53237 19932       2       com.android.tools.r8.ir.regalloc.a::a (261 bytes)

VM state:at safepoint (normal execution)

VM Mutex/Monitor currently owned by a thread:  ([mutex/lock_event])
[0x0000015f9e70b2a0] Threads_lock - owner thread: 0x0000015fbab25000
[0x0000015f9e70cbf0] Heap_lock - owner thread: 0x0000015fc13a2800

Heap address: 0x0000000080000000, size: 2048 MB, Compressed Oops mode: 32-bit
Narrow klass base: 0x0000000000000000, Narrow klass shift: 3
Compressed class space size: 1073741824 Address: 0x0000000100000000

Heap:
 garbage-first heap   total 294912K, used 155433K [0x0000000080000000, 0x0000000100000000)
  region size 1024K, 1 young (1024K), 1 survivors (1024K)
 Metaspace       used 122100K, capacity 125807K, committed 125900K, reserved 1159168K
  class space    used 15329K, capacity 16759K, committed 16844K, reserved 1048576K
Heap Regions: E=young(eden), S=young(survivor), O=old, HS=humongous(starts), HC=humongous(continues), CS=collection set, F=free, A=archive, TAMS=top-at-mark-start (previous, next)
|   0|0x0000000080000000, 0x0000000080100000, 0x0000000080100000|100%| O|  |TAMS 0x0000000080100000, 0x0000000080000000| Untracked 
|   1|0x0000000080100000, 0x0000000080200000, 0x0000000080200000|100%| O|  |TAMS 0x0000000080200000, 0x0000000080100000| Untracked 
|   2|0x0000000080200000, 0x0000000080300000, 0x0000000080300000|100%| O|  |TAMS 0x0000000080300000, 0x0000000080200000| Untracked 
|   3|0x0000000080300000, 0x0000000080400000, 0x0000000080400000|100%|HS|  |TAMS 0x0000000080400000, 0x0000000080300000| Complete 
|   4|0x0000000080400000, 0x0000000080500000, 0x0000000080500000|100%|HC|  |TAMS 0x0000000080500000, 0x0000000080400000| Complete 
|   5|0x0000000080500000, 0x0000000080600000, 0x0000000080600000|100%|HC|  |TAMS 0x0000000080600000, 0x0000000080500000| Complete 
|   6|0x0000000080600000, 0x0000000080700000, 0x0000000080700000|100%| O|  |TAMS 0x0000000080700000, 0x0000000080600000| Untracked 
|   7|0x0000000080700000, 0x0000000080800000, 0x0000000080800000|100%| O|  |TAMS 0x0000000080800000, 0x0000000080700000| Untracked 
|   8|0x0000000080800000, 0x0000000080900000, 0x0000000080900000|100%| O|  |TAMS 0x0000000080900000, 0x0000000080800000| Untracked 
|   9|0x0000000080900000, 0x0000000080a00000, 0x0000000080a00000|100%| O|  |TAMS 0x0000000080a00000, 0x0000000080900000| Untracked 
|  10|0x0000000080a00000, 0x0000000080b00000, 0x0000000080b00000|100%| O|  |TAMS 0x0000000080b00000, 0x0000000080a00000| Untracked 
|  11|0x0000000080b00000, 0x0000000080c00000, 0x0000000080c00000|100%| O|  |TAMS 0x0000000080c00000, 0x0000000080b00000| Untracked 
|  12|0x0000000080c00000, 0x0000000080d00000, 0x0000000080d00000|100%| O|  |TAMS 0x0000000080d00000, 0x0000000080c00000| Untracked 
|  13|0x0000000080d00000, 0x0000000080e00000, 0x0000000080e00000|100%| O|  |TAMS 0x0000000080e00000, 0x0000000080d00000| Untracked 
|  14|0x0000000080e00000, 0x0000000080f00000, 0x0000000080f00000|100%| O|  |TAMS 0x0000000080f00000, 0x0000000080e00000| Untracked 
|  15|0x0000000080f00000, 0x0000000081000000, 0x0000000081000000|100%| O|  |TAMS 0x0000000081000000, 0x0000000080f00000| Untracked 
|  16|0x0000000081000000, 0x0000000081100000, 0x0000000081100000|100%|HS|  |TAMS 0x0000000081100000, 0x0000000081000000| Complete 
|  17|0x0000000081100000, 0x0000000081200000, 0x0000000081200000|100%| O|  |TAMS 0x0000000081200000, 0x0000000081100000| Untracked 
|  18|0x0000000081200000, 0x0000000081300000, 0x0000000081300000|100%| O|  |TAMS 0x0000000081300000, 0x0000000081200000| Untracked 
|  19|0x0000000081300000, 0x0000000081400000, 0x0000000081400000|100%| O|  |TAMS 0x0000000081400000, 0x0000000081300000| Untracked 
|  20|0x0000000081400000, 0x0000000081500000, 0x0000000081500000|100%| O|  |TAMS 0x0000000081500000, 0x0000000081400000| Complete 
|  21|0x0000000081500000, 0x0000000081600000, 0x0000000081600000|100%| O|  |TAMS 0x0000000081600000, 0x0000000081500000| Untracked 
|  22|0x0000000081600000, 0x0000000081700000, 0x0000000081700000|100%| O|  |TAMS 0x0000000081700000, 0x0000000081600000| Complete 
|  23|0x0000000081700000, 0x0000000081800000, 0x0000000081800000|100%|HS|  |TAMS 0x0000000081800000, 0x0000000081700000| Complete 
|  24|0x0000000081800000, 0x0000000081900000, 0x0000000081900000|100%|HS|  |TAMS 0x0000000081900000, 0x0000000081800000| Complete 
|  25|0x0000000081900000, 0x0000000081a00000, 0x0000000081a00000|100%|HS|  |TAMS 0x0000000081a00000, 0x0000000081900000| Complete 
|  26|0x0000000081a00000, 0x0000000081b00000, 0x0000000081b00000|100%|HC|  |TAMS 0x0000000081b00000, 0x0000000081a00000| Complete 
|  27|0x0000000081b00000, 0x0000000081c00000, 0x0000000081c00000|100%|HC|  |TAMS 0x0000000081c00000, 0x0000000081b00000| Complete 
|  28|0x0000000081c00000, 0x0000000081d00000, 0x0000000081d00000|100%| O|  |TAMS 0x0000000081d00000, 0x0000000081c00000| Untracked 
|  29|0x0000000081d00000, 0x0000000081e00000, 0x0000000081e00000|100%| O|  |TAMS 0x0000000081e00000, 0x0000000081d00000| Untracked 
|  30|0x0000000081e00000, 0x0000000081f00000, 0x0000000081f00000|100%| O|  |TAMS 0x0000000081f00000, 0x0000000081e00000| Untracked 
|  31|0x0000000081f00000, 0x0000000081f00000, 0x0000000082000000|  0%| F|  |TAMS 0x0000000081f00000, 0x0000000081f00000| Untracked 
|  32|0x0000000082000000, 0x0000000082100000, 0x0000000082100000|100%| O|  |TAMS 0x0000000082100000, 0x0000000082000000| Complete 
|  33|0x0000000082100000, 0x0000000082200000, 0x0000000082200000|100%|HS|  |TAMS 0x0000000082200000, 0x0000000082100000| Complete 
|  34|0x0000000082200000, 0x0000000082300000, 0x0000000082300000|100%|HC|  |TAMS 0x0000000082300000, 0x0000000082200000| Complete 
|  35|0x0000000082300000, 0x0000000082400000, 0x0000000082400000|100%| O|  |TAMS 0x0000000082400000, 0x0000000082300000| Complete 
|  36|0x0000000082400000, 0x0000000082500000, 0x0000000082500000|100%| O|  |TAMS 0x0000000082500000, 0x0000000082400000| Untracked 
|  37|0x0000000082500000, 0x0000000082600000, 0x0000000082600000|100%| O|  |TAMS 0x0000000082600000, 0x0000000082500000| Untracked 
|  38|0x0000000082600000, 0x0000000082700000, 0x0000000082700000|100%| O|  |TAMS 0x0000000082700000, 0x0000000082600000| Untracked 
|  39|0x0000000082700000, 0x0000000082800000, 0x0000000082800000|100%| O|  |TAMS 0x0000000082800000, 0x0000000082700000| Untracked 
|  40|0x0000000082800000, 0x0000000082900000, 0x0000000082900000|100%| O|  |TAMS 0x0000000082900000, 0x0000000082800000| Untracked 
|  41|0x0000000082900000, 0x0000000082a00000, 0x0000000082a00000|100%| O|  |TAMS 0x0000000082a00000, 0x0000000082900000| Untracked 
|  42|0x0000000082a00000, 0x0000000082b00000, 0x0000000082b00000|100%| O|  |TAMS 0x0000000082b00000, 0x0000000082a00000| Untracked 
|  43|0x0000000082b00000, 0x0000000082c00000, 0x0000000082c00000|100%| O|  |TAMS 0x0000000082c00000, 0x0000000082b00000| Untracked 
|  44|0x0000000082c00000, 0x0000000082d00000, 0x0000000082d00000|100%| O|  |TAMS 0x0000000082d00000, 0x0000000082c00000| Complete 
|  45|0x0000000082d00000, 0x0000000082e00000, 0x0000000082e00000|100%| O|  |TAMS 0x0000000082e00000, 0x0000000082d00000| Untracked 
|  46|0x0000000082e00000, 0x0000000082f00000, 0x0000000082f00000|100%| O|  |TAMS 0x0000000082f00000, 0x0000000082e00000| Untracked 
|  47|0x0000000082f00000, 0x0000000083000000, 0x0000000083000000|100%| O|  |TAMS 0x0000000083000000, 0x0000000082f00000| Untracked 
|  48|0x0000000083000000, 0x0000000083100000, 0x0000000083100000|100%| O|  |TAMS 0x0000000083100000, 0x0000000083000000| Complete 
|  49|0x0000000083100000, 0x0000000083200000, 0x0000000083200000|100%| O|  |TAMS 0x0000000083200000, 0x0000000083100000| Untracked 
|  50|0x0000000083200000, 0x0000000083300000, 0x0000000083300000|100%| O|  |TAMS 0x0000000083300000, 0x0000000083200000| Untracked 
|  51|0x0000000083300000, 0x0000000083400000, 0x0000000083400000|100%| O|  |TAMS 0x0000000083400000, 0x0000000083300000| Untracked 
|  52|0x0000000083400000, 0x0000000083500000, 0x0000000083500000|100%| O|  |TAMS 0x0000000083500000, 0x0000000083400000| Untracked 
|  53|0x0000000083500000, 0x0000000083600000, 0x0000000083600000|100%| O|  |TAMS 0x0000000083600000, 0x0000000083500000| Untracked 
|  54|0x0000000083600000, 0x0000000083700000, 0x0000000083700000|100%| O|  |TAMS 0x0000000083700000, 0x0000000083600000| Complete 
|  55|0x0000000083700000, 0x0000000083800000, 0x0000000083800000|100%| O|  |TAMS 0x0000000083800000, 0x0000000083700000| Untracked 
|  56|0x0000000083800000, 0x0000000083900000, 0x0000000083900000|100%| O|  |TAMS 0x0000000083900000, 0x0000000083800000| Untracked 
|  57|0x0000000083900000, 0x0000000083a00000, 0x0000000083a00000|100%| O|  |TAMS 0x0000000083a00000, 0x0000000083900000| Complete 
|  58|0x0000000083a00000, 0x0000000083b00000, 0x0000000083b00000|100%| O|  |TAMS 0x0000000083b00000, 0x0000000083a00000| Complete 
|  59|0x0000000083b00000, 0x0000000083b00000, 0x0000000083c00000|  0%| F|  |TAMS 0x0000000083b00000, 0x0000000083b00000| Untracked 
|  60|0x0000000083c00000, 0x0000000083d00000, 0x0000000083d00000|100%| O|  |TAMS 0x0000000083d00000, 0x0000000083c00000| Complete 
|  61|0x0000000083d00000, 0x0000000083e00000, 0x0000000083e00000|100%| O|  |TAMS 0x0000000083e00000, 0x0000000083d00000| Untracked 
|  62|0x0000000083e00000, 0x0000000083f00000, 0x0000000083f00000|100%| O|  |TAMS 0x0000000083f00000, 0x0000000083e00000| Complete 
|  63|0x0000000083f00000, 0x0000000084000000, 0x0000000084000000|100%| O|  |TAMS 0x0000000084000000, 0x0000000083f00000| Complete 
|  64|0x0000000084000000, 0x0000000084100000, 0x0000000084100000|100%| O|  |TAMS 0x0000000084100000, 0x0000000084000000| Untracked 
|  65|0x0000000084100000, 0x0000000084100000, 0x0000000084200000|  0%| F|  |TAMS 0x0000000084100000, 0x0000000084100000| Untracked 
|  66|0x0000000084200000, 0x0000000084300000, 0x0000000084300000|100%| O|  |TAMS 0x0000000084300000, 0x0000000084200000| Untracked 
|  67|0x0000000084300000, 0x0000000084300000, 0x0000000084400000|  0%| F|  |TAMS 0x0000000084300000, 0x0000000084300000| Untracked 
|  68|0x0000000084400000, 0x0000000084500000, 0x0000000084500000|100%| O|  |TAMS 0x0000000084500000, 0x0000000084400000| Complete 
|  69|0x0000000084500000, 0x0000000084600000, 0x0000000084600000|100%| O|  |TAMS 0x0000000084600000, 0x0000000084500000| Complete 
|  70|0x0000000084600000, 0x0000000084600000, 0x0000000084700000|  0%| F|  |TAMS 0x0000000084600000, 0x0000000084600000| Untracked 
|  71|0x0000000084700000, 0x0000000084700000, 0x0000000084800000|  0%| F|  |TAMS 0x0000000084700000, 0x0000000084700000| Untracked 
|  72|0x0000000084800000, 0x0000000084900000, 0x0000000084900000|100%| O|  |TAMS 0x0000000084900000, 0x0000000084800000| Untracked 
|  73|0x0000000084900000, 0x0000000084a00000, 0x0000000084a00000|100%| O|  |TAMS 0x0000000084a00000, 0x0000000084900000| Untracked 
|  74|0x0000000084a00000, 0x0000000084b00000, 0x0000000084b00000|100%| O|  |TAMS 0x0000000084b00000, 0x0000000084a00000| Complete 
|  75|0x0000000084b00000, 0x0000000084c00000, 0x0000000084c00000|100%| O|  |TAMS 0x0000000084c00000, 0x0000000084b00000| Complete 
|  76|0x0000000084c00000, 0x0000000084d00000, 0x0000000084d00000|100%| O|  |TAMS 0x0000000084d00000, 0x0000000084c00000| Complete 
|  77|0x0000000084d00000, 0x0000000084e00000, 0x0000000084e00000|100%| O|  |TAMS 0x0000000084e00000, 0x0000000084d00000| Complete 
|  78|0x0000000084e00000, 0x0000000084f00000, 0x0000000084f00000|100%| O|  |TAMS 0x0000000084f00000, 0x0000000084e00000| Untracked 
|  79|0x0000000084f00000, 0x0000000085000000, 0x0000000085000000|100%| O|  |TAMS 0x0000000085000000, 0x0000000084f00000| Untracked 
|  80|0x0000000085000000, 0x0000000085100000, 0x0000000085100000|100%| O|  |TAMS 0x0000000085100000, 0x0000000085000000| Untracked 
|  81|0x0000000085100000, 0x0000000085200000, 0x0000000085200000|100%| O|  |TAMS 0x0000000085200000, 0x0000000085100000| Complete 
|  82|0x0000000085200000, 0x0000000085300000, 0x0000000085300000|100%| O|  |TAMS 0x0000000085300000, 0x0000000085200000| Complete 
|  83|0x0000000085300000, 0x0000000085400000, 0x0000000085400000|100%| O|  |TAMS 0x0000000085400000, 0x0000000085300000| Complete 
|  84|0x0000000085400000, 0x0000000085500000, 0x0000000085500000|100%| O|  |TAMS 0x0000000085500000, 0x0000000085400000| Untracked 
|  85|0x0000000085500000, 0x0000000085600000, 0x0000000085600000|100%| O|  |TAMS 0x0000000085600000, 0x0000000085500000| Untracked 
|  86|0x0000000085600000, 0x0000000085700000, 0x0000000085700000|100%| O|  |TAMS 0x0000000085700000, 0x0000000085600000| Untracked 
|  87|0x0000000085700000, 0x0000000085800000, 0x0000000085800000|100%| O|  |TAMS 0x0000000085800000, 0x0000000085700000| Untracked 
|  88|0x0000000085800000, 0x0000000085900000, 0x0000000085900000|100%| O|  |TAMS 0x0000000085900000, 0x0000000085800000| Complete 
|  89|0x0000000085900000, 0x0000000085a00000, 0x0000000085a00000|100%| O|  |TAMS 0x0000000085a00000, 0x0000000085900000| Complete 
|  90|0x0000000085a00000, 0x0000000085b00000, 0x0000000085b00000|100%| O|  |TAMS 0x0000000085b00000, 0x0000000085a00000| Untracked 
|  91|0x0000000085b00000, 0x0000000085c00000, 0x0000000085c00000|100%| O|  |TAMS 0x0000000085c00000, 0x0000000085b00000| Untracked 
|  92|0x0000000085c00000, 0x0000000085d00000, 0x0000000085d00000|100%| O|  |TAMS 0x0000000085d00000, 0x0000000085c00000| Complete 
|  93|0x0000000085d00000, 0x0000000085e00000, 0x0000000085e00000|100%| O|  |TAMS 0x0000000085e00000, 0x0000000085d00000| Complete 
|  94|0x0000000085e00000, 0x0000000085f00000, 0x0000000085f00000|100%| O|  |TAMS 0x0000000085f00000, 0x0000000085e00000| Untracked 
|  95|0x0000000085f00000, 0x0000000086000000, 0x0000000086000000|100%| O|  |TAMS 0x0000000086000000, 0x0000000085f00000| Untracked 
|  96|0x0000000086000000, 0x0000000086100000, 0x0000000086100000|100%| O|  |TAMS 0x0000000086100000, 0x0000000086000000| Complete 
|  97|0x0000000086100000, 0x0000000086200000, 0x0000000086200000|100%| O|  |TAMS 0x0000000086200000, 0x0000000086100000| Complete 
|  98|0x0000000086200000, 0x0000000086300000, 0x0000000086300000|100%| O|  |TAMS 0x0000000086300000, 0x0000000086200000| Untracked 
|  99|0x0000000086300000, 0x0000000086400000, 0x0000000086400000|100%| O|  |TAMS 0x0000000086400000, 0x0000000086300000| Untracked 
| 100|0x0000000086400000, 0x0000000086500000, 0x0000000086500000|100%| O|  |TAMS 0x0000000086500000, 0x0000000086400000| Untracked 
| 101|0x0000000086500000, 0x0000000086600000, 0x0000000086600000|100%| O|  |TAMS 0x0000000086600000, 0x0000000086500000| Complete 
| 102|0x0000000086600000, 0x0000000086700000, 0x0000000086700000|100%| O|  |TAMS 0x0000000086700000, 0x0000000086600000| Untracked 
| 103|0x0000000086700000, 0x0000000086800000, 0x0000000086800000|100%| O|  |TAMS 0x0000000086800000, 0x0000000086700000| Untracked 
| 104|0x0000000086800000, 0x0000000086900000, 0x0000000086900000|100%| O|  |TAMS 0x0000000086900000, 0x0000000086800000| Untracked 
| 105|0x0000000086900000, 0x0000000086a00000, 0x0000000086a00000|100%| O|  |TAMS 0x0000000086a00000, 0x0000000086900000| Untracked 
| 106|0x0000000086a00000, 0x0000000086b00000, 0x0000000086b00000|100%| O|  |TAMS 0x0000000086b00000, 0x0000000086a00000| Complete 
| 107|0x0000000086b00000, 0x0000000086b00000, 0x0000000086c00000|  0%| F|  |TAMS 0x0000000086b00000, 0x0000000086b00000| Untracked 
| 108|0x0000000086c00000, 0x0000000086d00000, 0x0000000086d00000|100%| O|  |TAMS 0x0000000086d00000, 0x0000000086c00000| Untracked 
| 109|0x0000000086d00000, 0x0000000086e00000, 0x0000000086e00000|100%|HS|  |TAMS 0x0000000086e00000, 0x0000000086d00000| Complete 
| 110|0x0000000086e00000, 0x0000000086f00000, 0x0000000086f00000|100%|HC|  |TAMS 0x0000000086f00000, 0x0000000086e00000| Complete 
| 111|0x0000000086f00000, 0x0000000087000000, 0x0000000087000000|100%| O|  |TAMS 0x0000000087000000, 0x0000000086f00000| Untracked 
| 112|0x0000000087000000, 0x0000000087100000, 0x0000000087100000|100%| O|  |TAMS 0x0000000087100000, 0x0000000087000000| Complete 
| 113|0x0000000087100000, 0x0000000087200000, 0x0000000087200000|100%| O|  |TAMS 0x0000000087200000, 0x0000000087100000| Complete 
| 114|0x0000000087200000, 0x0000000087300000, 0x0000000087300000|100%| O|  |TAMS 0x0000000087300000, 0x0000000087200000| Complete 
| 115|0x0000000087300000, 0x0000000087400000, 0x0000000087400000|100%| O|  |TAMS 0x0000000087400000, 0x0000000087300000| Untracked 
| 116|0x0000000087400000, 0x0000000087500000, 0x0000000087500000|100%| O|  |TAMS 0x0000000087500000, 0x0000000087400000| Untracked 
| 117|0x0000000087500000, 0x0000000087600000, 0x0000000087600000|100%| O|  |TAMS 0x0000000087600000, 0x0000000087500000| Untracked 
| 118|0x0000000087600000, 0x0000000087700000, 0x0000000087700000|100%| O|  |TAMS 0x0000000087700000, 0x0000000087600000| Untracked 
| 119|0x0000000087700000, 0x0000000087800000, 0x0000000087800000|100%| O|  |TAMS 0x0000000087800000, 0x0000000087700000| Untracked 
| 120|0x0000000087800000, 0x0000000087900000, 0x0000000087900000|100%| O|  |TAMS 0x0000000087900000, 0x0000000087800000| Untracked 
| 121|0x0000000087900000, 0x0000000087900000, 0x0000000087a00000|  0%| F|  |TAMS 0x0000000087900000, 0x0000000087900000| Untracked 
| 122|0x0000000087a00000, 0x0000000087b00000, 0x0000000087b00000|100%| O|  |TAMS 0x0000000087b00000, 0x0000000087a00000| Untracked 
| 123|0x0000000087b00000, 0x0000000087c00000, 0x0000000087c00000|100%| O|  |TAMS 0x0000000087c00000, 0x0000000087b00000| Untracked 
| 124|0x0000000087c00000, 0x0000000087d00000, 0x0000000087d00000|100%| O|  |TAMS 0x0000000087d00000, 0x0000000087c00000| Untracked 
| 125|0x0000000087d00000, 0x0000000087e00000, 0x0000000087e00000|100%| O|  |TAMS 0x0000000087e00000, 0x0000000087d00000| Untracked 
| 126|0x0000000087e00000, 0x0000000087f00000, 0x0000000087f00000|100%| O|  |TAMS 0x0000000087f00000, 0x0000000087e00000| Complete 
| 127|0x0000000087f00000, 0x0000000088000000, 0x0000000088000000|100%| O|  |TAMS 0x0000000088000000, 0x0000000087f00000| Untracked 
| 128|0x0000000088000000, 0x0000000088100000, 0x0000000088100000|100%| O|  |TAMS 0x0000000088100000, 0x0000000088000000| Untracked 
| 129|0x0000000088100000, 0x0000000088200000, 0x0000000088200000|100%| O|  |TAMS 0x0000000088200000, 0x0000000088100000| Untracked 
| 130|0x0000000088200000, 0x0000000088300000, 0x0000000088300000|100%| O|  |TAMS 0x0000000088300000, 0x0000000088200000| Untracked 
| 131|0x0000000088300000, 0x0000000088400000, 0x0000000088400000|100%| O|  |TAMS 0x0000000088400000, 0x0000000088300000| Untracked 
| 132|0x0000000088400000, 0x0000000088500000, 0x0000000088500000|100%| O|  |TAMS 0x0000000088500000, 0x0000000088400000| Untracked 
| 133|0x0000000088500000, 0x0000000088600000, 0x0000000088600000|100%| O|  |TAMS 0x0000000088600000, 0x0000000088500000| Untracked 
| 134|0x0000000088600000, 0x0000000088700000, 0x0000000088700000|100%| O|  |TAMS 0x0000000088700000, 0x0000000088600000| Untracked 
| 135|0x0000000088700000, 0x0000000088800000, 0x0000000088800000|100%| O|  |TAMS 0x0000000088800000, 0x0000000088700000| Untracked 
| 136|0x0000000088800000, 0x0000000088900000, 0x0000000088900000|100%| O|  |TAMS 0x00000000888d0000, 0x0000000088800000| Untracked 
| 137|0x0000000088900000, 0x0000000088a00000, 0x0000000088a00000|100%| O|  |TAMS 0x0000000088a00000, 0x0000000088900000| Complete 
| 138|0x0000000088a00000, 0x0000000088b00000, 0x0000000088b00000|100%| O|  |TAMS 0x0000000088b00000, 0x0000000088a00000| Untracked 
| 139|0x0000000088b00000, 0x0000000088c00000, 0x0000000088c00000|100%| O|  |TAMS 0x0000000088c00000, 0x0000000088b00000| Complete 
| 140|0x0000000088c00000, 0x0000000088d00000, 0x0000000088d00000|100%| O|  |TAMS 0x0000000088d00000, 0x0000000088c00000| Untracked 
| 141|0x0000000088d00000, 0x0000000088e00000, 0x0000000088e00000|100%| O|  |TAMS 0x0000000088e00000, 0x0000000088d00000| Untracked 
| 142|0x0000000088e00000, 0x0000000088f00000, 0x0000000088f00000|100%| O|  |TAMS 0x0000000088f00000, 0x0000000088e00000| Untracked 
| 143|0x0000000088f00000, 0x0000000089000000, 0x0000000089000000|100%| O|  |TAMS 0x0000000089000000, 0x0000000088f00000| Complete 
| 144|0x0000000089000000, 0x0000000089100000, 0x0000000089100000|100%| O|  |TAMS 0x0000000089000000, 0x0000000089000000| Untracked 
| 145|0x0000000089100000, 0x0000000089200000, 0x0000000089200000|100%| O|  |TAMS 0x0000000089100000, 0x0000000089100000| Untracked 
| 146|0x0000000089200000, 0x0000000089300000, 0x0000000089300000|100%| O|  |TAMS 0x0000000089200000, 0x0000000089200000| Untracked 
| 147|0x0000000089300000, 0x0000000089400000, 0x0000000089400000|100%| O|  |TAMS 0x0000000089300000, 0x0000000089300000| Untracked 
| 148|0x0000000089400000, 0x0000000089500000, 0x0000000089500000|100%| O|  |TAMS 0x0000000089400000, 0x0000000089400000| Untracked 
| 149|0x0000000089500000, 0x0000000089600000, 0x0000000089600000|100%| O|  |TAMS 0x0000000089500000, 0x0000000089500000| Untracked 
| 150|0x0000000089600000, 0x0000000089700000, 0x0000000089700000|100%| O|  |TAMS 0x0000000089600000, 0x0000000089600000| Untracked 
| 151|0x0000000089700000, 0x0000000089800000, 0x0000000089800000|100%| O|  |TAMS 0x0000000089700000, 0x0000000089700000| Untracked 
| 152|0x0000000089800000, 0x0000000089900000, 0x0000000089900000|100%| O|  |TAMS 0x0000000089800000, 0x0000000089800000| Untracked 
| 153|0x0000000089900000, 0x0000000089a00000, 0x0000000089a00000|100%| O|  |TAMS 0x0000000089900000, 0x0000000089900000| Untracked 
| 154|0x0000000089a00000, 0x0000000089b00000, 0x0000000089b00000|100%| O|  |TAMS 0x0000000089a00000, 0x0000000089a00000| Untracked 
| 155|0x0000000089b00000, 0x0000000089c00000, 0x0000000089c00000|100%| O|  |TAMS 0x0000000089b00000, 0x0000000089b00000| Untracked 
| 156|0x0000000089c00000, 0x0000000089d00000, 0x0000000089d00000|100%| O|  |TAMS 0x0000000089c00000, 0x0000000089c00000| Untracked 
| 157|0x0000000089d00000, 0x0000000089e00000, 0x0000000089e00000|100%| O|  |TAMS 0x0000000089d00000, 0x0000000089d00000| Untracked 
| 158|0x0000000089e00000, 0x0000000089eea000, 0x0000000089f00000| 91%| O|  |TAMS 0x0000000089e00000, 0x0000000089e00000| Untracked 
| 159|0x0000000089f00000, 0x0000000089f00000, 0x000000008a000000|  0%| F|  |TAMS 0x0000000089f00000, 0x0000000089f00000| Untracked 
| 160|0x000000008a000000, 0x000000008a000000, 0x000000008a100000|  0%| F|  |TAMS 0x000000008a000000, 0x000000008a000000| Untracked 
| 161|0x000000008a100000, 0x000000008a100000, 0x000000008a200000|  0%| F|  |TAMS 0x000000008a100000, 0x000000008a100000| Untracked 
| 162|0x000000008a200000, 0x000000008a200000, 0x000000008a300000|  0%| F|  |TAMS 0x000000008a200000, 0x000000008a200000| Untracked 
| 163|0x000000008a300000, 0x000000008a300000, 0x000000008a400000|  0%| F|  |TAMS 0x000000008a300000, 0x000000008a300000| Untracked 
| 164|0x000000008a400000, 0x000000008a400000, 0x000000008a500000|  0%| F|  |TAMS 0x000000008a400000, 0x000000008a400000| Untracked 
| 165|0x000000008a500000, 0x000000008a500000, 0x000000008a600000|  0%| F|  |TAMS 0x000000008a500000, 0x000000008a500000| Untracked 
| 166|0x000000008a600000, 0x000000008a600000, 0x000000008a700000|  0%| F|  |TAMS 0x000000008a600000, 0x000000008a600000| Untracked 
| 167|0x000000008a700000, 0x000000008a700000, 0x000000008a800000|  0%| F|  |TAMS 0x000000008a700000, 0x000000008a700000| Untracked 
| 168|0x000000008a800000, 0x000000008a800000, 0x000000008a900000|  0%| F|  |TAMS 0x000000008a800000, 0x000000008a800000| Untracked 
| 169|0x000000008a900000, 0x000000008a900000, 0x000000008aa00000|  0%| F|  |TAMS 0x000000008a900000, 0x000000008a900000| Untracked 
| 170|0x000000008aa00000, 0x000000008aa00000, 0x000000008ab00000|  0%| F|  |TAMS 0x000000008aa00000, 0x000000008aa00000| Untracked 
| 171|0x000000008ab00000, 0x000000008ab00000, 0x000000008ac00000|  0%| F|  |TAMS 0x000000008ab00000, 0x000000008ab00000| Untracked 
| 172|0x000000008ac00000, 0x000000008ac00000, 0x000000008ad00000|  0%| F|  |TAMS 0x000000008ac00000, 0x000000008ac00000| Untracked 
| 173|0x000000008ad00000, 0x000000008ad00000, 0x000000008ae00000|  0%| F|  |TAMS 0x000000008ad00000, 0x000000008ad00000| Untracked 
| 174|0x000000008ae00000, 0x000000008ae00000, 0x000000008af00000|  0%| F|  |TAMS 0x000000008ae00000, 0x000000008ae00000| Untracked 
| 175|0x000000008af00000, 0x000000008af00000, 0x000000008b000000|  0%| F|  |TAMS 0x000000008af00000, 0x000000008af00000| Untracked 
| 176|0x000000008b000000, 0x000000008b000000, 0x000000008b100000|  0%| F|  |TAMS 0x000000008b000000, 0x000000008b000000| Untracked 
| 177|0x000000008b100000, 0x000000008b100000, 0x000000008b200000|  0%| F|  |TAMS 0x000000008b100000, 0x000000008b100000| Untracked 
| 178|0x000000008b200000, 0x000000008b200000, 0x000000008b300000|  0%| F|  |TAMS 0x000000008b200000, 0x000000008b200000| Untracked 
| 179|0x000000008b300000, 0x000000008b300000, 0x000000008b400000|  0%| F|  |TAMS 0x000000008b300000, 0x000000008b300000| Untracked 
| 180|0x000000008b400000, 0x000000008b400000, 0x000000008b500000|  0%| F|  |TAMS 0x000000008b400000, 0x000000008b400000| Untracked 
| 181|0x000000008b500000, 0x000000008b500000, 0x000000008b600000|  0%| F|  |TAMS 0x000000008b500000, 0x000000008b500000| Untracked 
| 182|0x000000008b600000, 0x000000008b600000, 0x000000008b700000|  0%| F|  |TAMS 0x000000008b600000, 0x000000008b600000| Untracked 
| 183|0x000000008b700000, 0x000000008b700000, 0x000000008b800000|  0%| F|  |TAMS 0x000000008b700000, 0x000000008b700000| Untracked 
| 184|0x000000008b800000, 0x000000008b800000, 0x000000008b900000|  0%| F|  |TAMS 0x000000008b800000, 0x000000008b800000| Untracked 
| 185|0x000000008b900000, 0x000000008b900000, 0x000000008ba00000|  0%| F|  |TAMS 0x000000008b900000, 0x000000008b900000| Untracked 
| 186|0x000000008ba00000, 0x000000008ba00000, 0x000000008bb00000|  0%| F|  |TAMS 0x000000008ba00000, 0x000000008ba00000| Untracked 
| 187|0x000000008bb00000, 0x000000008bb00000, 0x000000008bc00000|  0%| F|  |TAMS 0x000000008bb00000, 0x000000008bb00000| Untracked 
| 188|0x000000008bc00000, 0x000000008bc00000, 0x000000008bd00000|  0%| F|  |TAMS 0x000000008bc00000, 0x000000008bc00000| Untracked 
| 189|0x000000008bd00000, 0x000000008bd00000, 0x000000008be00000|  0%| F|  |TAMS 0x000000008bd00000, 0x000000008bd00000| Untracked 
| 190|0x000000008be00000, 0x000000008be00000, 0x000000008bf00000|  0%| F|  |TAMS 0x000000008be00000, 0x000000008be00000| Untracked 
| 191|0x000000008bf00000, 0x000000008bf00000, 0x000000008c000000|  0%| F|  |TAMS 0x000000008bf00000, 0x000000008bf00000| Untracked 
| 192|0x000000008c000000, 0x000000008c000000, 0x000000008c100000|  0%| F|  |TAMS 0x000000008c000000, 0x000000008c000000| Untracked 
| 193|0x000000008c100000, 0x000000008c100000, 0x000000008c200000|  0%| F|  |TAMS 0x000000008c100000, 0x000000008c100000| Untracked 
| 194|0x000000008c200000, 0x000000008c200000, 0x000000008c300000|  0%| F|  |TAMS 0x000000008c200000, 0x000000008c200000| Untracked 
| 195|0x000000008c300000, 0x000000008c300000, 0x000000008c400000|  0%| F|  |TAMS 0x000000008c300000, 0x000000008c300000| Untracked 
| 196|0x000000008c400000, 0x000000008c400000, 0x000000008c500000|  0%| F|  |TAMS 0x000000008c400000, 0x000000008c400000| Untracked 
| 197|0x000000008c500000, 0x000000008c500000, 0x000000008c600000|  0%| F|  |TAMS 0x000000008c500000, 0x000000008c500000| Untracked 
| 198|0x000000008c600000, 0x000000008c600000, 0x000000008c700000|  0%| F|  |TAMS 0x000000008c600000, 0x000000008c600000| Untracked 
| 199|0x000000008c700000, 0x000000008c700000, 0x000000008c800000|  0%| F|  |TAMS 0x000000008c700000, 0x000000008c700000| Untracked 
| 200|0x000000008c800000, 0x000000008c800000, 0x000000008c900000|  0%| F|  |TAMS 0x000000008c800000, 0x000000008c800000| Untracked 
| 201|0x000000008c900000, 0x000000008c900000, 0x000000008ca00000|  0%| F|  |TAMS 0x000000008c900000, 0x000000008c900000| Untracked 
| 202|0x000000008ca00000, 0x000000008ca00000, 0x000000008cb00000|  0%| F|  |TAMS 0x000000008ca00000, 0x000000008ca00000| Untracked 
| 203|0x000000008cb00000, 0x000000008cb00000, 0x000000008cc00000|  0%| F|  |TAMS 0x000000008cb00000, 0x000000008cb00000| Untracked 
| 204|0x000000008cc00000, 0x000000008cc00000, 0x000000008cd00000|  0%| F|  |TAMS 0x000000008cc00000, 0x000000008cc00000| Untracked 
| 205|0x000000008cd00000, 0x000000008cd00000, 0x000000008ce00000|  0%| F|  |TAMS 0x000000008cd00000, 0x000000008cd00000| Untracked 
| 206|0x000000008ce00000, 0x000000008ce00000, 0x000000008cf00000|  0%| F|  |TAMS 0x000000008ce00000, 0x000000008ce00000| Untracked 
| 207|0x000000008cf00000, 0x000000008cf00000, 0x000000008d000000|  0%| F|  |TAMS 0x000000008cf00000, 0x000000008cf00000| Untracked 
| 208|0x000000008d000000, 0x000000008d000000, 0x000000008d100000|  0%| F|  |TAMS 0x000000008d000000, 0x000000008d000000| Untracked 
| 209|0x000000008d100000, 0x000000008d100000, 0x000000008d200000|  0%| F|  |TAMS 0x000000008d100000, 0x000000008d100000| Untracked 
| 210|0x000000008d200000, 0x000000008d200000, 0x000000008d300000|  0%| F|  |TAMS 0x000000008d200000, 0x000000008d200000| Untracked 
| 211|0x000000008d300000, 0x000000008d300000, 0x000000008d400000|  0%| F|  |TAMS 0x000000008d300000, 0x000000008d300000| Untracked 
| 212|0x000000008d400000, 0x000000008d4e07d8, 0x000000008d500000| 87%| S|CS|TAMS 0x000000008d400000, 0x000000008d400000| Complete 
| 213|0x000000008d500000, 0x000000008d500000, 0x000000008d600000|  0%| F|  |TAMS 0x000000008d500000, 0x000000008d500000| Untracked 
| 214|0x000000008d600000, 0x000000008d600000, 0x000000008d700000|  0%| F|  |TAMS 0x000000008d600000, 0x000000008d600000| Untracked 
| 215|0x000000008d700000, 0x000000008d700000, 0x000000008d800000|  0%| F|  |TAMS 0x000000008d700000, 0x000000008d700000| Untracked 
| 216|0x000000008d800000, 0x000000008d800000, 0x000000008d900000|  0%| F|  |TAMS 0x000000008d800000, 0x000000008d800000| Untracked 
| 217|0x000000008d900000, 0x000000008d900000, 0x000000008da00000|  0%| F|  |TAMS 0x000000008d900000, 0x000000008d900000| Untracked 
| 218|0x000000008da00000, 0x000000008da00000, 0x000000008db00000|  0%| F|  |TAMS 0x000000008da00000, 0x000000008da00000| Untracked 
| 219|0x000000008db00000, 0x000000008db00000, 0x000000008dc00000|  0%| F|  |TAMS 0x000000008db00000, 0x000000008db00000| Untracked 

Card table byte_map: [0x0000015fb3830000,0x0000015fb3c30000] _byte_map_base: 0x0000015fb3430000

Marking Bits (Prev, Next): (CMBitMap*) 0x0000015f9e74f310, (CMBitMap*) 0x0000015f9e74f2d8
 Prev Bits: [0x0000015fb6030000, 0x0000015fb8030000)
 Next Bits: [0x0000015fb4030000, 0x0000015fb6030000)

Polling page: 0x0000015f9e7e0000

Metaspace:

Usage:
  Non-class:    106.49 MB capacity,   104.27 MB ( 98%) used,     1.82 MB (  2%) free+waste,   409.63 KB ( <1%) overhead. 
      Class:     16.37 MB capacity,    14.97 MB ( 91%) used,     1.21 MB (  7%) free+waste,   188.00 KB (  1%) overhead. 
       Both:    122.86 MB capacity,   119.24 MB ( 97%) used,     3.04 MB (  2%) free+waste,   597.63 KB ( <1%) overhead. 

Virtual space:
  Non-class space:      108.00 MB reserved,     106.50 MB ( 99%) committed 
      Class space:        1.00 GB reserved,      16.45 MB (  2%) committed 
             Both:        1.11 GB reserved,     122.95 MB ( 11%) committed 

Chunk freelists:
   Non-Class:  8.00 KB
       Class:  9.00 KB
        Both:  17.00 KB

MaxMetaspaceSize: 17179869184.00 GB
CompressedClassSpaceSize: 1.00 GB

CodeHeap 'non-profiled nmethods': size=120000Kb used=6901Kb max_used=6901Kb free=113099Kb
 bounds [0x0000015fab490000, 0x0000015fabb50000, 0x0000015fb29c0000]
CodeHeap 'profiled nmethods': size=120000Kb used=35503Kb max_used=35503Kb free=84496Kb
 bounds [0x0000015fa3f60000, 0x0000015fa6210000, 0x0000015fab490000]
CodeHeap 'non-nmethods': size=5760Kb used=2343Kb max_used=2382Kb free=3416Kb
 bounds [0x0000015fa39c0000, 0x0000015fa3c30000, 0x0000015fa3f60000]
 total_blobs=19770 nmethods=18810 adapters=870
 compilation: enabled
              stopped_count=0, restarted_count=0
 full_count=0

Compilation events (20 events):
Event: 53.135 Thread 0x0000015fbb3b8000 nmethod 19908 0x0000015fa6205690 code [0x0000015fa6205840, 0x0000015fa6205938]
Event: 53.135 Thread 0x0000015fbb3b8000 19909       2       com.android.tools.r8.graph.a0$$Lambda$1607/0x0000000100eda840::a (5 bytes)
Event: 53.136 Thread 0x0000015fbb3b8000 nmethod 19909 0x0000015fa6205a10 code [0x0000015fa6205c00, 0x0000015fa6205e28]
Event: 53.136 Thread 0x0000015fbb3b8000 19920 % !   3       com.android.tools.r8.graph.c0::J @ 71 (125 bytes)
Event: 53.140 Thread 0x0000015fbb3b8000 nmethod 19920% 0x0000015fa6205f90 code [0x0000015fa62063e0, 0x0000015fa6208458]
Event: 53.140 Thread 0x0000015fbb3b8000 19923       2       com.android.tools.r8.ir.regalloc.b::r (8 bytes)
Event: 53.140 Thread 0x0000015fbb3b8000 nmethod 19923 0x0000015fa6209310 code [0x0000015fa62094c0, 0x0000015fa62095e8]
Event: 53.140 Thread 0x0000015fbb3b8000 19910       2       com.android.tools.r8.internal.g8::b (50 bytes)
Event: 53.141 Thread 0x0000015fbb3b8000 nmethod 19910 0x0000015fa6209690 code [0x0000015fa6209860, 0x0000015fa6209ac8]
Event: 53.141 Thread 0x0000015fbb3b8000 19911       2       com.android.tools.r8.graph.a0::a (27 bytes)
Event: 53.141 Thread 0x0000015fbb3b8000 nmethod 19911 0x0000015fa6209c90 code [0x0000015fa6209e80, 0x0000015fa620a068]
Event: 53.141 Thread 0x0000015fbb3b8000 19928       2       com.android.tools.r8.internal.Le::c (163 bytes)
Event: 53.142 Thread 0x0000015fbb3b8000 nmethod 19928 0x0000015fa620a210 code [0x0000015fa620a440, 0x0000015fa620a868]
Event: 53.143 Thread 0x0000015fbb3b8000 19912       2       com.android.tools.r8.graph.e0::j (6 bytes)
Event: 53.143 Thread 0x0000015fbb3b8000 nmethod 19912 0x0000015fa620ac10 code [0x0000015fa620adc0, 0x0000015fa620aeb8]
Event: 53.143 Thread 0x0000015fbb3b8000 19929       2       com.android.tools.r8.internal.Wi::l2 (44 bytes)
Event: 53.143 Thread 0x0000015fbb3b8000 nmethod 19929 0x0000015fa620af90 code [0x0000015fa620b180, 0x0000015fa620b3d8]
Event: 53.143 Thread 0x0000015fbb3b8000 19904       2       com.android.tools.r8.internal.VG::a (91 bytes)
Event: 53.146 Thread 0x0000015fbb3b8000 nmethod 19904 0x0000015fa620b590 code [0x0000015fa620b7c0, 0x0000015fa620bcb8]
Event: 53.147 Thread 0x0000015fbb3b8000 19932       2       com.android.tools.r8.ir.regalloc.a::a (261 bytes)

GC Heap History (20 events):
Event: 49.413 GC heap after
{Heap after GC invocations=53 (full 0):
 garbage-first heap   total 225280K, used 122723K [0x0000000080000000, 0x0000000100000000)
  region size 1024K, 2 young (2048K), 2 survivors (2048K)
 Metaspace       used 111232K, capacity 114268K, committed 114380K, reserved 1148928K
  class space    used 13658K, capacity 14778K, committed 14796K, reserved 1048576K
}
Event: 49.530 GC heap before
{Heap before GC invocations=53 (full 0):
 garbage-first heap   total 225280K, used 130915K [0x0000000080000000, 0x0000000100000000)
  region size 1024K, 11 young (11264K), 2 survivors (2048K)
 Metaspace       used 111293K, capacity 114349K, committed 114380K, reserved 1148928K
  class space    used 13660K, capacity 14781K, committed 14796K, reserved 1048576K
}
Event: 49.550 GC heap after
{Heap after GC invocations=54 (full 0):
 garbage-first heap   total 225280K, used 124188K [0x0000000080000000, 0x0000000100000000)
  region size 1024K, 2 young (2048K), 2 survivors (2048K)
 Metaspace       used 111293K, capacity 114349K, committed 114380K, reserved 1148928K
  class space    used 13660K, capacity 14781K, committed 14796K, reserved 1048576K
}
Event: 50.106 GC heap before
{Heap before GC invocations=54 (full 0):
 garbage-first heap   total 225280K, used 180508K [0x0000000080000000, 0x0000000100000000)
  region size 1024K, 57 young (58368K), 2 survivors (2048K)
 Metaspace       used 111699K, capacity 114897K, committed 115020K, reserved 1148928K
  class space    used 13703K, capacity 14852K, committed 14924K, reserved 1048576K
}
Event: 50.124 GC heap after
{Heap after GC invocations=55 (full 0):
 garbage-first heap   total 225280K, used 130195K [0x0000000080000000, 0x0000000100000000)
  region size 1024K, 8 young (8192K), 8 survivors (8192K)
 Metaspace       used 111699K, capacity 114897K, committed 115020K, reserved 1148928K
  class space    used 13703K, capacity 14852K, committed 14924K, reserved 1048576K
}
Event: 50.693 GC heap before
{Heap before GC invocations=55 (full 0):
 garbage-first heap   total 225280K, used 171155K [0x0000000080000000, 0x0000000100000000)
  region size 1024K, 50 young (51200K), 8 survivors (8192K)
 Metaspace       used 112022K, capacity 115184K, committed 115276K, reserved 1148928K
  class space    used 13723K, capacity 14898K, committed 14924K, reserved 1048576K
}
Event: 50.720 GC heap after
{Heap after GC invocations=56 (full 0):
 garbage-first heap   total 225280K, used 132809K [0x0000000080000000, 0x0000000100000000)
  region size 1024K, 3 young (3072K), 3 survivors (3072K)
 Metaspace       used 112022K, capacity 115184K, committed 115276K, reserved 1148928K
  class space    used 13723K, capacity 14898K, committed 14924K, reserved 1048576K
}
Event: 51.233 GC heap before
{Heap before GC invocations=57 (full 0):
 garbage-first heap   total 225280K, used 188105K [0x0000000080000000, 0x0000000100000000)
  region size 1024K, 53 young (54272K), 3 survivors (3072K)
 Metaspace       used 112379K, capacity 115559K, committed 115916K, reserved 1150976K
  class space    used 13773K, capacity 14936K, committed 15052K, reserved 1048576K
}
Event: 51.256 GC heap after
{Heap after GC invocations=58 (full 0):
 garbage-first heap   total 225280K, used 139413K [0x0000000080000000, 0x0000000100000000)
  region size 1024K, 7 young (7168K), 7 survivors (7168K)
 Metaspace       used 112379K, capacity 115559K, committed 115916K, reserved 1150976K
  class space    used 13773K, capacity 14936K, committed 15052K, reserved 1048576K
}
Event: 51.315 GC heap before
{Heap before GC invocations=58 (full 0):
 garbage-first heap   total 225280K, used 142485K [0x0000000080000000, 0x0000000100000000)
  region size 1024K, 11 young (11264K), 7 survivors (7168K)
 Metaspace       used 112410K, capacity 115624K, committed 115916K, reserved 1150976K
  class space    used 13776K, capacity 14936K, committed 15052K, reserved 1048576K
}
Event: 51.347 GC heap after
{Heap after GC invocations=59 (full 0):
 garbage-first heap   total 225280K, used 126837K [0x0000000080000000, 0x0000000100000000)
  region size 1024K, 2 young (2048K), 2 survivors (2048K)
 Metaspace       used 112410K, capacity 115624K, committed 115916K, reserved 1150976K
  class space    used 13776K, capacity 14936K, committed 15052K, reserved 1048576K
}
Event: 51.903 GC heap before
{Heap before GC invocations=59 (full 0):
 garbage-first heap   total 225280K, used 178037K [0x0000000080000000, 0x0000000100000000)
  region size 1024K, 53 young (54272K), 2 survivors (2048K)
 Metaspace       used 115405K, capacity 118672K, committed 118860K, reserved 1153024K
  class space    used 14209K, capacity 15407K, committed 15436K, reserved 1048576K
}
Event: 51.914 GC heap after
{Heap after GC invocations=60 (full 0):
 garbage-first heap   total 225280K, used 135712K [0x0000000080000000, 0x0000000100000000)
  region size 1024K, 7 young (7168K), 7 survivors (7168K)
 Metaspace       used 115405K, capacity 118672K, committed 118860K, reserved 1153024K
  class space    used 14209K, capacity 15407K, committed 15436K, reserved 1048576K
}
Event: 52.179 GC heap before
{Heap before GC invocations=60 (full 0):
 garbage-first heap   total 225280K, used 182816K [0x0000000080000000, 0x0000000100000000)
  region size 1024K, 53 young (54272K), 7 survivors (7168K)
 Metaspace       used 116486K, capacity 119808K, committed 120140K, reserved 1153024K
  class space    used 14371K, capacity 15597K, committed 15692K, reserved 1048576K
}
Event: 52.199 GC heap after
{Heap after GC invocations=61 (full 0):
 garbage-first heap   total 225280K, used 146367K [0x0000000080000000, 0x0000000100000000)
  region size 1024K, 7 young (7168K), 7 survivors (7168K)
 Metaspace       used 116486K, capacity 119808K, committed 120140K, reserved 1153024K
  class space    used 14371K, capacity 15597K, committed 15692K, reserved 1048576K
}
Event: 52.378 GC heap before
{Heap before GC invocations=61 (full 0):
 garbage-first heap   total 225280K, used 183231K [0x0000000080000000, 0x0000000100000000)
  region size 1024K, 43 young (44032K), 7 survivors (7168K)
 Metaspace       used 117783K, capacity 121180K, committed 121420K, reserved 1155072K
  class space    used 14560K, capacity 15818K, committed 15948K, reserved 1048576K
}
Event: 52.403 GC heap after
{Heap after GC invocations=62 (full 0):
 garbage-first heap   total 225280K, used 153408K [0x0000000080000000, 0x0000000100000000)
  region size 1024K, 6 young (6144K), 6 survivors (6144K)
 Metaspace       used 117783K, capacity 121180K, committed 121420K, reserved 1155072K
  class space    used 14560K, capacity 15818K, committed 15948K, reserved 1048576K
}
Event: 53.005 GC heap before
{Heap before GC invocations=63 (full 0):
 garbage-first heap   total 225280K, used 186176K [0x0000000080000000, 0x0000000100000000)
  region size 1024K, 38 young (38912K), 6 survivors (6144K)
 Metaspace       used 121661K, capacity 125312K, committed 125516K, reserved 1159168K
  class space    used 15260K, capacity 16683K, committed 16716K, reserved 1048576K
}
Event: 53.036 GC heap after
{Heap after GC invocations=64 (full 0):
 garbage-first heap   total 225280K, used 157578K [0x0000000080000000, 0x0000000100000000)
  region size 1024K, 4 young (4096K), 4 survivors (4096K)
 Metaspace       used 121661K, capacity 125312K, committed 125516K, reserved 1159168K
  class space    used 15260K, capacity 16683K, committed 16716K, reserved 1048576K
}
Event: 53.147 GC heap before
{Heap before GC invocations=64 (full 0):
 garbage-first heap   total 225280K, used 164746K [0x0000000080000000, 0x0000000100000000)
  region size 1024K, 11 young (11264K), 4 survivors (4096K)
 Metaspace       used 122100K, capacity 125807K, committed 125900K, reserved 1159168K
  class space    used 15329K, capacity 16759K, committed 16844K, reserved 1048576K
}

Deoptimization events (20 events):
Event: 52.231 Thread 0x0000015fbb507000 Uncommon trap: trap_request=0xffffff4d fr.pc=0x0000015fab6f538c relative=0x000000000000112c
Event: 52.231 Thread 0x0000015fbb507000 Uncommon trap: reason=unstable_if action=reinterpret pc=0x0000015fab6f538c method=java.util.WeakHashMap.remove(Ljava/lang/Object;)Ljava/lang/Object; @ 94 c2
Event: 52.231 Thread 0x0000015fbb507000 DEOPT PACKING pc=0x0000015fab6f538c sp=0x00000057934f4580
Event: 52.231 Thread 0x0000015fbb507000 DEOPT UNPACKING pc=0x0000015fa39e78af sp=0x00000057934f4458 mode 2
Event: 52.316 Thread 0x0000015fc139d800 DEOPT PACKING pc=0x0000015fa6071def sp=0x0000005796cfc3f0
Event: 52.316 Thread 0x0000015fc139d800 DEOPT UNPACKING pc=0x0000015fa39e76ce sp=0x0000005796cfbcf8 mode 0
Event: 52.655 Thread 0x0000015fbb507000 Uncommon trap: trap_request=0xffffff4d fr.pc=0x0000015fabb2779c relative=0x0000000000000ebc
Event: 52.655 Thread 0x0000015fbb507000 Uncommon trap: reason=unstable_if action=reinterpret pc=0x0000015fabb2779c method=com.android.tools.r8.internal.nh.a(ILjava/lang/Object;)Ljava/lang/Object; @ 99 c2
Event: 52.655 Thread 0x0000015fbb507000 DEOPT PACKING pc=0x0000015fabb2779c sp=0x00000057934f6900
Event: 52.655 Thread 0x0000015fbb507000 DEOPT UNPACKING pc=0x0000015fa39e78af sp=0x00000057934f68d8 mode 2
Event: 52.969 Thread 0x0000015fc13a1000 Uncommon trap: trap_request=0xffffff4d fr.pc=0x0000015fab65f8e0 relative=0x0000000000000c40
Event: 52.969 Thread 0x0000015fc13a1000 Uncommon trap: reason=unstable_if action=reinterpret pc=0x0000015fab65f8e0 method=java.util.HashMap.computeIfAbsent(Ljava/lang/Object;Ljava/util/function/Function;)Ljava/lang/Object; @ 145 c2
Event: 52.969 Thread 0x0000015fc13a1000 DEOPT PACKING pc=0x0000015fab65f8e0 sp=0x0000005796bfc110
Event: 52.969 Thread 0x0000015fc13a1000 DEOPT UNPACKING pc=0x0000015fa39e78af sp=0x0000005796bfc0e0 mode 2
Event: 52.983 Thread 0x0000015fc13a2800 DEOPT PACKING pc=0x0000015fa618b547 sp=0x0000005796dfc330
Event: 52.983 Thread 0x0000015fc13a2800 DEOPT UNPACKING pc=0x0000015fa39e76ce sp=0x0000005796dfb798 mode 0
Event: 53.073 Thread 0x0000015fbb507000 Uncommon trap: trap_request=0xffffff4d fr.pc=0x0000015fabb142d0 relative=0x0000000000000230
Event: 53.073 Thread 0x0000015fbb507000 Uncommon trap: reason=unstable_if action=reinterpret pc=0x0000015fabb142d0 method=com.android.tools.r8.graph.c0.a([C)I @ 44 c2
Event: 53.073 Thread 0x0000015fbb507000 DEOPT PACKING pc=0x0000015fabb142d0 sp=0x00000057934f69e0
Event: 53.073 Thread 0x0000015fbb507000 DEOPT UNPACKING pc=0x0000015fa39e78af sp=0x00000057934f6958 mode 2

Classes redefined (0 events):
No events

Internal exceptions (20 events):
Event: 52.143 Thread 0x0000015fbb507000 Exception <a 'java/lang/NoSuchMethodError'{0x000000008b85cfa8}: 'java.lang.Object java.lang.invoke.DirectMethodHandle$Holder.newInvokeSpecial(java.lang.Object, int)'> (0x000000008b85cfa8) thrown at [./src/hotspot/share/interpreter/linkResolver.cpp, line 773]
Event: 52.145 Thread 0x0000015fc13a2800 Exception <a 'java/lang/IncompatibleClassChangeError'{0x000000008b7d20f8}: Found class java.lang.Object, but interface was expected> (0x000000008b7d20f8) thrown at [./src/hotspot/share/interpreter/linkResolver.cpp, line 839]
Event: 52.145 Thread 0x0000015fbb507000 Exception <a 'java/lang/IncompatibleClassChangeError'{0x000000008b8699e0}: Found class java.lang.Object, but interface was expected> (0x000000008b8699e0) thrown at [./src/hotspot/share/interpreter/linkResolver.cpp, line 839]
Event: 52.146 Thread 0x0000015fc13a2800 Exception <a 'java/lang/IncompatibleClassChangeError'{0x000000008b7da5e8}: Found class java.lang.Object, but interface was expected> (0x000000008b7da5e8) thrown at [./src/hotspot/share/interpreter/linkResolver.cpp, line 839]
Event: 52.146 Thread 0x0000015fbb507000 Exception <a 'java/lang/IncompatibleClassChangeError'{0x000000008b86d8e8}: Found class java.lang.Object, but interface was expected> (0x000000008b86d8e8) thrown at [./src/hotspot/share/interpreter/linkResolver.cpp, line 839]
Event: 52.211 Thread 0x0000015fc139d800 Exception <a 'java/lang/NoSuchMethodError'{0x000000008db7d470}: 'void java.lang.invoke.DirectMethodHandle$Holder.invokeStatic(java.lang.Object, java.lang.Object, java.lang.Object, int)'> (0x000000008db7d470) thrown at [./src/hotspot/share/interpreter/linkResolver.cpp, line 773]
Event: 52.211 Thread 0x0000015fc13a2800 Exception <a 'java/lang/NoSuchMethodError'{0x000000008da452a0}: 'void java.lang.invoke.DirectMethodHandle$Holder.invokeStatic(java.lang.Object, java.lang.Object, java.lang.Object, int)'> (0x000000008da452a0) thrown at [./src/hotspot/share/interpreter/linkResolver.cpp, line 773]
Event: 52.211 Thread 0x0000015fbb507000 Exception <a 'java/lang/NoSuchMethodError'{0x000000008db59128}: 'void java.lang.invoke.DirectMethodHandle$Holder.invokeStatic(java.lang.Object, java.lang.Object, java.lang.Object, int)'> (0x000000008db59128) thrown at [./src/hotspot/share/interpreter/linkResolver.cpp, line 773]
Event: 52.212 Thread 0x0000015fc13a2800 Exception <a 'java/lang/IncompatibleClassChangeError'{0x000000008da4a898}: Found class java.lang.Object, but interface was expected> (0x000000008da4a898) thrown at [./src/hotspot/share/interpreter/linkResolver.cpp, line 839]
Event: 52.212 Thread 0x0000015fc139d800 Exception <a 'java/lang/IncompatibleClassChangeError'{0x000000008db854f0}: Found class java.lang.Object, but interface was expected> (0x000000008db854f0) thrown at [./src/hotspot/share/interpreter/linkResolver.cpp, line 839]
Event: 52.212 Thread 0x0000015fbb507000 Exception <a 'java/lang/IncompatibleClassChangeError'{0x000000008db5f8f0}: Found class java.lang.Object, but interface was expected> (0x000000008db5f8f0) thrown at [./src/hotspot/share/interpreter/linkResolver.cpp, line 839]
Event: 52.541 Thread 0x0000015fc13a1000 Exception <a 'java/lang/NoSuchMethodError'{0x000000008cf7a340}: 'java.lang.Object java.lang.invoke.DirectMethodHandle$Holder.invokeStatic(java.lang.Object, int, java.lang.Object, java.lang.Object)'> (0x000000008cf7a340) thrown at [./src/hotspot/share/interpreter/linkResolver.cpp, line 773]
Event: 52.563 Thread 0x0000015fc13a2800 Exception <a 'java/lang/NoSuchMethodError'{0x000000008ce17520}: 'int java.lang.invoke.DirectMethodHandle$Holder.invokeSpecial(java.lang.Object, java.lang.Object, java.lang.Object, java.lang.Object, java.lang.Object, java.lang.Object, java.lang.Object, java.lang.Object, java.lang.Object)'> (0x000000008ce17520) thrown at [./src/hotspot/share/interpreter/linkResolver.cpp, line 773]
Event: 52.565 Thread 0x0000015fc139d800 Exception <a 'java/lang/NoSuchMethodError'{0x000000008cee2b50}: 'java.lang.Object java.lang.invoke.Invokers$Holder.linkToTargetMethod(java.lang.Object, java.lang.Object, java.lang.Object, java.lang.Object, java.lang.Object, java.lang.Object, java.lang.Object, java.lang.Object)'> (0x000000008cee2b50) thrown at [./src/hotspot/share/interpreter/linkResolver.cpp, line 773]
Event: 52.742 Thread 0x0000015fc13a1000 Exception <a 'java/lang/NoSuchMethodError'{0x000000008ca8c038}: 'java.lang.Object java.lang.invoke.DirectMethodHandle$Holder.invokeVirtual(java.lang.Object, java.lang.Object, int, java.lang.Object)'> (0x000000008ca8c038) thrown at [./src/hotspot/share/interpreter/linkResolver.cpp, line 773]
Event: 52.743 Thread 0x0000015fc13a2800 Exception <a 'java/lang/NoSuchMethodError'{0x000000008cb68100}: 'java.lang.Object java.lang.invoke.DirectMethodHandle$Holder.invokeVirtual(java.lang.Object, java.lang.Object, int, java.lang.Object)'> (0x000000008cb68100) thrown at [./src/hotspot/share/interpreter/linkResolver.cpp, line 773]
Event: 52.744 Thread 0x0000015fbb507000 Exception <a 'java/lang/NoSuchMethodError'{0x000000008caa31e8}: 'java.lang.Object java.lang.invoke.DirectMethodHandle$Holder.invokeVirtual(java.lang.Object, java.lang.Object, int, java.lang.Object)'> (0x000000008caa31e8) thrown at [./src/hotspot/share/interpreter/linkResolver.cpp, line 773]
Event: 52.791 Thread 0x0000015fc13a2800 Exception <a 'java/lang/NoSuchMethodError'{0x000000008c82d270}: 'void java.lang.invoke.DirectMethodHandle$Holder.invokeVirtual(java.lang.Object, java.lang.Object, int, java.lang.Object)'> (0x000000008c82d270) thrown at [./src/hotspot/share/interpreter/linkResolver.cpp, line 773]
Event: 52.896 Thread 0x0000015fc13a1000 Exception <a 'java/lang/NoSuchMethodError'{0x000000008c4174e0}: 'int java.lang.invoke.DirectMethodHandle$Holder.invokeSpecial(java.lang.Object, java.lang.Object, java.lang.Object, int, java.lang.Object)'> (0x000000008c4174e0) thrown at [./src/hotspot/share/interpreter/linkResolver.cpp, line 773]
Event: 53.081 Thread 0x0000015fc13a2800 Exception <a 'java/lang/NoSuchMethodError'{0x000000008d9d89f8}: 'java.lang.Object java.lang.invoke.DirectMethodHandle$Holder.invokeInterface(java.lang.Object, java.lang.Object, int)'> (0x000000008d9d89f8) thrown at [./src/hotspot/share/interpreter/linkResolver.cpp, line 773]

Events (20 events):
Event: 53.130 loading class com/android/tools/r8/internal/CA done
Event: 53.131 loading class com/android/tools/r8/internal/ks$a
Event: 53.131 loading class com/android/tools/r8/internal/ks$a done
Event: 53.132 loading class com/android/tools/r8/internal/Z
Event: 53.132 loading class com/android/tools/r8/internal/Z done
Event: 53.133 loading class com/android/tools/r8/internal/ls
Event: 53.133 loading class com/android/tools/r8/internal/ls done
Event: 53.134 loading class com/android/tools/r8/internal/ms
Event: 53.134 loading class com/android/tools/r8/internal/ms done
Event: 53.135 loading class com/android/tools/r8/internal/Jf
Event: 53.135 loading class com/android/tools/r8/internal/Jf done
Event: 53.136 loading class com/android/tools/r8/internal/Lf$a
Event: 53.136 loading class com/android/tools/r8/internal/Lf$a done
Event: 53.136 loading class com/android/tools/r8/internal/qs
Event: 53.136 loading class com/android/tools/r8/internal/qs done
Event: 53.137 loading class com/android/tools/r8/internal/DA
Event: 53.137 loading class com/android/tools/r8/internal/DA done
Event: 53.137 loading class com/android/tools/r8/internal/CA$a
Event: 53.137 loading class com/android/tools/r8/internal/CA$a done
Event: 53.147 Executing VM operation: G1CollectForAllocation


Dynamic libraries:
0x00007ff67aed0000 - 0x00007ff67aeda000 	D:\android studio\jre\bin\java.exe
0x00007ffcebd40000 - 0x00007ffcebf47000 	C:\WINDOWS\SYSTEM32\ntdll.dll
0x00007ffceaa10000 - 0x00007ffceaacd000 	C:\WINDOWS\System32\KERNEL32.DLL
0x00007ffce9400000 - 0x00007ffce9774000 	C:\WINDOWS\System32\KERNELBASE.dll
0x00007ffce6400000 - 0x00007ffce6491000 	C:\WINDOWS\SYSTEM32\apphelp.dll
0x00007ffce97f0000 - 0x00007ffce9901000 	C:\WINDOWS\System32\ucrtbase.dll
0x00007ffcc53c0000 - 0x00007ffcc53d9000 	D:\android studio\jre\bin\jli.dll
0x00007ffcc41a0000 - 0x00007ffcc41b7000 	D:\android studio\jre\bin\VCRUNTIME140.dll
0x00007ffcea130000 - 0x00007ffcea2dc000 	C:\WINDOWS\System32\USER32.dll
0x00007ffce9ba0000 - 0x00007ffce9bc6000 	C:\WINDOWS\System32\win32u.dll
0x00007ffcd4600000 - 0x00007ffcd48a5000 	C:\WINDOWS\WinSxS\amd64_microsoft.windows.common-controls_6595b64144ccf1df_6.0.22000.120_none_9d947278b86cc467\COMCTL32.dll
0x00007ffcea5f0000 - 0x00007ffcea619000 	C:\WINDOWS\System32\GDI32.dll
0x00007ffceaf70000 - 0x00007ffceb013000 	C:\WINDOWS\System32\msvcrt.dll
0x00007ffce9a80000 - 0x00007ffce9b92000 	C:\WINDOWS\System32\gdi32full.dll
0x00007ffce9220000 - 0x00007ffce92bd000 	C:\WINDOWS\System32\msvcp_win.dll
0x00007ffcebc40000 - 0x00007ffcebc71000 	C:\WINDOWS\System32\IMM32.DLL
0x00007ffcbb610000 - 0x00007ffcbb6ad000 	D:\android studio\jre\bin\msvcp140.dll
0x00007ffca07d0000 - 0x00007ffca129f000 	D:\android studio\jre\bin\server\jvm.dll
0x00007ffcebb90000 - 0x00007ffcebc3c000 	C:\WINDOWS\System32\ADVAPI32.dll
0x00007ffceb250000 - 0x00007ffceb2ed000 	C:\WINDOWS\System32\sechost.dll
0x00007ffcea4a0000 - 0x00007ffcea5c1000 	C:\WINDOWS\System32\RPCRT4.dll
0x00007ffceabd0000 - 0x00007ffceabd8000 	C:\WINDOWS\System32\PSAPI.DLL
0x00007ffcc2190000 - 0x00007ffcc2199000 	C:\WINDOWS\SYSTEM32\WSOCK32.dll
0x00007ffce43e0000 - 0x00007ffce4413000 	C:\WINDOWS\SYSTEM32\WINMM.dll
0x00007ffcdba30000 - 0x00007ffcdba3a000 	C:\WINDOWS\SYSTEM32\VERSION.dll
0x00007ffceaad0000 - 0x00007ffceab3f000 	C:\WINDOWS\System32\WS2_32.dll
0x00007ffce8440000 - 0x00007ffce8458000 	C:\WINDOWS\SYSTEM32\kernel.appcore.dll
0x00007ffce4990000 - 0x00007ffce49a1000 	D:\android studio\jre\bin\verify.dll
0x00007ffce6f20000 - 0x00007ffce7141000 	C:\WINDOWS\SYSTEM32\DBGHELP.DLL
0x00007ffcdb690000 - 0x00007ffcdb6c1000 	C:\WINDOWS\SYSTEM32\dbgcore.DLL
0x00007ffce92c0000 - 0x00007ffce9340000 	C:\WINDOWS\System32\bcryptPrimitives.dll
0x00007ffcdaf00000 - 0x00007ffcdaf29000 	D:\android studio\jre\bin\java.dll
0x00007ffce5680000 - 0x00007ffce568b000 	D:\android studio\jre\bin\jimage.dll
0x00007ffce4970000 - 0x00007ffce4988000 	D:\android studio\jre\bin\zip.dll
0x00007ffceb3e0000 - 0x00007ffcebb89000 	C:\WINDOWS\System32\SHELL32.dll
0x00007ffce73b0000 - 0x00007ffce7c12000 	C:\WINDOWS\SYSTEM32\windows.storage.dll
0x00007ffceabf0000 - 0x00007ffceaf68000 	C:\WINDOWS\System32\combase.dll
0x00007ffce7150000 - 0x00007ffce72b6000 	C:\WINDOWS\SYSTEM32\wintypes.dll
0x00007ffcea340000 - 0x00007ffcea42a000 	C:\WINDOWS\System32\SHCORE.dll
0x00007ffcea890000 - 0x00007ffcea8ed000 	C:\WINDOWS\System32\shlwapi.dll
0x00007ffce9150000 - 0x00007ffce9171000 	C:\WINDOWS\SYSTEM32\profapi.dll
0x00007ffcdb550000 - 0x00007ffcdb56a000 	D:\android studio\jre\bin\net.dll
0x00007ffce38a0000 - 0x00007ffce39ac000 	C:\WINDOWS\SYSTEM32\WINHTTP.dll
0x00007ffce8850000 - 0x00007ffce88b7000 	C:\WINDOWS\system32\mswsock.dll
0x00007ffcdb350000 - 0x00007ffcdb364000 	D:\android studio\jre\bin\nio.dll
0x00007ffcc41c0000 - 0x00007ffcc41e7000 	C:\Users\admin\.gradle\native\8bec1ad78214c89d9ad589b4d07fe93259594b29d510b10fafb7a158f7737e5d\windows-amd64\native-platform.dll
0x00007ffcadfd0000 - 0x00007ffcae10d000 	C:\Users\admin\.gradle\native\53dbd7edfb1c66fb8903c78663c9afc45aea4f116125fa6feffd364cf09443e8\windows-amd64\native-platform-file-events.dll
0x00007ffcdb4c0000 - 0x00007ffcdb4ca000 	D:\android studio\jre\bin\management.dll
0x00007ffcdb290000 - 0x00007ffcdb29c000 	D:\android studio\jre\bin\management_ext.dll
0x00007ffce8aa0000 - 0x00007ffce8ab8000 	C:\WINDOWS\SYSTEM32\CRYPTSP.dll
0x00007ffce83a0000 - 0x00007ffce83d5000 	C:\WINDOWS\system32\rsaenh.dll
0x00007ffce8940000 - 0x00007ffce8969000 	C:\WINDOWS\SYSTEM32\USERENV.dll
0x00007ffce8c10000 - 0x00007ffce8c37000 	C:\WINDOWS\SYSTEM32\bcrypt.dll
0x00007ffce8a90000 - 0x00007ffce8a9c000 	C:\WINDOWS\SYSTEM32\CRYPTBASE.dll
0x00007ffce7f50000 - 0x00007ffce7f7d000 	C:\WINDOWS\SYSTEM32\IPHLPAPI.DLL
0x00007ffceabe0000 - 0x00007ffceabe9000 	C:\WINDOWS\System32\NSI.dll
0x00007ffce3780000 - 0x00007ffce3799000 	C:\WINDOWS\SYSTEM32\dhcpcsvc6.DLL
0x00007ffce4150000 - 0x00007ffce416e000 	C:\WINDOWS\SYSTEM32\dhcpcsvc.DLL
0x00007ffce7f80000 - 0x00007ffce8067000 	C:\WINDOWS\SYSTEM32\DNSAPI.dll
0x00007ffcc3b30000 - 0x00007ffcc3b4e000 	C:\Users\admin\AppData\Local\Temp\native-platform17335422876996220851dir\native-platform.dll

dbghelp: loaded successfully - version: 4.0.5 - missing functions: none
symbol engine: initialized successfully - sym options: 0x614 - pdb path: .;D:\android studio\jre\bin;C:\WINDOWS\SYSTEM32;C:\WINDOWS\WinSxS\amd64_microsoft.windows.common-controls_6595b64144ccf1df_6.0.22000.120_none_9d947278b86cc467;D:\android studio\jre\bin\server;C:\Users\admin\.gradle\native\8bec1ad78214c89d9ad589b4d07fe93259594b29d510b10fafb7a158f7737e5d\windows-amd64;C:\Users\admin\.gradle\native\53dbd7edfb1c66fb8903c78663c9afc45aea4f116125fa6feffd364cf09443e8\windows-amd64;C:\Users\admin\AppData\Local\Temp\native-platform17335422876996220851dir

VM Arguments:
jvm_args: --add-opens=java.base/java.util=ALL-UNNAMED --add-opens=java.base/java.lang=ALL-UNNAMED --add-opens=java.base/java.lang.invoke=ALL-UNNAMED --add-opens=java.base/java.util=ALL-UNNAMED --add-opens=java.prefs/java.util.prefs=ALL-UNNAMED --add-opens=java.prefs/java.util.prefs=ALL-UNNAMED --add-opens=java.base/java.nio.charset=ALL-UNNAMED --add-opens=java.base/java.net=ALL-UNNAMED --add-opens=java.base/java.util.concurrent.atomic=ALL-UNNAMED -Xmx2048m -Dfile.encoding=UTF-8 -Duser.country=CN -Duser.language=zh -Duser.variant 
java_command: org.gradle.launcher.daemon.bootstrap.GradleDaemon 7.0.2
java_class_path (initial): C:\Users\admin\.gradle\wrapper\dists\gradle-7.0.2-all\7era6s5ay7zsbhuvl0oc9g94s\gradle-7.0.2\lib\gradle-launcher-7.0.2.jar
Launcher Type: SUN_STANDARD

[Global flags]
     intx CICompilerCount                          = 4                                         {product} {ergonomic}
     uint ConcGCThreads                            = 2                                         {product} {ergonomic}
     uint G1ConcRefinementThreads                  = 8                                         {product} {ergonomic}
   size_t G1HeapRegionSize                         = 1048576                                   {product} {ergonomic}
    uintx GCDrainStackTargetSize                   = 64                                        {product} {ergonomic}
   size_t InitialHeapSize                          = 132120576                                 {product} {ergonomic}
   size_t MarkStackSize                            = 4194304                                   {product} {ergonomic}
   size_t MaxHeapSize                              = 2147483648                                {product} {command line}
   size_t MaxNewSize                               = 1287651328                                {product} {ergonomic}
   size_t MinHeapDeltaBytes                        = 1048576                                   {product} {ergonomic}
    uintx NonNMethodCodeHeapSize                   = 5836300                                {pd product} {ergonomic}
    uintx NonProfiledCodeHeapSize                  = 122910970                              {pd product} {ergonomic}
    uintx ProfiledCodeHeapSize                     = 122910970                              {pd product} {ergonomic}
    uintx ReservedCodeCacheSize                    = 251658240                              {pd product} {ergonomic}
     bool SegmentedCodeCache                       = true                                      {product} {ergonomic}
     bool UseCompressedClassPointers               = true                                 {lp64_product} {ergonomic}
     bool UseCompressedOops                        = true                                 {lp64_product} {ergonomic}
     bool UseG1GC                                  = true                                      {product} {ergonomic}
     bool UseLargePagesIndividualAllocation        = false                                  {pd product} {ergonomic}

Logging:
Log output configuration:
 #0: stdout all=warning uptime,level,tags
 #1: stderr all=off uptime,level,tags

Environment Variables:
JAVA_HOME=C:\Program Files\Java\jdk1.8.0_181
CLASSPATH=.;C:\Program Files\Java\jdk1.8.0_181\lib;C:\Program Files\Java\jdk1.8.0_181\lib\tools.jar
PATH=C:\Program Files (x86)\Common Files\Oracle\Java\javapath;C:\Windows\system32;C:\Windows;C:\Windows\System32\Wbem;C:\Windows\System32\WindowsPowerShell\v1.0\;C:\Windows\System32\OpenSSH\;C:\Program Files (x86)\NVIDIA Corporation\PhysX\Common;C:\Program Files\Intel\WiFi\bin\;C:\Program Files\Common Files\Intel\WirelessCommon\;C:\WINDOWS\system32;C:\WINDOWS;C:\WINDOWS\System32\Wbem;C:\WINDOWS\System32\WindowsPowerShell\v1.0\;C:\WINDOWS\System32\OpenSSH\;C:\Users\admin\AppData\Local\Microsoft\WindowsApps;D:\IntelliJ IDEA Community Edition 2020.2\bin;C:\Program Files\Java\jdk1.8.0_181\bin;C:\Program Files\Java\jdk1.8.0_181\jre\bin;D:\Program Files (x86)\010 Editor;;C:\WINDOWS\system32;C:\WINDOWS;C:\WINDOWS\System32\Wbem;C:\WINDOWS\System32\WindowsPowerShell\v1.0\;C:\WINDOWS\System32\OpenSSH\;C:\Users\admin\AppData\Local\Microsoft\WindowsApps;D:\IntelliJ IDEA Community Edition 2020.2\bin;D:\Fiddler;D:\DevEco Studio 2.2.0.200\bin;;D:\flutter\bin;C:\Users\admin\AppData\Local\Microsoft\WindowsApps;D:\androidstudiosdk\platform-tools;
USERNAME=admin
OS=Windows_NT
PROCESSOR_IDENTIFIER=Intel64 Family 6 Model 142 Stepping 12, GenuineIntel



---------------  S Y S T E M  ---------------

OS: Windows 10 , 64 bit Build 22000 (10.0.22000.120)
OS uptime: 0 days 21:39 hours

CPU:total 8 (initial active 8) (4 cores per cpu, 2 threads per core) family 6 model 142 stepping 12 microcode 0xde, cmov, cx8, fxsr, mmx, sse, sse2, sse3, ssse3, sse4.1, sse4.2, popcnt, avx, avx2, aes, clmul, erms, 3dnowpref, lzcnt, ht, tsc, tscinvbit, bmi1, bmi2, adx, fma

Memory: 4k page, system-wide physical 8043M (130M free)
TotalPageFile size 24643M (AvailPageFile size 13M)
current process WorkingSet (physical memory assigned to process): 544M, peak: 545M
current process commit charge ("private bytes"): 601M, peak: 669M

vm_info: OpenJDK 64-Bit Server VM (11.0.10+0-b96-7249189) for windows-amd64 JRE (11.0.10+0-b96-7249189), built on Mar 31 2021 21:44:00 by "builder" with MS VC++ 14.0 (VS2015)

END.
