#
# There is insufficient memory for the Java Runtime Environment to continue.
# Native memory allocation (mmap) failed to map 132120576 bytes for Failed to commit area from 0x0000000082400000 to 0x000000008a200000 of length 132120576.
# Possible reasons:
#   The system is out of physical RAM or swap space
#   The process is running with CompressedOops enabled, and the Java Heap may be blocking the growth of the native heap
# Possible solutions:
#   Reduce memory load on the system
#   Increase physical memory or swap space
#   Check if swap backing store is full
#   Decrease Java heap size (-Xmx/-Xms)
#   Decrease number of Java threads
#   Decrease Java thread stack sizes (-Xss)
#   Set larger code cache with -XX:ReservedCodeCacheSize=
# This output file may be truncated or incomplete.
#
#  Out of Memory Error (./src/hotspot/os/windows/os_windows.cpp:3301), pid=18596, tid=14128
#
# JRE version:  (11.0.10) (build )
# Java VM: OpenJDK 64-Bit Server VM (11.0.10+0-b96-7249189, mixed mode, sharing, tiered, compressed oops, g1 gc, windows-amd64)
# No core dump will be written. Minidumps are not enabled by default on client versions of Windows
#

---------------  S U M M A R Y ------------

Command Line: org.jetbrains.kotlin.cli.jvm.K2JVMCompiler @D:\android studio project\MyLuaApp2\app\build\20210904_6287038672948742931.compiler.options

Host: Intel(R) Core(TM) i5-8265U CPU @ 1.60GHz, 8 cores, 7G,  Windows 10 , 64 bit Build 22000 (10.0.22000.120)
Time: Sat Sep  4 20:22:40 2021 中国标准时间 elapsed time: 0.025496 seconds (0d 0h 0m 0s)

---------------  T H R E A D  ---------------

Current thread (0x0000019cb9495000):  JavaThread "Unknown thread" [_thread_in_vm, id=14128, stack(0x0000001890900000,0x0000001890a00000)]

Stack: [0x0000001890900000,0x0000001890a00000]
Native frames: (J=compiled Java code, j=interpreted, Vv=VM code, C=native code)
V  [jvm.dll+0x5ecfaa]
V  [jvm.dll+0x722bd5]
V  [jvm.dll+0x72412d]
V  [jvm.dll+0x7247e3]
V  [jvm.dll+0x242928]
V  [jvm.dll+0x5ea374]
V  [jvm.dll+0x5df425]
V  [jvm.dll+0x2fdebb]
V  [jvm.dll+0x2fde2a]
V  [jvm.dll+0x2fdd02]
V  [jvm.dll+0x302bf6]
V  [jvm.dll+0x34b2a3]
V  [jvm.dll+0x34b9a6]
V  [jvm.dll+0x34b3a3]
V  [jvm.dll+0x2d8888]
V  [jvm.dll+0x2d9a37]
V  [jvm.dll+0x701737]
V  [jvm.dll+0x702f2c]
V  [jvm.dll+0x3587d9]
V  [jvm.dll+0x6e4fae]
V  [jvm.dll+0x3c0be3]
V  [jvm.dll+0x3c2e91]
C  [jli.dll+0x5373]
C  [ucrtbase.dll+0x26c0c]
C  [KERNEL32.DLL+0x154e0]
C  [ntdll.dll+0x485b]


---------------  P R O C E S S  ---------------

Threads class SMR info:
_java_thread_list=0x0000019cb71fd3b0, length=0, elements={
}

Java Threads: ( => current thread )

Other Threads:
  0x0000019cb94ac800 GCTaskThread "GC Thread#0" [stack: 0x0000001890a00000,0x0000001890b00000] [id=18272]
  0x0000019cb94dc000 ConcurrentGCThread "G1 Main Marker" [stack: 0x0000001890b00000,0x0000001890c00000] [id=17064]
  0x0000019cb94dd800 ConcurrentGCThread "G1 Conc#0" [stack: 0x0000001890c00000,0x0000001890d00000] [id=11504]

[error occurred during error reporting (printing all threads), id 0xc0000005, EXCEPTION_ACCESS_VIOLATION (0xc0000005) at pc=0x00007ffc85c09107]

VM state:not at safepoint (not fully initialized)

VM Mutex/Monitor currently owned by a thread:  ([mutex/lock_event])
[0x0000019cb9492d30] Heap_lock - owner thread: 0x0000019cb9495000

Heap address: 0x0000000082400000, size: 2012 MB, Compressed Oops mode: Non-zero based: 0x0000000082400000
Narrow klass base: 0x0000000000000000, Narrow klass shift: 0

GC Heap History (0 events):
No events

Deoptimization events (0 events):
No events

Classes redefined (0 events):
No events

Internal exceptions (0 events):
No events

Events (1 events):
Event: 0.019 Loaded shared library D:\android studio\jre\bin\zip.dll


Dynamic libraries:
0x00007ff7b0640000 - 0x00007ff7b064a000 	D:\android studio\jre\bin\java.exe
0x00007ffcebd40000 - 0x00007ffcebf47000 	C:\WINDOWS\SYSTEM32\ntdll.dll
0x00007ffceaa10000 - 0x00007ffceaacd000 	C:\WINDOWS\System32\KERNEL32.DLL
0x00007ffce9400000 - 0x00007ffce9774000 	C:\WINDOWS\System32\KERNELBASE.dll
0x00007ffce6400000 - 0x00007ffce6491000 	C:\WINDOWS\SYSTEM32\apphelp.dll
0x00007ffce97f0000 - 0x00007ffce9901000 	C:\WINDOWS\System32\ucrtbase.dll
0x00007ffce4180000 - 0x00007ffce4199000 	D:\android studio\jre\bin\jli.dll
0x00007ffce15e0000 - 0x00007ffce15f7000 	D:\android studio\jre\bin\VCRUNTIME140.dll
0x00007ffcea130000 - 0x00007ffcea2dc000 	C:\WINDOWS\System32\USER32.dll
0x00007ffcd4600000 - 0x00007ffcd48a5000 	C:\WINDOWS\WinSxS\amd64_microsoft.windows.common-controls_6595b64144ccf1df_6.0.22000.120_none_9d947278b86cc467\COMCTL32.dll
0x00007ffce9ba0000 - 0x00007ffce9bc6000 	C:\WINDOWS\System32\win32u.dll
0x00007ffceaf70000 - 0x00007ffceb013000 	C:\WINDOWS\System32\msvcrt.dll
0x00007ffcea5f0000 - 0x00007ffcea619000 	C:\WINDOWS\System32\GDI32.dll
0x00007ffce9a80000 - 0x00007ffce9b92000 	C:\WINDOWS\System32\gdi32full.dll
0x00007ffce9220000 - 0x00007ffce92bd000 	C:\WINDOWS\System32\msvcp_win.dll
0x00007ffcebc40000 - 0x00007ffcebc71000 	C:\WINDOWS\System32\IMM32.DLL
0x00007ffcc01f0000 - 0x00007ffcc028d000 	D:\android studio\jre\bin\msvcp140.dll
0x00007ffc85920000 - 0x00007ffc863ef000 	D:\android studio\jre\bin\server\jvm.dll
0x00007ffcebb90000 - 0x00007ffcebc3c000 	C:\WINDOWS\System32\ADVAPI32.dll
0x00007ffceb250000 - 0x00007ffceb2ed000 	C:\WINDOWS\System32\sechost.dll
0x00007ffcea4a0000 - 0x00007ffcea5c1000 	C:\WINDOWS\System32\RPCRT4.dll
0x00007ffceabd0000 - 0x00007ffceabd8000 	C:\WINDOWS\System32\PSAPI.DLL
0x00007ffcc2190000 - 0x00007ffcc2199000 	C:\WINDOWS\SYSTEM32\WSOCK32.dll
0x00007ffcdba30000 - 0x00007ffcdba3a000 	C:\WINDOWS\SYSTEM32\VERSION.dll
0x00007ffce43e0000 - 0x00007ffce4413000 	C:\WINDOWS\SYSTEM32\WINMM.dll
0x00007ffceaad0000 - 0x00007ffceab3f000 	C:\WINDOWS\System32\WS2_32.dll
0x00007ffce8440000 - 0x00007ffce8458000 	C:\WINDOWS\SYSTEM32\kernel.appcore.dll
0x00007ffcd6e00000 - 0x00007ffcd6e11000 	D:\android studio\jre\bin\verify.dll
0x00007ffce6f20000 - 0x00007ffce7141000 	C:\WINDOWS\SYSTEM32\DBGHELP.DLL
0x00007ffcdb690000 - 0x00007ffcdb6c1000 	C:\WINDOWS\SYSTEM32\dbgcore.DLL
0x00007ffce92c0000 - 0x00007ffce9340000 	C:\WINDOWS\System32\bcryptPrimitives.dll
0x00007ffcd6dd0000 - 0x00007ffcd6df9000 	D:\android studio\jre\bin\java.dll
0x00007ffce4d10000 - 0x00007ffce4d1b000 	D:\android studio\jre\bin\jimage.dll
0x00007ffcd6db0000 - 0x00007ffcd6dc8000 	D:\android studio\jre\bin\zip.dll

dbghelp: loaded successfully - version: 4.0.5 - missing functions: none
symbol engine: initialized successfully - sym options: 0x614 - pdb path: .;D:\android studio\jre\bin;C:\WINDOWS\SYSTEM32;C:\WINDOWS\WinSxS\amd64_microsoft.windows.common-controls_6595b64144ccf1df_6.0.22000.120_none_9d947278b86cc467;D:\android studio\jre\bin\server

VM Arguments:
java_command: org.jetbrains.kotlin.cli.jvm.K2JVMCompiler @D:\android studio project\MyLuaApp2\app\build\20210904_6287038672948742931.compiler.options
java_class_path (initial): C:\Users\admin\.gradle\caches\modules-2\files-2.1\org.jetbrains.kotlin\kotlin-compiler-embeddable\1.5.21\40ddbcae9ff100473f95370c2d589ba3fc48eed5\kotlin-compiler-embeddable-1.5.21.jar;C:\Users\admin\.gradle\caches\modules-2\files-2.1\org.jetbrains.kotlin\kotlin-reflect\1.5.21\802f1f39735ae1eb2b75714a40fa19bb2e687e96\kotlin-reflect-1.5.21.jar;C:\Users\admin\.gradle\caches\modules-2\files-2.1\org.jetbrains.kotlin\kotlin-stdlib\1.5.21\2f537cad7e9eeb9da73738c8812e1e4cf9b62e4e\kotlin-stdlib-1.5.21.jar;C:\Users\admin\.gradle\caches\modules-2\files-2.1\org.jetbrains.kotlin\kotlin-script-runtime\1.5.21\96d49e89873fde985750af354b6eabb60cfa999b\kotlin-script-runtime-1.5.21.jar;C:\Users\admin\.gradle\caches\modules-2\files-2.1\org.jetbrains.kotlin\kotlin-daemon-embeddable\1.5.21\17255809e66a940dfdf6289bccbdfb5a09f3145\kotlin-daemon-embeddable-1.5.21.jar;C:\Users\admin\.gradle\caches\modules-2\files-2.1\org.jetbrains.intellij.deps\trove4j\1.0.20181211\216c2e14b070f334479d800987affe4054cd563f\trove4j-1.0.20181211.jar;C:\Users\admin\.gradle\caches\modules-2\files-2.1\org.jetbrains\annotations\13.0\919f0dfe192fb4e063e7dacadee7f8bb9a2672a9\annotations-13.0.jar;C:\Users\admin\.gradle\caches\modules-2\files-2.1\org.jetbrains.kotlin\kotlin-stdlib-common\1.5.21\cc8bf3586fd2ebcf234058b9440bb406e62dfacb\kotlin-stdlib-common-1.5.21.jar
Launcher Type: SUN_STANDARD

[Global flags]
     intx CICompilerCount                          = 4                                         {product} {ergonomic}
     uint ConcGCThreads                            = 2                                         {product} {ergonomic}
     uint G1ConcRefinementThreads                  = 8                                         {product} {ergonomic}
   size_t G1HeapRegionSize                         = 1048576                                   {product} {ergonomic}
    uintx GCDrainStackTargetSize                   = 64                                        {product} {ergonomic}
   size_t InitialHeapSize                          = 132120576                                 {product} {ergonomic}
   size_t MarkStackSize                            = 4194304                                   {product} {ergonomic}
   size_t MaxHeapSize                              = 2109734912                                {product} {ergonomic}
   size_t MinHeapDeltaBytes                        = 1048576                                   {product} {ergonomic}
    uintx NonNMethodCodeHeapSize                   = 5836300                                {pd product} {ergonomic}
    uintx NonProfiledCodeHeapSize                  = 122910970                              {pd product} {ergonomic}
    uintx ProfiledCodeHeapSize                     = 122910970                              {pd product} {ergonomic}
    uintx ReservedCodeCacheSize                    = 251658240                              {pd product} {ergonomic}
     bool SegmentedCodeCache                       = true                                      {product} {ergonomic}
     bool UseCompressedClassPointers               = true                                 {lp64_product} {ergonomic}
     bool UseCompressedOops                        = true                                 {lp64_product} {ergonomic}
     bool UseG1GC                                  = true                                      {product} {ergonomic}
     bool UseLargePagesIndividualAllocation        = false                                  {pd product} {ergonomic}

Logging:
Log output configuration:
 #0: stdout all=warning uptime,level,tags
 #1: stderr all=off uptime,level,tags

Environment Variables:
JAVA_HOME=C:\Program Files\Java\jdk1.8.0_181
CLASSPATH=.;C:\Program Files\Java\jdk1.8.0_181\lib;C:\Program Files\Java\jdk1.8.0_181\lib\tools.jar
PATH=C:\Program Files (x86)\Common Files\Oracle\Java\javapath;C:\Windows\system32;C:\Windows;C:\Windows\System32\Wbem;C:\Windows\System32\WindowsPowerShell\v1.0\;C:\Windows\System32\OpenSSH\;C:\Program Files (x86)\NVIDIA Corporation\PhysX\Common;C:\Program Files\Intel\WiFi\bin\;C:\Program Files\Common Files\Intel\WirelessCommon\;C:\WINDOWS\system32;C:\WINDOWS;C:\WINDOWS\System32\Wbem;C:\WINDOWS\System32\WindowsPowerShell\v1.0\;C:\WINDOWS\System32\OpenSSH\;C:\Users\admin\AppData\Local\Microsoft\WindowsApps;D:\IntelliJ IDEA Community Edition 2020.2\bin;C:\Program Files\Java\jdk1.8.0_181\bin;C:\Program Files\Java\jdk1.8.0_181\jre\bin;D:\Program Files (x86)\010 Editor;;C:\WINDOWS\system32;C:\WINDOWS;C:\WINDOWS\System32\Wbem;C:\WINDOWS\System32\WindowsPowerShell\v1.0\;C:\WINDOWS\System32\OpenSSH\;C:\Users\admin\AppData\Local\Microsoft\WindowsApps;D:\IntelliJ IDEA Community Edition 2020.2\bin;D:\Fiddler;D:\DevEco Studio 2.2.0.200\bin;;D:\flutter\bin;C:\Users\admin\AppData\Local\Microsoft\WindowsApps;D:\androidstudiosdk\platform-tools;
USERNAME=admin
OS=Windows_NT
PROCESSOR_IDENTIFIER=Intel64 Family 6 Model 142 Stepping 12, GenuineIntel



---------------  S Y S T E M  ---------------

OS: Windows 10 , 64 bit Build 22000 (10.0.22000.120)
OS uptime: 1 days 1:59 hours

CPU:total 8 (initial active 8) (4 cores per cpu, 2 threads per core) family 6 model 142 stepping 12 microcode 0xde, cmov, cx8, fxsr, mmx, sse, sse2, sse3, ssse3, sse4.1, sse4.2, popcnt, avx, avx2, aes, clmul, erms, 3dnowpref, lzcnt, ht, tsc, tscinvbit, bmi1, bmi2, adx, fma

Memory: 4k page, system-wide physical 8043M (487M free)
TotalPageFile size 24643M (AvailPageFile size 112M)
current process WorkingSet (physical memory assigned to process): 11M, peak: 11M
current process commit charge ("private bytes"): 60M, peak: 186M

vm_info: OpenJDK 64-Bit Server VM (11.0.10+0-b96-7249189) for windows-amd64 JRE (11.0.10+0-b96-7249189), built on Mar 31 2021 21:44:00 by "builder" with MS VC++ 14.0 (VS2015)

END.
