#
# There is insufficient memory for the Java Runtime Environment to continue.
# Native memory allocation (malloc) failed to allocate 1071696 bytes for Chunk::new
# Possible reasons:
#   The system is out of physical RAM or swap space
#   The process is running with CompressedOops enabled, and the Java Heap may be blocking the growth of the native heap
# Possible solutions:
#   Reduce memory load on the system
#   Increase physical memory or swap space
#   Check if swap backing store is full
#   Decrease Java heap size (-Xmx/-Xms)
#   Decrease number of Java threads
#   Decrease Java thread stack sizes (-Xss)
#   Set larger code cache with -XX:ReservedCodeCacheSize=
#   JVM is running with Unscaled Compressed Oops mode in which the Java heap is
#     placed in the first 4GB address space. The Java Heap base address is the
#     maximum limit for the native heap growth. Please use -XX:HeapBaseMinAddress
#     to set the Java Heap base and to place the Java Heap above 4GB virtual address.
# This output file may be truncated or incomplete.
#
#  Out of Memory Error (./src/hotspot/share/memory/arena.cpp:197), pid=12952, tid=16404
#
# JRE version: OpenJDK Runtime Environment (11.0.10) (build 11.0.10+0-b96-7249189)
# Java VM: OpenJDK 64-Bit Server VM (11.0.10+0-b96-7249189, mixed mode, tiered, compressed oops, g1 gc, windows-amd64)
# No core dump will be written. Minidumps are not enabled by default on client versions of Windows
#

---------------  S U M M A R Y ------------

Command Line: --add-opens=java.base/java.util=ALL-UNNAMED --add-opens=java.base/java.lang=ALL-UNNAMED --add-opens=java.base/java.lang.invoke=ALL-UNNAMED --add-opens=java.base/java.util=ALL-UNNAMED --add-opens=java.prefs/java.util.prefs=ALL-UNNAMED --add-opens=java.prefs/java.util.prefs=ALL-UNNAMED --add-opens=java.base/java.nio.charset=ALL-UNNAMED --add-opens=java.base/java.net=ALL-UNNAMED --add-opens=java.base/java.util.concurrent.atomic=ALL-UNNAMED -Xmx2048m -Dfile.encoding=UTF-8 -Duser.country=CN -Duser.language=zh -Duser.variant org.gradle.launcher.daemon.bootstrap.GradleDaemon 7.0.2

Host: Intel(R) Core(TM) i5-8265U CPU @ 1.60GHz, 8 cores, 7G,  Windows 10 , 64 bit Build 22000 (10.0.22000.120)
Time: Wed Aug 11 17:56:32 2021 中国标准时间 elapsed time: 1453.550632 seconds (0d 0h 24m 13s)

---------------  T H R E A D  ---------------

Current thread (0x0000029d07de9800):  JavaThread "C2 CompilerThread0" daemon [_thread_in_native, id=16404, stack(0x000000db0ae00000,0x000000db0af00000)]


Current CompileTask:
C2:1453550 25291       4       com.android.tools.r8.dex.z$g::a (20 bytes)

Stack: [0x000000db0ae00000,0x000000db0af00000]
Native frames: (J=compiled Java code, j=interpreted, Vv=VM code, C=native code)
V  [jvm.dll+0x5ecfaa]
V  [jvm.dll+0x722bd5]
V  [jvm.dll+0x72412d]
V  [jvm.dll+0x7247e3]
V  [jvm.dll+0x242928]
V  [jvm.dll+0xbc4fc]
V  [jvm.dll+0xbca0c]
V  [jvm.dll+0x352d3b]
V  [jvm.dll+0x320ad3]
V  [jvm.dll+0x31ffca]
V  [jvm.dll+0x1fb602]
V  [jvm.dll+0x1fa7f4]
V  [jvm.dll+0x18354c]
V  [jvm.dll+0x208ee7]
V  [jvm.dll+0x207731]
V  [jvm.dll+0x6eb1cf]
V  [jvm.dll+0x6e3d45]
V  [jvm.dll+0x5ebe96]
C  [ucrtbase.dll+0x26c0c]
C  [KERNEL32.DLL+0x154e0]
C  [ntdll.dll+0x485b]


---------------  P R O C E S S  ---------------

Threads class SMR info:
_java_thread_list=0x0000029d10c390c0, length=86, elements={
0x0000029d6d060000, 0x0000029d07d70800, 0x0000029d07d7c800, 0x0000029d07d94800,
0x0000029d07d96000, 0x0000029d07de8000, 0x0000029d07de9800, 0x0000029d07df5800,
0x0000029d07e0a000, 0x0000029d07f59800, 0x0000029d0961c800, 0x0000029d0928a800,
0x0000029d0a0d1800, 0x0000029d0900d000, 0x0000029d0a484000, 0x0000029d0a486800,
0x0000029d0a489800, 0x0000029d0a489000, 0x0000029d0a48b800, 0x0000029d0a48d000,
0x0000029d0a491000, 0x0000029d0a48c000, 0x0000029d0a48d800, 0x0000029d0e0e6000,
0x0000029d0e0eb000, 0x0000029d0e0ec800, 0x0000029d0e0ed000, 0x0000029d0e0e7800,
0x0000029d0e0f4000, 0x0000029d0e0ef800, 0x0000029d0900e800, 0x0000029d0e5ee800,
0x0000029d0e5ed800, 0x0000029d0e0e6800, 0x0000029d0e0ef000, 0x0000029d0e0e9000,
0x0000029d0e0ea000, 0x0000029d0e0ee000, 0x0000029d0a490000, 0x0000029d0a663000,
0x0000029d10845800, 0x0000029d0e5f4000, 0x0000029d0a487000, 0x0000029d0a485000,
0x0000029d0a488000, 0x0000029d0a48e800, 0x0000029d0a48f800, 0x0000029d0a48a800,
0x0000029d0a492800, 0x0000029d10846800, 0x0000029d10849000, 0x0000029d10845000,
0x0000029d10848000, 0x0000029d10847800, 0x0000029d1084a000, 0x0000029d10844000,
0x0000029d1084e800, 0x0000029d10850800, 0x0000029d1084b800, 0x0000029d1084f800,
0x0000029d1084a800, 0x0000029d1084e000, 0x0000029d10851000, 0x0000029d10852000,
0x0000029d1084c000, 0x0000029d10853000, 0x0000029d1084d000, 0x0000029d0a662000,
0x0000029d0a65e000, 0x0000029d0a661800, 0x0000029d0a65f000, 0x0000029d0a65d000,
0x0000029d0a663800, 0x0000029d0a664800, 0x0000029d0a665800, 0x0000029d0a65f800,
0x0000029d0a666000, 0x0000029d0a660800, 0x0000029d0a667000, 0x0000029d0a668000,
0x0000029d0a668800, 0x0000029d0a669800, 0x0000029d0a66a800, 0x0000029d0a66c000,
0x0000029d0a66b000, 0x0000029d0e5f0000
}

Java Threads: ( => current thread )
  0x0000029d6d060000 JavaThread "main" [_thread_blocked, id=7816, stack(0x000000db0a200000,0x000000db0a300000)]
  0x0000029d07d70800 JavaThread "Reference Handler" daemon [_thread_blocked, id=1680, stack(0x000000db0a900000,0x000000db0aa00000)]
  0x0000029d07d7c800 JavaThread "Finalizer" daemon [_thread_blocked, id=16544, stack(0x000000db0aa00000,0x000000db0ab00000)]
  0x0000029d07d94800 JavaThread "Signal Dispatcher" daemon [_thread_blocked, id=15100, stack(0x000000db0ab00000,0x000000db0ac00000)]
  0x0000029d07d96000 JavaThread "Attach Listener" daemon [_thread_blocked, id=9516, stack(0x000000db0ac00000,0x000000db0ad00000)]
  0x0000029d07de8000 JavaThread "Service Thread" daemon [_thread_blocked, id=14912, stack(0x000000db0ad00000,0x000000db0ae00000)]
=>0x0000029d07de9800 JavaThread "C2 CompilerThread0" daemon [_thread_in_native, id=16404, stack(0x000000db0ae00000,0x000000db0af00000)]
  0x0000029d07df5800 JavaThread "C1 CompilerThread0" daemon [_thread_blocked, id=4288, stack(0x000000db0af00000,0x000000db0b000000)]
  0x0000029d07e0a000 JavaThread "Sweeper thread" daemon [_thread_blocked, id=10784, stack(0x000000db0b000000,0x000000db0b100000)]
  0x0000029d07f59800 JavaThread "Common-Cleaner" daemon [_thread_blocked, id=14816, stack(0x000000db0b100000,0x000000db0b200000)]
  0x0000029d0961c800 JavaThread "Daemon health stats" [_thread_blocked, id=15788, stack(0x000000db0b500000,0x000000db0b600000)]
  0x0000029d0928a800 JavaThread "Incoming local TCP Connector on port 56618" [_thread_in_native, id=14408, stack(0x000000db0b600000,0x000000db0b700000)]
  0x0000029d0a0d1800 JavaThread "Daemon periodic checks" [_thread_blocked, id=5264, stack(0x000000db0b700000,0x000000db0b800000)]
  0x0000029d0900d000 JavaThread "Cache worker for file hash cache (C:\Users\admin\.gradle\caches\7.0.2\fileHashes)" [_thread_blocked, id=15744, stack(0x000000db0c400000,0x000000db0c500000)]
  0x0000029d0a484000 JavaThread "File lock request listener" [_thread_in_native, id=16984, stack(0x000000db0c500000,0x000000db0c600000)]
  0x0000029d0a486800 JavaThread "Cache worker for journal cache (C:\Users\admin\.gradle\caches\journal-1)" [_thread_blocked, id=5072, stack(0x000000db0c700000,0x000000db0c800000)]
  0x0000029d0a489800 JavaThread "File watcher server" daemon [_thread_in_native, id=18008, stack(0x000000db0c900000,0x000000db0ca00000)]
  0x0000029d0a489000 JavaThread "File watcher consumer" daemon [_thread_blocked, id=13792, stack(0x000000db0ca00000,0x000000db0cb00000)]
  0x0000029d0a48b800 JavaThread "Cache worker for execution history cache (C:\Users\admin\.gradle\caches\7.0.2\executionHistory)" [_thread_blocked, id=15632, stack(0x000000db0ce00000,0x000000db0cf00000)]
  0x0000029d0a48d000 JavaThread "jar transforms" [_thread_blocked, id=2728, stack(0x000000db0cf00000,0x000000db0d000000)]
  0x0000029d0a491000 JavaThread "jar transforms Thread 2" [_thread_blocked, id=12444, stack(0x000000db0d000000,0x000000db0d100000)]
  0x0000029d0a48c000 JavaThread "Cache worker for file content cache (C:\Users\admin\.gradle\caches\7.0.2\fileContent)" [_thread_blocked, id=5148, stack(0x000000db0d100000,0x000000db0d200000)]
  0x0000029d0a48d800 JavaThread "jar transforms Thread 3" [_thread_blocked, id=13280, stack(0x000000db0d300000,0x000000db0d400000)]
  0x0000029d0e0e6000 JavaThread "jar transforms Thread 4" [_thread_blocked, id=12904, stack(0x000000db0dd00000,0x000000db0de00000)]
  0x0000029d0e0eb000 JavaThread "jar transforms Thread 5" [_thread_blocked, id=15708, stack(0x000000db0de00000,0x000000db0df00000)]
  0x0000029d0e0ec800 JavaThread "jar transforms Thread 6" [_thread_blocked, id=8228, stack(0x000000db0df00000,0x000000db0e000000)]
  0x0000029d0e0ed000 JavaThread "jar transforms Thread 7" [_thread_blocked, id=17920, stack(0x000000db0e000000,0x000000db0e100000)]
  0x0000029d0e0e7800 JavaThread "jar transforms Thread 8" [_thread_blocked, id=13096, stack(0x000000db0e100000,0x000000db0e200000)]
  0x0000029d0e0f4000 JavaThread "Memory manager" [_thread_blocked, id=13728, stack(0x000000db0e200000,0x000000db0e300000)]
  0x0000029d0e0ef800 JavaThread "pool-3-thread-1" [_thread_blocked, id=3292, stack(0x000000db0e500000,0x000000db0e600000)]
  0x0000029d0900e800 JavaThread "pool-6-thread-1" [_thread_blocked, id=3644, stack(0x000000db0db00000,0x000000db0dc00000)]
  0x0000029d0e5ee800 JavaThread "pool-9-thread-1" [_thread_blocked, id=15952, stack(0x000000db0dc00000,0x000000db0dd00000)]
  0x0000029d0e5ed800 JavaThread "pool-14-thread-1" [_thread_blocked, id=4688, stack(0x000000db0e300000,0x000000db0e400000)]
  0x0000029d0e0e6800 JavaThread "RMI Scheduler(0)" daemon [_thread_blocked, id=7884, stack(0x000000db0ef00000,0x000000db0f000000)]
  0x0000029d0e0ef000 JavaThread "RMI GC Daemon" daemon [_thread_blocked, id=1800, stack(0x000000db0f700000,0x000000db0f800000)]
  0x0000029d0e0e9000 JavaThread "RMI TCP Accept-0" daemon [_thread_in_native, id=15956, stack(0x000000db0f800000,0x000000db0f900000)]
  0x0000029d0e0ea000 JavaThread "RMI Reaper" [_thread_blocked, id=6072, stack(0x000000db0f900000,0x000000db0fa00000)]
  0x0000029d0e0ee000 JavaThread "Cache worker for Java compile cache (C:\Users\admin\.gradle\caches\7.0.2\javaCompile)" [_thread_blocked, id=18360, stack(0x000000db0f500000,0x000000db0f600000)]
  0x0000029d0a490000 JavaThread "ForkJoinPool.commonPool-worker-3" daemon [_thread_blocked, id=4308, stack(0x000000db10400000,0x000000db10500000)]
  0x0000029d0a663000 JavaThread "pool-19-thread-1" [_thread_blocked, id=9008, stack(0x000000db0e400000,0x000000db0e500000)]
  0x0000029d10845800 JavaThread "pool-22-thread-1" [_thread_blocked, id=9316, stack(0x000000db0e600000,0x000000db0e700000)]
  0x0000029d0e5f4000 JavaThread "ForkJoinPool.commonPool-worker-13" daemon [_thread_blocked, id=9972, stack(0x000000db10300000,0x000000db10400000)]
  0x0000029d0a487000 JavaThread "ForkJoinPool.commonPool-worker-7" daemon [_thread_blocked, id=17236, stack(0x000000db10900000,0x000000db10a00000)]
  0x0000029d0a485000 JavaThread "Daemon Thread 5" [_thread_blocked, id=1868, stack(0x000000db09f00000,0x000000db0a000000)]
  0x0000029d0a488000 JavaThread "Handler for socket connection from /127.0.0.1:56618 to /127.0.0.1:61191" [_thread_in_native, id=17948, stack(0x000000db0a000000,0x000000db0a100000)]
  0x0000029d0a48e800 JavaThread "Cancel handler" [_thread_blocked, id=15096, stack(0x000000db0a100000,0x000000db0a200000)]
  0x0000029d0a48f800 JavaThread "Daemon worker Thread 5" [_thread_blocked, id=3664, stack(0x000000db0b800000,0x000000db0b900000)]
  0x0000029d0a48a800 JavaThread "Asynchronous log dispatcher for DefaultDaemonConnection: socket connection from /127.0.0.1:56618 to /127.0.0.1:61191" [_thread_blocked, id=12820, stack(0x000000db0b900000,0x000000db0ba00000)]
  0x0000029d0a492800 JavaThread "Stdin handler" [_thread_blocked, id=13084, stack(0x000000db0ba00000,0x000000db0bb00000)]
  0x0000029d10846800 JavaThread "Daemon client event forwarder" [_thread_blocked, id=5696, stack(0x000000db0bb00000,0x000000db0bc00000)]
  0x0000029d10849000 JavaThread "Cache worker for file hash cache (D:\android studio project\MyLuaApp2\.gradle\7.0.2\fileHashes)" [_thread_blocked, id=4160, stack(0x000000db0bc00000,0x000000db0bd00000)]
  0x0000029d10845000 JavaThread "Cache worker for checksums cache (D:\android studio project\MyLuaApp2\.gradle\checksums)" [_thread_blocked, id=3248, stack(0x000000db0bd00000,0x000000db0be00000)]
  0x0000029d10848000 JavaThread "Cache worker for cache directory md-supplier (C:\Users\admin\.gradle\caches\7.0.2\md-supplier)" [_thread_blocked, id=7228, stack(0x000000db0be00000,0x000000db0bf00000)]
  0x0000029d10847800 JavaThread "Cache worker for cache directory md-rule (C:\Users\admin\.gradle\caches\7.0.2\md-rule)" [_thread_blocked, id=4552, stack(0x000000db0c800000,0x000000db0c900000)]
  0x0000029d1084a000 JavaThread "Cache worker for dependencies-accessors (D:\android studio project\MyLuaApp2\.gradle\7.0.2\dependencies-accessors)" [_thread_blocked, id=10816, stack(0x000000db0cb00000,0x000000db0cc00000)]
  0x0000029d10844000 JavaThread "Cache worker for Build Output Cleanup Cache (D:\android studio project\MyLuaApp2\.gradle\buildOutputCleanup)" [_thread_blocked, id=16916, stack(0x000000db0cc00000,0x000000db0cd00000)]
  0x0000029d1084e800 JavaThread "Build operations" [_thread_blocked, id=10124, stack(0x000000db0cd00000,0x000000db0ce00000)]
  0x0000029d10850800 JavaThread "Build operations Thread 2" [_thread_blocked, id=13920, stack(0x000000db0d200000,0x000000db0d300000)]
  0x0000029d1084b800 JavaThread "Build operations Thread 3" [_thread_blocked, id=6956, stack(0x000000db0d400000,0x000000db0d500000)]
  0x0000029d1084f800 JavaThread "Build operations Thread 4" [_thread_blocked, id=15272, stack(0x000000db0d500000,0x000000db0d600000)]
  0x0000029d1084a800 JavaThread "Build operations Thread 5" [_thread_blocked, id=17528, stack(0x000000db0d600000,0x000000db0d700000)]
  0x0000029d1084e000 JavaThread "Build operations Thread 6" [_thread_blocked, id=16848, stack(0x000000db0d700000,0x000000db0d800000)]
  0x0000029d10851000 JavaThread "Build operations Thread 7" [_thread_blocked, id=10380, stack(0x000000db0d800000,0x000000db0d900000)]
  0x0000029d10852000 JavaThread "Build operations Thread 8" [_thread_blocked, id=1296, stack(0x000000db0d900000,0x000000db0da00000)]
  0x0000029d1084c000 JavaThread "build event listener" [_thread_blocked, id=1688, stack(0x000000db0da00000,0x000000db0db00000)]
  0x0000029d10853000 JavaThread "pool-26-thread-1" [_thread_blocked, id=1996, stack(0x000000db0e700000,0x000000db0e800000)]
  0x0000029d1084d000 JavaThread "build event listener" [_thread_blocked, id=14752, stack(0x000000db0e800000,0x000000db0e900000)]
  0x0000029d0a662000 JavaThread "Execution worker for ':'" [_thread_blocked, id=6988, stack(0x000000db0e900000,0x000000db0ea00000)]
  0x0000029d0a65e000 JavaThread "Execution worker for ':' Thread 2" [_thread_blocked, id=16444, stack(0x000000db0ea00000,0x000000db0eb00000)]
  0x0000029d0a661800 JavaThread "Execution worker for ':' Thread 3" [_thread_blocked, id=4364, stack(0x000000db0eb00000,0x000000db0ec00000)]
  0x0000029d0a65f000 JavaThread "Execution worker for ':' Thread 4" [_thread_in_Java, id=17520, stack(0x000000db0ec00000,0x000000db0ed00000)]
  0x0000029d0a65d000 JavaThread "Execution worker for ':' Thread 5" [_thread_blocked, id=1520, stack(0x000000db0ed00000,0x000000db0ee00000)]
  0x0000029d0a663800 JavaThread "Execution worker for ':' Thread 6" [_thread_blocked, id=17276, stack(0x000000db0f000000,0x000000db0f100000)]
  0x0000029d0a664800 JavaThread "Execution worker for ':' Thread 7" [_thread_blocked, id=304, stack(0x000000db0f100000,0x000000db0f200000)]
  0x0000029d0a665800 JavaThread "Cache worker for execution history cache (D:\android studio project\MyLuaApp2\.gradle\7.0.2\executionHistory)" [_thread_blocked, id=14092, stack(0x000000db0f200000,0x000000db0f300000)]
  0x0000029d0a65f800 JavaThread "RMI RenewClean-[127.0.0.1:17646,org.jetbrains.kotlin.daemon.common.LoopbackNetworkInterface$ClientLoopbackSocketFactory@1029e2bc]" daemon [_thread_blocked, id=1876, stack(0x000000db0f300000,0x000000db0f400000)]
  0x0000029d0a666000 JavaThread "RMI TCP Connection(7)-127.0.0.1" daemon [_thread_in_native, id=1144, stack(0x000000db0f400000,0x000000db0f500000)]
  0x0000029d0a660800 JavaThread "WorkerExecutor Queue" [_thread_blocked, id=8420, stack(0x000000db0f600000,0x000000db0f700000)]
  0x0000029d0a667000 JavaThread "WorkerExecutor Queue Thread 2" [_thread_in_Java, id=16768, stack(0x000000db0fa00000,0x000000db0fb00000)]
  0x0000029d0a668000 JavaThread "WorkerExecutor Queue Thread 3" [_thread_blocked, id=4020, stack(0x000000db0fb00000,0x000000db0fc00000)]
  0x0000029d0a668800 JavaThread "WorkerExecutor Queue Thread 4" [_thread_blocked, id=6452, stack(0x000000db0fc00000,0x000000db0fd00000)]
  0x0000029d0a669800 JavaThread "WorkerExecutor Queue Thread 5" [_thread_blocked, id=13144, stack(0x000000db0fd00000,0x000000db0fe00000)]
  0x0000029d0a66a800 JavaThread "WorkerExecutor Queue Thread 6" [_thread_in_native, id=14000, stack(0x000000db0fe00000,0x000000db0ff00000)]
  0x0000029d0a66c000 JavaThread "WorkerExecutor Queue Thread 7" [_thread_blocked, id=5136, stack(0x000000db0ff00000,0x000000db10000000)]
  0x0000029d0a66b000 JavaThread "WorkerExecutor Queue Thread 8" [_thread_blocked, id=9664, stack(0x000000db10000000,0x000000db10100000)]
  0x0000029d0e5f0000 JavaThread "WorkerExecutor Queue Thread 9" [_thread_blocked, id=18380, stack(0x000000db10100000,0x000000db10200000)]

Other Threads:
  0x0000029d0756b800 VMThread "VM Thread" [stack: 0x000000db0a800000,0x000000db0a900000] [id=7388]
  0x0000029d07f66800 WatcherThread [stack: 0x000000db0b200000,0x000000db0b300000] [id=13260]
  0x0000029d6d077800 GCTaskThread "GC Thread#0" [stack: 0x000000db0a300000,0x000000db0a400000] [id=5728]
  0x0000029d08a0b800 GCTaskThread "GC Thread#1" [stack: 0x000000db0b300000,0x000000db0b400000] [id=12600]
  0x0000029d08a35000 GCTaskThread "GC Thread#2" [stack: 0x000000db0b400000,0x000000db0b500000] [id=2428]
  0x0000029d09f66800 GCTaskThread "GC Thread#3" [stack: 0x000000db0bf00000,0x000000db0c000000] [id=10860]
  0x0000029d09f4b800 GCTaskThread "GC Thread#4" [stack: 0x000000db0c000000,0x000000db0c100000] [id=15476]
  0x0000029d08f5d800 GCTaskThread "GC Thread#5" [stack: 0x000000db0c100000,0x000000db0c200000] [id=1992]
  0x0000029d08f5e000 GCTaskThread "GC Thread#6" [stack: 0x000000db0c200000,0x000000db0c300000] [id=8444]
  0x0000029d097af000 GCTaskThread "GC Thread#7" [stack: 0x000000db0c300000,0x000000db0c400000] [id=12948]
  0x0000029d6d0a8800 ConcurrentGCThread "G1 Main Marker" [stack: 0x000000db0a400000,0x000000db0a500000] [id=5388]
  0x0000029d6d0a9800 ConcurrentGCThread "G1 Conc#0" [stack: 0x000000db0a500000,0x000000db0a600000] [id=13456]
  0x0000029d09e47000 ConcurrentGCThread "G1 Conc#1" [stack: 0x000000db0c600000,0x000000db0c700000] [id=16860]
  0x0000029d6d12e800 ConcurrentGCThread "G1 Refine#0" [stack: 0x000000db0a600000,0x000000db0a700000] [id=13480]
  0x0000029d073ba000 ConcurrentGCThread "G1 Young RemSet Sampling" [stack: 0x000000db0a700000,0x000000db0a800000] [id=6380]

Threads with active compile tasks:
C2 CompilerThread01453614 25291       4       com.android.tools.r8.dex.z$g::a (20 bytes)

VM state:not at safepoint (normal execution)

VM Mutex/Monitor currently owned by a thread: None

Heap address: 0x0000000080000000, size: 2048 MB, Compressed Oops mode: 32-bit
Narrow klass base: 0x0000000000000000, Narrow klass shift: 3
Compressed class space size: 1073741824 Address: 0x0000000100000000

Heap:
 garbage-first heap   total 225280K, used 157687K [0x0000000080000000, 0x0000000100000000)
  region size 1024K, 29 young (29696K), 1 survivors (1024K)
 Metaspace       used 134444K, capacity 139140K, committed 139340K, reserved 1169408K
  class space    used 16991K, capacity 18734K, committed 18764K, reserved 1048576K
Heap Regions: E=young(eden), S=young(survivor), O=old, HS=humongous(starts), HC=humongous(continues), CS=collection set, F=free, A=archive, TAMS=top-at-mark-start (previous, next)
|   0|0x0000000080000000, 0x0000000080100000, 0x0000000080100000|100%| O|  |TAMS 0x0000000080100000, 0x0000000080000000| Untracked 
|   1|0x0000000080100000, 0x0000000080200000, 0x0000000080200000|100%| O|  |TAMS 0x0000000080200000, 0x0000000080100000| Untracked 
|   2|0x0000000080200000, 0x0000000080300000, 0x0000000080300000|100%| O|  |TAMS 0x0000000080300000, 0x0000000080200000| Untracked 
|   3|0x0000000080300000, 0x0000000080400000, 0x0000000080400000|100%|HS|  |TAMS 0x0000000080400000, 0x0000000080300000| Complete 
|   4|0x0000000080400000, 0x0000000080500000, 0x0000000080500000|100%|HC|  |TAMS 0x0000000080500000, 0x0000000080400000| Complete 
|   5|0x0000000080500000, 0x0000000080600000, 0x0000000080600000|100%|HC|  |TAMS 0x0000000080600000, 0x0000000080500000| Complete 
|   6|0x0000000080600000, 0x0000000080700000, 0x0000000080700000|100%| O|  |TAMS 0x0000000080700000, 0x0000000080600000| Untracked 
|   7|0x0000000080700000, 0x0000000080800000, 0x0000000080800000|100%| O|  |TAMS 0x0000000080800000, 0x0000000080700000| Untracked 
|   8|0x0000000080800000, 0x0000000080900000, 0x0000000080900000|100%| O|  |TAMS 0x0000000080900000, 0x0000000080800000| Untracked 
|   9|0x0000000080900000, 0x0000000080a00000, 0x0000000080a00000|100%| O|  |TAMS 0x0000000080a00000, 0x0000000080900000| Untracked 
|  10|0x0000000080a00000, 0x0000000080b00000, 0x0000000080b00000|100%| O|  |TAMS 0x0000000080b00000, 0x0000000080a00000| Untracked 
|  11|0x0000000080b00000, 0x0000000080c00000, 0x0000000080c00000|100%| O|  |TAMS 0x0000000080c00000, 0x0000000080b00000| Untracked 
|  12|0x0000000080c00000, 0x0000000080d00000, 0x0000000080d00000|100%| O|  |TAMS 0x0000000080d00000, 0x0000000080c00000| Untracked 
|  13|0x0000000080d00000, 0x0000000080e00000, 0x0000000080e00000|100%| O|  |TAMS 0x0000000080e00000, 0x0000000080d00000| Untracked 
|  14|0x0000000080e00000, 0x0000000080f00000, 0x0000000080f00000|100%| O|  |TAMS 0x0000000080f00000, 0x0000000080e00000| Untracked 
|  15|0x0000000080f00000, 0x0000000081000000, 0x0000000081000000|100%| O|  |TAMS 0x0000000081000000, 0x0000000080f00000| Untracked 
|  16|0x0000000081000000, 0x0000000081100000, 0x0000000081100000|100%|HS|  |TAMS 0x0000000081100000, 0x0000000081000000| Complete 
|  17|0x0000000081100000, 0x0000000081200000, 0x0000000081200000|100%| O|  |TAMS 0x0000000081200000, 0x0000000081100000| Untracked 
|  18|0x0000000081200000, 0x0000000081300000, 0x0000000081300000|100%| O|  |TAMS 0x0000000081300000, 0x0000000081200000| Untracked 
|  19|0x0000000081300000, 0x0000000081400000, 0x0000000081400000|100%| O|  |TAMS 0x0000000081400000, 0x0000000081300000| Untracked 
|  20|0x0000000081400000, 0x0000000081500000, 0x0000000081500000|100%| O|  |TAMS 0x0000000081500000, 0x0000000081400000| Untracked 
|  21|0x0000000081500000, 0x0000000081600000, 0x0000000081600000|100%| O|  |TAMS 0x0000000081600000, 0x0000000081500000| Untracked 
|  22|0x0000000081600000, 0x0000000081700000, 0x0000000081700000|100%| O|  |TAMS 0x0000000081700000, 0x0000000081600000| Untracked 
|  23|0x0000000081700000, 0x0000000081800000, 0x0000000081800000|100%|HS|  |TAMS 0x0000000081800000, 0x0000000081700000| Complete 
|  24|0x0000000081800000, 0x0000000081900000, 0x0000000081900000|100%|HS|  |TAMS 0x0000000081900000, 0x0000000081800000| Complete 
|  25|0x0000000081900000, 0x0000000081a00000, 0x0000000081a00000|100%|HS|  |TAMS 0x0000000081a00000, 0x0000000081900000| Complete 
|  26|0x0000000081a00000, 0x0000000081b00000, 0x0000000081b00000|100%|HC|  |TAMS 0x0000000081b00000, 0x0000000081a00000| Complete 
|  27|0x0000000081b00000, 0x0000000081c00000, 0x0000000081c00000|100%|HC|  |TAMS 0x0000000081c00000, 0x0000000081b00000| Complete 
|  28|0x0000000081c00000, 0x0000000081d00000, 0x0000000081d00000|100%| O|  |TAMS 0x0000000081d00000, 0x0000000081c00000| Untracked 
|  29|0x0000000081d00000, 0x0000000081e00000, 0x0000000081e00000|100%| O|  |TAMS 0x0000000081e00000, 0x0000000081d00000| Untracked 
|  30|0x0000000081e00000, 0x0000000081f00000, 0x0000000081f00000|100%| O|  |TAMS 0x0000000081f00000, 0x0000000081e00000| Untracked 
|  31|0x0000000081f00000, 0x0000000082000000, 0x0000000082000000|100%| O|  |TAMS 0x0000000082000000, 0x0000000081f00000| Untracked 
|  32|0x0000000082000000, 0x0000000082100000, 0x0000000082100000|100%| O|  |TAMS 0x0000000082100000, 0x0000000082000000| Untracked 
|  33|0x0000000082100000, 0x0000000082200000, 0x0000000082200000|100%|HS|  |TAMS 0x0000000082200000, 0x0000000082100000| Complete 
|  34|0x0000000082200000, 0x0000000082300000, 0x0000000082300000|100%|HC|  |TAMS 0x0000000082300000, 0x0000000082200000| Complete 
|  35|0x0000000082300000, 0x0000000082400000, 0x0000000082400000|100%| O|  |TAMS 0x0000000082400000, 0x0000000082300000| Untracked 
|  36|0x0000000082400000, 0x0000000082500000, 0x0000000082500000|100%| O|  |TAMS 0x0000000082500000, 0x0000000082400000| Untracked 
|  37|0x0000000082500000, 0x0000000082600000, 0x0000000082600000|100%| O|  |TAMS 0x0000000082600000, 0x0000000082500000| Untracked 
|  38|0x0000000082600000, 0x0000000082700000, 0x0000000082700000|100%| O|  |TAMS 0x0000000082700000, 0x0000000082600000| Untracked 
|  39|0x0000000082700000, 0x0000000082800000, 0x0000000082800000|100%| O|  |TAMS 0x0000000082800000, 0x0000000082700000| Untracked 
|  40|0x0000000082800000, 0x0000000082900000, 0x0000000082900000|100%| O|  |TAMS 0x0000000082900000, 0x0000000082800000| Untracked 
|  41|0x0000000082900000, 0x0000000082a00000, 0x0000000082a00000|100%| O|  |TAMS 0x0000000082a00000, 0x0000000082900000| Untracked 
|  42|0x0000000082a00000, 0x0000000082b00000, 0x0000000082b00000|100%| O|  |TAMS 0x0000000082b00000, 0x0000000082a00000| Untracked 
|  43|0x0000000082b00000, 0x0000000082c00000, 0x0000000082c00000|100%| O|  |TAMS 0x0000000082c00000, 0x0000000082b00000| Untracked 
|  44|0x0000000082c00000, 0x0000000082d00000, 0x0000000082d00000|100%| O|  |TAMS 0x0000000082d00000, 0x0000000082c00000| Untracked 
|  45|0x0000000082d00000, 0x0000000082e00000, 0x0000000082e00000|100%| O|  |TAMS 0x0000000082e00000, 0x0000000082d00000| Untracked 
|  46|0x0000000082e00000, 0x0000000082f00000, 0x0000000082f00000|100%| O|  |TAMS 0x0000000082f00000, 0x0000000082e00000| Untracked 
|  47|0x0000000082f00000, 0x0000000083000000, 0x0000000083000000|100%| O|  |TAMS 0x0000000083000000, 0x0000000082f00000| Untracked 
|  48|0x0000000083000000, 0x0000000083100000, 0x0000000083100000|100%| O|  |TAMS 0x0000000083100000, 0x0000000083000000| Untracked 
|  49|0x0000000083100000, 0x0000000083200000, 0x0000000083200000|100%| O|  |TAMS 0x0000000083200000, 0x0000000083100000| Untracked 
|  50|0x0000000083200000, 0x0000000083300000, 0x0000000083300000|100%| O|  |TAMS 0x0000000083300000, 0x0000000083200000| Untracked 
|  51|0x0000000083300000, 0x0000000083400000, 0x0000000083400000|100%| O|  |TAMS 0x0000000083400000, 0x0000000083300000| Untracked 
|  52|0x0000000083400000, 0x0000000083500000, 0x0000000083500000|100%| O|  |TAMS 0x0000000083500000, 0x0000000083400000| Untracked 
|  53|0x0000000083500000, 0x0000000083600000, 0x0000000083600000|100%| O|  |TAMS 0x0000000083600000, 0x0000000083500000| Untracked 
|  54|0x0000000083600000, 0x0000000083700000, 0x0000000083700000|100%| O|  |TAMS 0x0000000083700000, 0x0000000083600000| Untracked 
|  55|0x0000000083700000, 0x0000000083800000, 0x0000000083800000|100%| O|  |TAMS 0x0000000083800000, 0x0000000083700000| Untracked 
|  56|0x0000000083800000, 0x0000000083900000, 0x0000000083900000|100%| O|  |TAMS 0x0000000083900000, 0x0000000083800000| Untracked 
|  57|0x0000000083900000, 0x0000000083a00000, 0x0000000083a00000|100%| O|  |TAMS 0x0000000083a00000, 0x0000000083900000| Untracked 
|  58|0x0000000083a00000, 0x0000000083b00000, 0x0000000083b00000|100%| O|  |TAMS 0x0000000083b00000, 0x0000000083a00000| Untracked 
|  59|0x0000000083b00000, 0x0000000083c00000, 0x0000000083c00000|100%| O|  |TAMS 0x0000000083c00000, 0x0000000083b00000| Untracked 
|  60|0x0000000083c00000, 0x0000000083d00000, 0x0000000083d00000|100%| O|  |TAMS 0x0000000083d00000, 0x0000000083c00000| Untracked 
|  61|0x0000000083d00000, 0x0000000083e00000, 0x0000000083e00000|100%| O|  |TAMS 0x0000000083e00000, 0x0000000083d00000| Untracked 
|  62|0x0000000083e00000, 0x0000000083f00000, 0x0000000083f00000|100%| O|  |TAMS 0x0000000083f00000, 0x0000000083e00000| Untracked 
|  63|0x0000000083f00000, 0x0000000083f00000, 0x0000000084000000|  0%| F|  |TAMS 0x0000000083f00000, 0x0000000083f00000| Untracked 
|  64|0x0000000084000000, 0x0000000084100000, 0x0000000084100000|100%| O|  |TAMS 0x0000000084100000, 0x0000000084000000| Untracked 
|  65|0x0000000084100000, 0x0000000084200000, 0x0000000084200000|100%| O|  |TAMS 0x0000000084200000, 0x0000000084100000| Untracked 
|  66|0x0000000084200000, 0x0000000084200000, 0x0000000084300000|  0%| F|  |TAMS 0x0000000084200000, 0x0000000084200000| Untracked 
|  67|0x0000000084300000, 0x0000000084400000, 0x0000000084400000|100%| O|  |TAMS 0x0000000084400000, 0x0000000084300000| Untracked 
|  68|0x0000000084400000, 0x0000000084500000, 0x0000000084500000|100%| O|  |TAMS 0x0000000084500000, 0x0000000084400000| Untracked 
|  69|0x0000000084500000, 0x0000000084600000, 0x0000000084600000|100%| O|  |TAMS 0x0000000084600000, 0x0000000084500000| Untracked 
|  70|0x0000000084600000, 0x0000000084700000, 0x0000000084700000|100%| O|  |TAMS 0x0000000084600000, 0x0000000084600000| Untracked 
|  71|0x0000000084700000, 0x0000000084800000, 0x0000000084800000|100%| O|  |TAMS 0x0000000084800000, 0x0000000084700000| Untracked 
|  72|0x0000000084800000, 0x0000000084900000, 0x0000000084900000|100%| O|  |TAMS 0x0000000084800000, 0x0000000084800000| Untracked 
|  73|0x0000000084900000, 0x0000000084a00000, 0x0000000084a00000|100%| O|  |TAMS 0x0000000084a00000, 0x0000000084900000| Untracked 
|  74|0x0000000084a00000, 0x0000000084b00000, 0x0000000084b00000|100%| O|  |TAMS 0x0000000084a00000, 0x0000000084a00000| Untracked 
|  75|0x0000000084b00000, 0x0000000084c00000, 0x0000000084c00000|100%| O|  |TAMS 0x0000000084c00000, 0x0000000084b00000| Untracked 
|  76|0x0000000084c00000, 0x0000000084d00000, 0x0000000084d00000|100%| O|  |TAMS 0x0000000084d00000, 0x0000000084c00000| Untracked 
|  77|0x0000000084d00000, 0x0000000084e00000, 0x0000000084e00000|100%| O|  |TAMS 0x0000000084e00000, 0x0000000084d00000| Untracked 
|  78|0x0000000084e00000, 0x0000000084f00000, 0x0000000084f00000|100%| O|  |TAMS 0x0000000084f00000, 0x0000000084e00000| Untracked 
|  79|0x0000000084f00000, 0x0000000084f00000, 0x0000000085000000|  0%| F|  |TAMS 0x0000000084f00000, 0x0000000084f00000| Untracked 
|  80|0x0000000085000000, 0x0000000085100000, 0x0000000085100000|100%| O|  |TAMS 0x0000000085100000, 0x0000000085000000| Untracked 
|  81|0x0000000085100000, 0x0000000085200000, 0x0000000085200000|100%| O|  |TAMS 0x0000000085200000, 0x0000000085100000| Untracked 
|  82|0x0000000085200000, 0x0000000085300000, 0x0000000085300000|100%| O|  |TAMS 0x0000000085300000, 0x0000000085200000| Untracked 
|  83|0x0000000085300000, 0x0000000085400000, 0x0000000085400000|100%| O|  |TAMS 0x0000000085300000, 0x0000000085300000| Untracked 
|  84|0x0000000085400000, 0x0000000085500000, 0x0000000085500000|100%| O|  |TAMS 0x0000000085400000, 0x0000000085400000| Untracked 
|  85|0x0000000085500000, 0x0000000085600000, 0x0000000085600000|100%| O|  |TAMS 0x0000000085600000, 0x0000000085500000| Untracked 
|  86|0x0000000085600000, 0x0000000085700000, 0x0000000085700000|100%| O|  |TAMS 0x0000000085700000, 0x0000000085600000| Untracked 
|  87|0x0000000085700000, 0x0000000085800000, 0x0000000085800000|100%| O|  |TAMS 0x0000000085700000, 0x0000000085700000| Untracked 
|  88|0x0000000085800000, 0x0000000085900000, 0x0000000085900000|100%| O|  |TAMS 0x0000000085800000, 0x0000000085800000| Untracked 
|  89|0x0000000085900000, 0x0000000085900000, 0x0000000085a00000|  0%| F|  |TAMS 0x0000000085900000, 0x0000000085900000| Untracked 
|  90|0x0000000085a00000, 0x0000000085b00000, 0x0000000085b00000|100%| O|  |TAMS 0x0000000085b00000, 0x0000000085a00000| Untracked 
|  91|0x0000000085b00000, 0x0000000085c00000, 0x0000000085c00000|100%| O|  |TAMS 0x0000000085c00000, 0x0000000085b00000| Untracked 
|  92|0x0000000085c00000, 0x0000000085d00000, 0x0000000085d00000|100%| O|  |TAMS 0x0000000085d00000, 0x0000000085c00000| Untracked 
|  93|0x0000000085d00000, 0x0000000085e00000, 0x0000000085e00000|100%| O|  |TAMS 0x0000000085e00000, 0x0000000085d00000| Untracked 
|  94|0x0000000085e00000, 0x0000000085f00000, 0x0000000085f00000|100%| O|  |TAMS 0x0000000085f00000, 0x0000000085e00000| Untracked 
|  95|0x0000000085f00000, 0x0000000086000000, 0x0000000086000000|100%| O|  |TAMS 0x0000000085f00000, 0x0000000085f00000| Untracked 
|  96|0x0000000086000000, 0x0000000086100000, 0x0000000086100000|100%| O|  |TAMS 0x0000000086100000, 0x0000000086000000| Untracked 
|  97|0x0000000086100000, 0x0000000086200000, 0x0000000086200000|100%| O|  |TAMS 0x0000000086200000, 0x0000000086100000| Untracked 
|  98|0x0000000086200000, 0x0000000086300000, 0x0000000086300000|100%| O|  |TAMS 0x0000000086300000, 0x0000000086200000| Untracked 
|  99|0x0000000086300000, 0x0000000086400000, 0x0000000086400000|100%| O|  |TAMS 0x0000000086400000, 0x0000000086300000| Untracked 
| 100|0x0000000086400000, 0x0000000086400000, 0x0000000086500000|  0%| F|  |TAMS 0x0000000086400000, 0x0000000086400000| Untracked 
| 101|0x0000000086500000, 0x0000000086500000, 0x0000000086600000|  0%| F|  |TAMS 0x0000000086500000, 0x0000000086500000| Untracked 
| 102|0x0000000086600000, 0x0000000086700000, 0x0000000086700000|100%| O|  |TAMS 0x0000000086700000, 0x0000000086600000| Untracked 
| 103|0x0000000086700000, 0x0000000086800000, 0x0000000086800000|100%| O|  |TAMS 0x0000000086800000, 0x0000000086700000| Untracked 
| 104|0x0000000086800000, 0x0000000086800000, 0x0000000086900000|  0%| F|  |TAMS 0x0000000086800000, 0x0000000086800000| Untracked 
| 105|0x0000000086900000, 0x0000000086900000, 0x0000000086a00000|  0%| F|  |TAMS 0x0000000086900000, 0x0000000086900000| Untracked 
| 106|0x0000000086a00000, 0x0000000086b00000, 0x0000000086b00000|100%| O|  |TAMS 0x0000000086a00000, 0x0000000086a00000| Untracked 
| 107|0x0000000086b00000, 0x0000000086c00000, 0x0000000086c00000|100%| O|  |TAMS 0x0000000086c00000, 0x0000000086b00000| Untracked 
| 108|0x0000000086c00000, 0x0000000086d00000, 0x0000000086d00000|100%| O|  |TAMS 0x0000000086d00000, 0x0000000086c00000| Untracked 
| 109|0x0000000086d00000, 0x0000000086d00000, 0x0000000086e00000|  0%| F|  |TAMS 0x0000000086d00000, 0x0000000086d00000| Untracked 
| 110|0x0000000086e00000, 0x0000000086f00000, 0x0000000086f00000|100%| O|  |TAMS 0x0000000086e00000, 0x0000000086e00000| Untracked 
| 111|0x0000000086f00000, 0x0000000086f00000, 0x0000000087000000|  0%| F|  |TAMS 0x0000000086f00000, 0x0000000086f00000| Untracked 
| 112|0x0000000087000000, 0x0000000087100000, 0x0000000087100000|100%| O|  |TAMS 0x0000000087000000, 0x0000000087000000| Untracked 
| 113|0x0000000087100000, 0x0000000087200000, 0x0000000087200000|100%| O|  |TAMS 0x0000000087100000, 0x0000000087100000| Untracked 
| 114|0x0000000087200000, 0x0000000087200000, 0x0000000087300000|  0%| F|  |TAMS 0x0000000087200000, 0x0000000087200000| Untracked 
| 115|0x0000000087300000, 0x000000008731fc00, 0x0000000087400000| 12%| O|  |TAMS 0x0000000087300000, 0x0000000087300000| Untracked 
| 116|0x0000000087400000, 0x0000000087500000, 0x0000000087500000|100%| O|  |TAMS 0x0000000087500000, 0x0000000087400000| Untracked 
| 117|0x0000000087500000, 0x0000000087500000, 0x0000000087600000|  0%| F|  |TAMS 0x0000000087500000, 0x0000000087500000| Untracked 
| 118|0x0000000087600000, 0x0000000087600000, 0x0000000087700000|  0%| F|  |TAMS 0x0000000087600000, 0x0000000087600000| Untracked 
| 119|0x0000000087700000, 0x0000000087800000, 0x0000000087800000|100%| O|  |TAMS 0x0000000087800000, 0x0000000087700000| Untracked 
| 120|0x0000000087800000, 0x0000000087800000, 0x0000000087900000|  0%| F|  |TAMS 0x0000000087800000, 0x0000000087800000| Untracked 
| 121|0x0000000087900000, 0x0000000087900000, 0x0000000087a00000|  0%| F|  |TAMS 0x0000000087900000, 0x0000000087900000| Untracked 
| 122|0x0000000087a00000, 0x0000000087b00000, 0x0000000087b00000|100%| O|  |TAMS 0x0000000087b00000, 0x0000000087a00000| Untracked 
| 123|0x0000000087b00000, 0x0000000087c00000, 0x0000000087c00000|100%| O|  |TAMS 0x0000000087c00000, 0x0000000087b00000| Untracked 
| 124|0x0000000087c00000, 0x0000000087c00000, 0x0000000087d00000|  0%| F|  |TAMS 0x0000000087c00000, 0x0000000087c00000| Untracked 
| 125|0x0000000087d00000, 0x0000000087d00000, 0x0000000087e00000|  0%| F|  |TAMS 0x0000000087d00000, 0x0000000087d00000| Untracked 
| 126|0x0000000087e00000, 0x0000000087e00000, 0x0000000087f00000|  0%| F|  |TAMS 0x0000000087e00000, 0x0000000087e00000| Untracked 
| 127|0x0000000087f00000, 0x0000000088000000, 0x0000000088000000|100%| O|  |TAMS 0x0000000088000000, 0x0000000087f00000| Untracked 
| 128|0x0000000088000000, 0x0000000088100000, 0x0000000088100000|100%| O|  |TAMS 0x0000000088100000, 0x0000000088000000| Untracked 
| 129|0x0000000088100000, 0x0000000088200000, 0x0000000088200000|100%| O|  |TAMS 0x0000000088200000, 0x0000000088100000| Untracked 
| 130|0x0000000088200000, 0x0000000088300000, 0x0000000088300000|100%| O|  |TAMS 0x0000000088300000, 0x0000000088200000| Untracked 
| 131|0x0000000088300000, 0x0000000088400000, 0x0000000088400000|100%| O|  |TAMS 0x0000000088400000, 0x0000000088300000| Untracked 
| 132|0x0000000088400000, 0x0000000088500000, 0x0000000088500000|100%| O|  |TAMS 0x0000000088500000, 0x0000000088400000| Untracked 
| 133|0x0000000088500000, 0x0000000088600000, 0x0000000088600000|100%| O|  |TAMS 0x0000000088600000, 0x0000000088500000| Untracked 
| 134|0x0000000088600000, 0x0000000088600000, 0x0000000088700000|  0%| F|  |TAMS 0x0000000088600000, 0x0000000088600000| Untracked 
| 135|0x0000000088700000, 0x0000000088700000, 0x0000000088800000|  0%| F|  |TAMS 0x0000000088700000, 0x0000000088700000| Untracked 
| 136|0x0000000088800000, 0x0000000088900000, 0x0000000088900000|100%| O|  |TAMS 0x0000000088900000, 0x0000000088800000| Untracked 
| 137|0x0000000088900000, 0x0000000088900000, 0x0000000088a00000|  0%| F|  |TAMS 0x0000000088900000, 0x0000000088900000| Untracked 
| 138|0x0000000088a00000, 0x0000000088b00000, 0x0000000088b00000|100%| O|  |TAMS 0x0000000088b00000, 0x0000000088a00000| Untracked 
| 139|0x0000000088b00000, 0x0000000088c00000, 0x0000000088c00000|100%| O|  |TAMS 0x0000000088c00000, 0x0000000088b00000| Untracked 
| 140|0x0000000088c00000, 0x0000000088d00000, 0x0000000088d00000|100%| O|  |TAMS 0x0000000088d00000, 0x0000000088c00000| Untracked 
| 141|0x0000000088d00000, 0x0000000088e00000, 0x0000000088e00000|100%| O|  |TAMS 0x0000000088e00000, 0x0000000088d00000| Untracked 
| 142|0x0000000088e00000, 0x0000000088f00000, 0x0000000088f00000|100%| O|  |TAMS 0x0000000088f00000, 0x0000000088e00000| Untracked 
| 143|0x0000000088f00000, 0x0000000089000000, 0x0000000089000000|100%| O|  |TAMS 0x0000000089000000, 0x0000000088f00000| Untracked 
| 144|0x0000000089000000, 0x0000000089000000, 0x0000000089100000|  0%| F|  |TAMS 0x0000000089000000, 0x0000000089000000| Untracked 
| 145|0x0000000089100000, 0x0000000089200000, 0x0000000089200000|100%| O|  |TAMS 0x0000000089200000, 0x0000000089100000| Untracked 
| 146|0x0000000089200000, 0x0000000089300000, 0x0000000089300000|100%| O|  |TAMS 0x0000000089300000, 0x0000000089200000| Untracked 
| 147|0x0000000089300000, 0x0000000089400000, 0x0000000089400000|100%| O|  |TAMS 0x0000000089400000, 0x0000000089300000| Untracked 
| 148|0x0000000089400000, 0x0000000089500000, 0x0000000089500000|100%| O|  |TAMS 0x0000000089500000, 0x0000000089400000| Untracked 
| 149|0x0000000089500000, 0x0000000089500000, 0x0000000089600000|  0%| F|  |TAMS 0x0000000089500000, 0x0000000089500000| Untracked 
| 150|0x0000000089600000, 0x0000000089700000, 0x0000000089700000|100%| O|  |TAMS 0x0000000089700000, 0x0000000089600000| Untracked 
| 151|0x0000000089700000, 0x0000000089700000, 0x0000000089800000|  0%| F|  |TAMS 0x0000000089700000, 0x0000000089700000| Untracked 
| 152|0x0000000089800000, 0x0000000089800000, 0x0000000089900000|  0%| F|  |TAMS 0x0000000089800000, 0x0000000089800000| Untracked 
| 153|0x0000000089900000, 0x0000000089900000, 0x0000000089a00000|  0%| F|  |TAMS 0x0000000089900000, 0x0000000089900000| Untracked 
| 154|0x0000000089a00000, 0x0000000089a00000, 0x0000000089b00000|  0%| F|  |TAMS 0x0000000089a00000, 0x0000000089a00000| Untracked 
| 155|0x0000000089b00000, 0x0000000089b00000, 0x0000000089c00000|  0%| F|  |TAMS 0x0000000089b00000, 0x0000000089b00000| Untracked 
| 156|0x0000000089c00000, 0x0000000089c00000, 0x0000000089d00000|  0%| F|  |TAMS 0x0000000089c00000, 0x0000000089c00000| Untracked 
| 157|0x0000000089d00000, 0x0000000089d00000, 0x0000000089e00000|  0%| F|  |TAMS 0x0000000089d00000, 0x0000000089d00000| Untracked 
| 158|0x0000000089e00000, 0x0000000089e00000, 0x0000000089f00000|  0%| F|  |TAMS 0x0000000089e00000, 0x0000000089e00000| Untracked 
| 159|0x0000000089f00000, 0x0000000089f00000, 0x000000008a000000|  0%| F|  |TAMS 0x0000000089f00000, 0x0000000089f00000| Untracked 
| 160|0x000000008a000000, 0x000000008a000000, 0x000000008a100000|  0%| F|  |TAMS 0x000000008a000000, 0x000000008a000000| Untracked 
| 161|0x000000008a100000, 0x000000008a100000, 0x000000008a200000|  0%| F|  |TAMS 0x000000008a100000, 0x000000008a100000| Untracked 
| 162|0x000000008a200000, 0x000000008a200000, 0x000000008a300000|  0%| F|  |TAMS 0x000000008a200000, 0x000000008a200000| Untracked 
| 163|0x000000008a300000, 0x000000008a300000, 0x000000008a400000|  0%| F|  |TAMS 0x000000008a300000, 0x000000008a300000| Untracked 
| 164|0x000000008a400000, 0x000000008a400000, 0x000000008a500000|  0%| F|  |TAMS 0x000000008a400000, 0x000000008a400000| Untracked 
| 165|0x000000008a500000, 0x000000008a500000, 0x000000008a600000|  0%| F|  |TAMS 0x000000008a500000, 0x000000008a500000| Untracked 
| 166|0x000000008a600000, 0x000000008a600000, 0x000000008a700000|  0%| F|  |TAMS 0x000000008a600000, 0x000000008a600000| Untracked 
| 167|0x000000008a700000, 0x000000008a700000, 0x000000008a800000|  0%| F|  |TAMS 0x000000008a700000, 0x000000008a700000| Untracked 
| 168|0x000000008a800000, 0x000000008a800000, 0x000000008a900000|  0%| F|  |TAMS 0x000000008a800000, 0x000000008a800000| Untracked 
| 169|0x000000008a900000, 0x000000008a900000, 0x000000008aa00000|  0%| F|  |TAMS 0x000000008a900000, 0x000000008a900000| Untracked 
| 170|0x000000008aa00000, 0x000000008aa00000, 0x000000008ab00000|  0%| F|  |TAMS 0x000000008aa00000, 0x000000008aa00000| Untracked 
| 171|0x000000008ab00000, 0x000000008ab00000, 0x000000008ac00000|  0%| F|  |TAMS 0x000000008ab00000, 0x000000008ab00000| Untracked 
| 172|0x000000008ac00000, 0x000000008ac00000, 0x000000008ad00000|  0%| F|  |TAMS 0x000000008ac00000, 0x000000008ac00000| Untracked 
| 173|0x000000008ad00000, 0x000000008ad00000, 0x000000008ae00000|  0%| F|  |TAMS 0x000000008ad00000, 0x000000008ad00000| Untracked 
| 174|0x000000008ae00000, 0x000000008ae00000, 0x000000008af00000|  0%| F|  |TAMS 0x000000008ae00000, 0x000000008ae00000| Untracked 
| 175|0x000000008af00000, 0x000000008af00000, 0x000000008b000000|  0%| F|  |TAMS 0x000000008af00000, 0x000000008af00000| Untracked 
| 176|0x000000008b000000, 0x000000008b000000, 0x000000008b100000|  0%| F|  |TAMS 0x000000008b000000, 0x000000008b000000| Untracked 
| 177|0x000000008b100000, 0x000000008b100000, 0x000000008b200000|  0%| F|  |TAMS 0x000000008b100000, 0x000000008b100000| Untracked 
| 178|0x000000008b200000, 0x000000008b200000, 0x000000008b300000|  0%| F|  |TAMS 0x000000008b200000, 0x000000008b200000| Untracked 
| 179|0x000000008b300000, 0x000000008b300000, 0x000000008b400000|  0%| F|  |TAMS 0x000000008b300000, 0x000000008b300000| Untracked 
| 180|0x000000008b400000, 0x000000008b400000, 0x000000008b500000|  0%| F|  |TAMS 0x000000008b400000, 0x000000008b400000| Untracked 
| 181|0x000000008b500000, 0x000000008b500000, 0x000000008b600000|  0%| F|  |TAMS 0x000000008b500000, 0x000000008b500000| Untracked 
| 182|0x000000008b600000, 0x000000008b600000, 0x000000008b700000|  0%| F|  |TAMS 0x000000008b600000, 0x000000008b600000| Untracked 
| 183|0x000000008b700000, 0x000000008b700000, 0x000000008b800000|  0%| F|  |TAMS 0x000000008b700000, 0x000000008b700000| Untracked 
| 184|0x000000008b800000, 0x000000008b800000, 0x000000008b900000|  0%| F|  |TAMS 0x000000008b800000, 0x000000008b800000| Untracked 
| 185|0x000000008b900000, 0x000000008b900000, 0x000000008ba00000|  0%| F|  |TAMS 0x000000008b900000, 0x000000008b900000| Untracked 
| 186|0x000000008ba00000, 0x000000008ba00000, 0x000000008bb00000|  0%| F|  |TAMS 0x000000008ba00000, 0x000000008ba00000| Untracked 
| 187|0x000000008bb00000, 0x000000008bb00000, 0x000000008bc00000|  0%| F|  |TAMS 0x000000008bb00000, 0x000000008bb00000| Untracked 
| 188|0x000000008bc00000, 0x000000008bc00000, 0x000000008bd00000|  0%| F|  |TAMS 0x000000008bc00000, 0x000000008bc00000| Untracked 
| 189|0x000000008bd00000, 0x000000008bd00000, 0x000000008be00000|  0%| F|  |TAMS 0x000000008bd00000, 0x000000008bd00000| Untracked 
| 190|0x000000008be00000, 0x000000008be00000, 0x000000008bf00000|  0%| F|  |TAMS 0x000000008be00000, 0x000000008be00000| Untracked 
| 191|0x000000008bf00000, 0x000000008bfa8600, 0x000000008c000000| 65%| E|  |TAMS 0x000000008bf00000, 0x000000008bf00000| Complete 
| 192|0x000000008c000000, 0x000000008c100000, 0x000000008c100000|100%| E|CS|TAMS 0x000000008c000000, 0x000000008c000000| Complete 
| 193|0x000000008c100000, 0x000000008c200000, 0x000000008c200000|100%| E|CS|TAMS 0x000000008c100000, 0x000000008c100000| Complete 
| 194|0x000000008c200000, 0x000000008c300000, 0x000000008c300000|100%| E|CS|TAMS 0x000000008c200000, 0x000000008c200000| Complete 
| 195|0x000000008c300000, 0x000000008c400000, 0x000000008c400000|100%| E|CS|TAMS 0x000000008c300000, 0x000000008c300000| Complete 
| 196|0x000000008c400000, 0x000000008c500000, 0x000000008c500000|100%| E|  |TAMS 0x000000008c400000, 0x000000008c400000| Complete 
| 197|0x000000008c500000, 0x000000008c600000, 0x000000008c600000|100%| E|CS|TAMS 0x000000008c500000, 0x000000008c500000| Complete 
| 198|0x000000008c600000, 0x000000008c700000, 0x000000008c700000|100%| E|CS|TAMS 0x000000008c600000, 0x000000008c600000| Complete 
| 199|0x000000008c700000, 0x000000008c800000, 0x000000008c800000|100%| E|CS|TAMS 0x000000008c700000, 0x000000008c700000| Complete 
| 200|0x000000008c800000, 0x000000008c900000, 0x000000008c900000|100%| E|CS|TAMS 0x000000008c800000, 0x000000008c800000| Complete 
| 201|0x000000008c900000, 0x000000008ca00000, 0x000000008ca00000|100%| E|CS|TAMS 0x000000008c900000, 0x000000008c900000| Complete 
| 202|0x000000008ca00000, 0x000000008cb00000, 0x000000008cb00000|100%| E|CS|TAMS 0x000000008ca00000, 0x000000008ca00000| Complete 
| 203|0x000000008cb00000, 0x000000008cc00000, 0x000000008cc00000|100%| E|CS|TAMS 0x000000008cb00000, 0x000000008cb00000| Complete 
| 204|0x000000008cc00000, 0x000000008cd00000, 0x000000008cd00000|100%| E|CS|TAMS 0x000000008cc00000, 0x000000008cc00000| Complete 
| 205|0x000000008cd00000, 0x000000008ce00000, 0x000000008ce00000|100%| E|CS|TAMS 0x000000008cd00000, 0x000000008cd00000| Complete 
| 206|0x000000008ce00000, 0x000000008cf00000, 0x000000008cf00000|100%| E|CS|TAMS 0x000000008ce00000, 0x000000008ce00000| Complete 
| 207|0x000000008cf00000, 0x000000008d000000, 0x000000008d000000|100%| E|CS|TAMS 0x000000008cf00000, 0x000000008cf00000| Complete 
| 208|0x000000008d000000, 0x000000008d100000, 0x000000008d100000|100%| E|CS|TAMS 0x000000008d000000, 0x000000008d000000| Complete 
| 209|0x000000008d100000, 0x000000008d200000, 0x000000008d200000|100%| E|CS|TAMS 0x000000008d100000, 0x000000008d100000| Complete 
| 210|0x000000008d200000, 0x000000008d300000, 0x000000008d300000|100%| E|CS|TAMS 0x000000008d200000, 0x000000008d200000| Complete 
| 211|0x000000008d300000, 0x000000008d400000, 0x000000008d400000|100%| E|CS|TAMS 0x000000008d300000, 0x000000008d300000| Complete 
| 212|0x000000008d400000, 0x000000008d500000, 0x000000008d500000|100%| E|CS|TAMS 0x000000008d400000, 0x000000008d400000| Complete 
| 213|0x000000008d500000, 0x000000008d600000, 0x000000008d600000|100%| E|CS|TAMS 0x000000008d500000, 0x000000008d500000| Complete 
| 214|0x000000008d600000, 0x000000008d6de300, 0x000000008d700000| 86%| S|CS|TAMS 0x000000008d600000, 0x000000008d600000| Complete 
| 215|0x000000008d700000, 0x000000008d800000, 0x000000008d800000|100%| E|CS|TAMS 0x000000008d700000, 0x000000008d700000| Complete 
| 216|0x000000008d800000, 0x000000008d900000, 0x000000008d900000|100%| E|CS|TAMS 0x000000008d800000, 0x000000008d800000| Complete 
| 217|0x000000008d900000, 0x000000008da00000, 0x000000008da00000|100%| E|CS|TAMS 0x000000008d900000, 0x000000008d900000| Complete 
| 218|0x000000008da00000, 0x000000008db00000, 0x000000008db00000|100%| E|CS|TAMS 0x000000008da00000, 0x000000008da00000| Complete 
| 219|0x000000008db00000, 0x000000008dc00000, 0x000000008dc00000|100%| E|CS|TAMS 0x000000008db00000, 0x000000008db00000| Complete 

Card table byte_map: [0x0000029d00400000,0x0000029d00800000] _byte_map_base: 0x0000029d00000000

Marking Bits (Prev, Next): (CMBitMap*) 0x0000029d6d09fc70, (CMBitMap*) 0x0000029d6d09fc38
 Prev Bits: [0x0000029d02c00000, 0x0000029d04c00000)
 Next Bits: [0x0000029d00c00000, 0x0000029d02c00000)

Polling page: 0x0000029d6afe0000

Metaspace:

Usage:
  Non-class:    117.58 MB capacity,   114.70 MB ( 98%) used,     2.38 MB (  2%) free+waste,   511.75 KB ( <1%) overhead. 
      Class:     18.29 MB capacity,    16.59 MB ( 91%) used,     1.48 MB (  8%) free+waste,   230.38 KB (  1%) overhead. 
       Both:    135.88 MB capacity,   131.29 MB ( 97%) used,     3.86 MB (  3%) free+waste,   742.13 KB ( <1%) overhead. 

Virtual space:
  Non-class space:      118.00 MB reserved,     117.75 MB (>99%) committed 
      Class space:        1.00 GB reserved,      18.32 MB (  2%) committed 
             Both:        1.12 GB reserved,     136.07 MB ( 12%) committed 

Chunk freelists:
   Non-Class:  42.00 KB
       Class:  18.00 KB
        Both:  60.00 KB

MaxMetaspaceSize: 17179869184.00 GB
CompressedClassSpaceSize: 1.00 GB

CodeHeap 'non-profiled nmethods': size=120000Kb used=12930Kb max_used=12930Kb free=107069Kb
 bounds [0x0000029d78610000, 0x0000029d792c0000, 0x0000029d7fb40000]
CodeHeap 'profiled nmethods': size=120000Kb used=46591Kb max_used=46591Kb free=73408Kb
 bounds [0x0000029d710e0000, 0x0000029d73e70000, 0x0000029d78610000]
CodeHeap 'non-nmethods': size=5760Kb used=2411Kb max_used=2471Kb free=3348Kb
 bounds [0x0000029d70b40000, 0x0000029d70dc0000, 0x0000029d710e0000]
 total_blobs=23826 nmethods=22776 adapters=960
 compilation: enabled
              stopped_count=0, restarted_count=0
 full_count=0

Compilation events (20 events):
Event: 1453.424 Thread 0x0000029d07df5800 25313       3       com.android.tools.r8.internal.Kz::a (109 bytes)
Event: 1453.425 Thread 0x0000029d07df5800 nmethod 25313 0x0000029d73e62210 code [0x0000029d73e62400, 0x0000029d73e628e8]
Event: 1453.428 Thread 0x0000029d07df5800 25316       1       com.android.tools.r8.dex.m::a (5 bytes)
Event: 1453.428 Thread 0x0000029d07df5800 nmethod 25316 0x0000029d792b0590 code [0x0000029d792b0740, 0x0000029d792b07d8]
Event: 1453.428 Thread 0x0000029d07df5800 25317       3       com.android.tools.r8.graph.Z::e1 (55 bytes)
Event: 1453.429 Thread 0x0000029d07df5800 nmethod 25317 0x0000029d73e62b90 code [0x0000029d73e62d60, 0x0000029d73e63108]
Event: 1453.429 Thread 0x0000029d07df5800 25318       3       com.android.tools.r8.internal.gr::k (8 bytes)
Event: 1453.429 Thread 0x0000029d07df5800 nmethod 25318 0x0000029d73e63290 code [0x0000029d73e63440, 0x0000029d73e63608]
Event: 1453.430 Thread 0x0000029d07df5800 25320   !   3       com.android.tools.r8.graph.Z::c1 (62 bytes)
Event: 1453.439 Thread 0x0000029d07df5800 nmethod 25320 0x0000029d73e63710 code [0x0000029d73e63b00, 0x0000029d73e659c8]
Event: 1453.439 Thread 0x0000029d07df5800 25321 %     3       com.android.tools.r8.dex.i::a @ 15 (282 bytes)
Event: 1453.443 Thread 0x0000029d07df5800 nmethod 25321% 0x0000029d73e66510 code [0x0000029d73e66880, 0x0000029d73e68218]
Event: 1453.443 Thread 0x0000029d07df5800 25322       3       com.android.tools.r8.code.H2::a (34 bytes)
Event: 1453.444 Thread 0x0000029d07df5800 nmethod 25322 0x0000029d73e68a10 code [0x0000029d73e68c20, 0x0000029d73e69248]
Event: 1453.449 Thread 0x0000029d07df5800 25323       3       org.gradle.internal.logging.events.LogLevelChangeEvent::<init> (10 bytes)
Event: 1453.450 Thread 0x0000029d07df5800 nmethod 25323 0x0000029d73e69490 code [0x0000029d73e69640, 0x0000029d73e69858]
Event: 1453.536 Thread 0x0000029d07df5800 25324       3       org.gradle.internal.fingerprint.impl.DefaultFileSystemLocationFingerprint::hashCode (23 bytes)
Event: 1453.536 Thread 0x0000029d07df5800 nmethod 25324 0x0000029d73e69990 code [0x0000029d73e69b60, 0x0000029d73e69d18]
Event: 1453.539 Thread 0x0000029d07df5800 25325       3       java.util.stream.SortedOps$SizedRefSortingSink::accept (18 bytes)
Event: 1453.539 Thread 0x0000029d07df5800 nmethod 25325 0x0000029d73e69e10 code [0x0000029d73e69fe0, 0x0000029d73e6a278]

GC Heap History (20 events):
Event: 1167.113 GC heap before
{Heap before GC invocations=91 (full 0):
 garbage-first heap   total 225280K, used 144199K [0x0000000080000000, 0x0000000100000000)
  region size 1024K, 11 young (11264K), 7 survivors (7168K)
 Metaspace       used 133157K, capacity 137652K, committed 138060K, reserved 1169408K
  class space    used 16911K, capacity 18567K, committed 18764K, reserved 1048576K
}
Event: 1167.176 GC heap after
{Heap after GC invocations=92 (full 0):
 garbage-first heap   total 225280K, used 140833K [0x0000000080000000, 0x0000000100000000)
  region size 1024K, 2 young (2048K), 2 survivors (2048K)
 Metaspace       used 133157K, capacity 137652K, committed 138060K, reserved 1169408K
  class space    used 16911K, capacity 18567K, committed 18764K, reserved 1048576K
}
Event: 1182.466 GC heap before
{Heap before GC invocations=92 (full 0):
 garbage-first heap   total 225280K, used 179745K [0x0000000080000000, 0x0000000100000000)
  region size 1024K, 41 young (41984K), 2 survivors (2048K)
 Metaspace       used 133250K, capacity 137668K, committed 138060K, reserved 1169408K
  class space    used 16913K, capacity 18570K, committed 18764K, reserved 1048576K
}
Event: 1182.484 GC heap after
{Heap after GC invocations=93 (full 0):
 garbage-first heap   total 225280K, used 142731K [0x0000000080000000, 0x0000000100000000)
  region size 1024K, 3 young (3072K), 3 survivors (3072K)
 Metaspace       used 133250K, capacity 137668K, committed 138060K, reserved 1169408K
  class space    used 16913K, capacity 18570K, committed 18764K, reserved 1048576K
}
Event: 1191.263 GC heap before
{Heap before GC invocations=94 (full 0):
 garbage-first heap   total 225280K, used 182667K [0x0000000080000000, 0x0000000100000000)
  region size 1024K, 43 young (44032K), 3 survivors (3072K)
 Metaspace       used 133703K, capacity 138388K, committed 138572K, reserved 1169408K
  class space    used 16979K, capacity 18692K, committed 18764K, reserved 1048576K
}
Event: 1191.277 GC heap after
{Heap after GC invocations=95 (full 0):
 garbage-first heap   total 225280K, used 145356K [0x0000000080000000, 0x0000000100000000)
  region size 1024K, 6 young (6144K), 6 survivors (6144K)
 Metaspace       used 133703K, capacity 138388K, committed 138572K, reserved 1169408K
  class space    used 16979K, capacity 18692K, committed 18764K, reserved 1048576K
}
Event: 1191.373 GC heap before
{Heap before GC invocations=95 (full 0):
 garbage-first heap   total 225280K, used 150476K [0x0000000080000000, 0x0000000100000000)
  region size 1024K, 11 young (11264K), 6 survivors (6144K)
 Metaspace       used 133713K, capacity 138400K, committed 138572K, reserved 1169408K
  class space    used 16980K, capacity 18694K, committed 18764K, reserved 1048576K
}
Event: 1191.433 GC heap after
{Heap after GC invocations=96 (full 0):
 garbage-first heap   total 225280K, used 144802K [0x0000000080000000, 0x0000000100000000)
  region size 1024K, 1 young (1024K), 1 survivors (1024K)
 Metaspace       used 133713K, capacity 138400K, committed 138572K, reserved 1169408K
  class space    used 16980K, capacity 18694K, committed 18764K, reserved 1048576K
}
Event: 1192.323 GC heap before
{Heap before GC invocations=96 (full 0):
 garbage-first heap   total 225280K, used 184738K [0x0000000080000000, 0x0000000100000000)
  region size 1024K, 41 young (41984K), 1 survivors (1024K)
 Metaspace       used 134034K, capacity 138765K, committed 139084K, reserved 1169408K
  class space    used 16986K, capacity 18699K, committed 18764K, reserved 1048576K
}
Event: 1192.334 GC heap after
{Heap after GC invocations=97 (full 0):
 garbage-first heap   total 225280K, used 144909K [0x0000000080000000, 0x0000000100000000)
  region size 1024K, 2 young (2048K), 2 survivors (2048K)
 Metaspace       used 134034K, capacity 138765K, committed 139084K, reserved 1169408K
  class space    used 16986K, capacity 18699K, committed 18764K, reserved 1048576K
}
Event: 1423.350 GC heap before
{Heap before GC invocations=98 (full 0):
 garbage-first heap   total 225280K, used 205325K [0x0000000080000000, 0x0000000100000000)
  region size 1024K, 43 young (44032K), 2 survivors (2048K)
 Metaspace       used 134137K, capacity 138807K, committed 139084K, reserved 1169408K
  class space    used 16990K, capacity 18734K, committed 18764K, reserved 1048576K
}
Event: 1423.454 GC heap after
{Heap after GC invocations=99 (full 0):
 garbage-first heap   total 225280K, used 147155K [0x0000000080000000, 0x0000000100000000)
  region size 1024K, 6 young (6144K), 6 survivors (6144K)
 Metaspace       used 134137K, capacity 138807K, committed 139084K, reserved 1169408K
  class space    used 16990K, capacity 18734K, committed 18764K, reserved 1048576K
}
Event: 1423.652 GC heap before
{Heap before GC invocations=99 (full 0):
 garbage-first heap   total 225280K, used 152275K [0x0000000080000000, 0x0000000100000000)
  region size 1024K, 11 young (11264K), 6 survivors (6144K)
 Metaspace       used 134146K, capacity 138871K, committed 139084K, reserved 1169408K
  class space    used 16990K, capacity 18734K, committed 18764K, reserved 1048576K
}
Event: 1423.908 GC heap after
{Heap after GC invocations=100 (full 0):
 garbage-first heap   total 225280K, used 135345K [0x0000000080000000, 0x0000000100000000)
  region size 1024K, 2 young (2048K), 2 survivors (2048K)
 Metaspace       used 134146K, capacity 138871K, committed 139084K, reserved 1169408K
  class space    used 16990K, capacity 18734K, committed 18764K, reserved 1048576K
}
Event: 1435.830 GC heap before
{Heap before GC invocations=100 (full 0):
 garbage-first heap   total 225280K, used 181425K [0x0000000080000000, 0x0000000100000000)
  region size 1024K, 48 young (49152K), 2 survivors (2048K)
 Metaspace       used 134210K, capacity 138939K, committed 139084K, reserved 1169408K
  class space    used 16990K, capacity 18734K, committed 18764K, reserved 1048576K
}
Event: 1436.087 GC heap after
{Heap after GC invocations=101 (full 0):
 garbage-first heap   total 225280K, used 142336K [0x0000000080000000, 0x0000000100000000)
  region size 1024K, 6 young (6144K), 6 survivors (6144K)
 Metaspace       used 134210K, capacity 138939K, committed 139084K, reserved 1169408K
  class space    used 16990K, capacity 18734K, committed 18764K, reserved 1048576K
}
Event: 1445.163 GC heap before
{Heap before GC invocations=102 (full 0):
 garbage-first heap   total 225280K, used 183296K [0x0000000080000000, 0x0000000100000000)
  region size 1024K, 49 young (50176K), 6 survivors (6144K)
 Metaspace       used 134246K, capacity 138940K, committed 139084K, reserved 1169408K
  class space    used 16990K, capacity 18734K, committed 18764K, reserved 1048576K
}
Event: 1445.215 GC heap after
{Heap after GC invocations=103 (full 0):
 garbage-first heap   total 225280K, used 145763K [0x0000000080000000, 0x0000000100000000)
  region size 1024K, 6 young (6144K), 6 survivors (6144K)
 Metaspace       used 134246K, capacity 138940K, committed 139084K, reserved 1169408K
  class space    used 16990K, capacity 18734K, committed 18764K, reserved 1048576K
}
Event: 1452.605 GC heap before
{Heap before GC invocations=103 (full 0):
 garbage-first heap   total 225280K, used 150883K [0x0000000080000000, 0x0000000100000000)
  region size 1024K, 11 young (11264K), 6 survivors (6144K)
 Metaspace       used 134250K, capacity 138940K, committed 139084K, reserved 1169408K
  class space    used 16991K, capacity 18734K, committed 18764K, reserved 1048576K
}
Event: 1452.682 GC heap after
{Heap after GC invocations=104 (full 0):
 garbage-first heap   total 225280K, used 131063K [0x0000000080000000, 0x0000000100000000)
  region size 1024K, 1 young (1024K), 1 survivors (1024K)
 Metaspace       used 134250K, capacity 138940K, committed 139084K, reserved 1169408K
  class space    used 16991K, capacity 18734K, committed 18764K, reserved 1048576K
}

Deoptimization events (20 events):
Event: 1422.998 Thread 0x0000029d0a48f800 Uncommon trap: trap_request=0xffffffd6 fr.pc=0x0000029d7920ad30 relative=0x0000000000000ed0
Event: 1422.998 Thread 0x0000029d0a48f800 Uncommon trap: reason=array_check action=maybe_recompile pc=0x0000029d7920ad30 method=com.google.common.collect.RegularImmutableMap.fromEntryArray(I[Ljava/util/Map$Entry;)Lcom/google/common/collect/ImmutableMap; @ 157 c2
Event: 1422.998 Thread 0x0000029d0a48f800 DEOPT PACKING pc=0x0000029d7920ad30 sp=0x000000db0b8f9280
Event: 1422.998 Thread 0x0000029d0a48f800 DEOPT UNPACKING pc=0x0000029d70b678af sp=0x000000db0b8f9240 mode 2
Event: 1423.297 Thread 0x0000029d0a48f800 Uncommon trap: trap_request=0xffffffd6 fr.pc=0x0000029d7920ad30 relative=0x0000000000000ed0
Event: 1423.297 Thread 0x0000029d0a48f800 Uncommon trap: reason=array_check action=maybe_recompile pc=0x0000029d7920ad30 method=com.google.common.collect.RegularImmutableMap.fromEntryArray(I[Ljava/util/Map$Entry;)Lcom/google/common/collect/ImmutableMap; @ 157 c2
Event: 1423.297 Thread 0x0000029d0a48f800 DEOPT PACKING pc=0x0000029d7920ad30 sp=0x000000db0b8f9280
Event: 1423.297 Thread 0x0000029d0a48f800 DEOPT UNPACKING pc=0x0000029d70b678af sp=0x000000db0b8f9240 mode 2
Event: 1423.318 Thread 0x0000029d0a48f800 DEOPT PACKING pc=0x0000029d71d3cc5f sp=0x000000db0b8f77b0
Event: 1423.318 Thread 0x0000029d0a48f800 DEOPT UNPACKING pc=0x0000029d70b676ce sp=0x000000db0b8f6c38 mode 0
Event: 1423.598 Thread 0x0000029d0a48f800 Uncommon trap: trap_request=0xffffffd6 fr.pc=0x0000029d7920ad30 relative=0x0000000000000ed0
Event: 1423.598 Thread 0x0000029d0a48f800 Uncommon trap: reason=array_check action=maybe_recompile pc=0x0000029d7920ad30 method=com.google.common.collect.RegularImmutableMap.fromEntryArray(I[Ljava/util/Map$Entry;)Lcom/google/common/collect/ImmutableMap; @ 157 c2
Event: 1423.598 Thread 0x0000029d0a48f800 DEOPT PACKING pc=0x0000029d7920ad30 sp=0x000000db0b8f9280
Event: 1423.599 Thread 0x0000029d0a48f800 DEOPT UNPACKING pc=0x0000029d70b678af sp=0x000000db0b8f9240 mode 2
Event: 1424.501 Thread 0x0000029d0a48f800 DEOPT PACKING pc=0x0000029d71dc1dda sp=0x000000db0b8f9f60
Event: 1424.501 Thread 0x0000029d0a48f800 DEOPT UNPACKING pc=0x0000029d70b676ce sp=0x000000db0b8f9480 mode 0
Event: 1445.099 Thread 0x0000029d0a664800 Uncommon trap: trap_request=0xffffffde fr.pc=0x0000029d788daaec relative=0x0000000000000a0c
Event: 1445.100 Thread 0x0000029d0a664800 Uncommon trap: reason=class_check action=maybe_recompile pc=0x0000029d788daaec method=java.util.WeakHashMap.eq(Ljava/lang/Object;Ljava/lang/Object;)Z @ 7 c2
Event: 1445.100 Thread 0x0000029d0a664800 DEOPT PACKING pc=0x0000029d788daaec sp=0x000000db0f1f90c0
Event: 1445.100 Thread 0x0000029d0a664800 DEOPT UNPACKING pc=0x0000029d70b678af sp=0x000000db0f1f9030 mode 2

Classes redefined (0 events):
No events

Internal exceptions (20 events):
Event: 1191.902 Thread 0x0000029d0e5f6800 Exception <a 'sun/nio/fs/WindowsException'{0x000000008c49bb28}> (0x000000008c49bb28) thrown at [./src/hotspot/share/prims/jni.cpp, line 615]
Event: 1191.944 Thread 0x0000029d0e5f3800 Exception <a 'sun/nio/fs/WindowsException'{0x000000008c206108}> (0x000000008c206108) thrown at [./src/hotspot/share/prims/jni.cpp, line 615]
Event: 1192.554 Thread 0x0000029d0e5fa000 Exception <a 'java/lang/NoSuchMethodError'{0x000000008da31018}: 'java.lang.Object java.lang.invoke.DirectMethodHandle$Holder.invokeVirtual(java.lang.Object, java.lang.Object, int)'> (0x000000008da31018) thrown at [./src/hotspot/share/interpreter/linkResolver.cpp, line 773]
Event: 1192.723 Thread 0x0000029d0a48a800 Exception <a 'sun/nio/fs/WindowsException'{0x000000008d962368}> (0x000000008d962368) thrown at [./src/hotspot/share/prims/jni.cpp, line 615]
Event: 1422.440 Thread 0x0000029d0a48f800 Exception <a 'sun/nio/fs/WindowsException'{0x000000008be0b1a0}> (0x000000008be0b1a0) thrown at [./src/hotspot/share/prims/jni.cpp, line 615]
Event: 1424.079 Thread 0x0000029d0a48f800 Exception <a 'sun/nio/fs/WindowsException'{0x000000008dae8a68}> (0x000000008dae8a68) thrown at [./src/hotspot/share/prims/jni.cpp, line 615]
Event: 1424.223 Thread 0x0000029d0a48f800 Exception <a 'sun/nio/fs/WindowsException'{0x000000008d989158}> (0x000000008d989158) thrown at [./src/hotspot/share/prims/jni.cpp, line 615]
Event: 1424.224 Thread 0x0000029d0a48f800 Exception <a 'sun/nio/fs/WindowsException'{0x000000008d98a1a8}> (0x000000008d98a1a8) thrown at [./src/hotspot/share/prims/jni.cpp, line 615]
Event: 1424.224 Thread 0x0000029d0a48f800 Exception <a 'sun/nio/fs/WindowsException'{0x000000008d98b248}> (0x000000008d98b248) thrown at [./src/hotspot/share/prims/jni.cpp, line 615]
Event: 1424.224 Thread 0x0000029d0a48f800 Exception <a 'sun/nio/fs/WindowsException'{0x000000008d98c2e8}> (0x000000008d98c2e8) thrown at [./src/hotspot/share/prims/jni.cpp, line 615]
Event: 1424.505 Thread 0x0000029d0a48f800 Exception <a 'sun/nio/fs/WindowsException'{0x000000008c951540}> (0x000000008c951540) thrown at [./src/hotspot/share/prims/jni.cpp, line 615]
Event: 1424.505 Thread 0x0000029d0a48f800 Exception <a 'sun/nio/fs/WindowsException'{0x000000008c952590}> (0x000000008c952590) thrown at [./src/hotspot/share/prims/jni.cpp, line 615]
Event: 1424.505 Thread 0x0000029d0a48f800 Exception <a 'sun/nio/fs/WindowsException'{0x000000008c953630}> (0x000000008c953630) thrown at [./src/hotspot/share/prims/jni.cpp, line 615]
Event: 1424.505 Thread 0x0000029d0a48f800 Exception <a 'sun/nio/fs/WindowsException'{0x000000008c9546d0}> (0x000000008c9546d0) thrown at [./src/hotspot/share/prims/jni.cpp, line 615]
Event: 1424.643 Thread 0x0000029d0a48f800 Exception <a 'sun/nio/fs/WindowsException'{0x000000008bc19910}> (0x000000008bc19910) thrown at [./src/hotspot/share/prims/jni.cpp, line 615]
Event: 1445.120 Thread 0x0000029d0a65f800 Exception <a 'java/lang/InterruptedException'{0x000000008b135bc0}> (0x000000008b135bc0) thrown at [./src/hotspot/share/runtime/objectMonitor.cpp, line 1635]
Event: 1453.123 Thread 0x0000029d0a668800 Exception <a 'sun/nio/fs/WindowsException'{0x000000008c980798}> (0x000000008c980798) thrown at [./src/hotspot/share/prims/jni.cpp, line 615]
Event: 1453.399 Thread 0x0000029d0a668800 Exception <a 'sun/nio/fs/WindowsException'{0x000000008c5d4f30}> (0x000000008c5d4f30) thrown at [./src/hotspot/share/prims/jni.cpp, line 615]
Event: 1453.413 Thread 0x0000029d0a668800 Exception <a 'sun/nio/fs/WindowsException'{0x000000008c5de560}> (0x000000008c5de560) thrown at [./src/hotspot/share/prims/jni.cpp, line 615]
Event: 1453.440 Thread 0x0000029d0a668800 Exception <a 'sun/nio/fs/WindowsException'{0x000000008c5fcdf8}> (0x000000008c5fcdf8) thrown at [./src/hotspot/share/prims/jni.cpp, line 615]

Events (20 events):
Event: 1453.078 Thread 0x0000029d0a668800 Thread added: 0x0000029d0a668800
Event: 1453.082 Thread 0x0000029d0a669800 Thread added: 0x0000029d0a669800
Event: 1453.084 Thread 0x0000029d0a66a800 Thread added: 0x0000029d0a66a800
Event: 1453.084 Executing VM operation: RevokeBias
Event: 1453.086 Executing coalesced safepoint VM operation: RevokeBias
Event: 1453.086 Executing coalesced safepoint VM operation: RevokeBias done
Event: 1453.086 Executing VM operation: RevokeBias done
Event: 1453.086 Executing VM operation: RevokeBias
Event: 1453.087 Executing VM operation: RevokeBias done
Event: 1453.088 Thread 0x0000029d0a66c000 Thread added: 0x0000029d0a66c000
Event: 1453.090 Thread 0x0000029d0a66b000 Thread added: 0x0000029d0a66b000
Event: 1453.090 Thread 0x0000029d0e5f0000 Thread added: 0x0000029d0e5f0000
Event: 1453.099 Executing VM operation: RevokeBias
Event: 1453.100 Executing VM operation: RevokeBias done
Event: 1453.223 loading class com/android/tools/r8/internal/f8
Event: 1453.223 loading class com/android/tools/r8/internal/f8 done
Event: 1453.409 Executing VM operation: ICBufferFull
Event: 1453.410 Executing VM operation: ICBufferFull done
Event: 1453.529 Executing VM operation: RevokeBias
Event: 1453.532 Executing VM operation: RevokeBias done


Dynamic libraries:
0x00007ff776e70000 - 0x00007ff776e7a000 	D:\android studio\jre\bin\java.exe
0x00007ffd81580000 - 0x00007ffd81787000 	C:\WINDOWS\SYSTEM32\ntdll.dll
0x00007ffd80360000 - 0x00007ffd8041d000 	C:\WINDOWS\System32\KERNEL32.DLL
0x00007ffd7ec20000 - 0x00007ffd7ef94000 	C:\WINDOWS\System32\KERNELBASE.dll
0x00007ffd7bc40000 - 0x00007ffd7bcd1000 	C:\WINDOWS\SYSTEM32\apphelp.dll
0x00007ffd7ea60000 - 0x00007ffd7eb71000 	C:\WINDOWS\System32\ucrtbase.dll
0x00007ffd56a70000 - 0x00007ffd56a89000 	D:\android studio\jre\bin\jli.dll
0x00007ffd56e10000 - 0x00007ffd56e27000 	D:\android studio\jre\bin\VCRUNTIME140.dll
0x00007ffd7f530000 - 0x00007ffd7f6dc000 	C:\WINDOWS\System32\USER32.dll
0x00007ffd67d60000 - 0x00007ffd68005000 	C:\WINDOWS\WinSxS\amd64_microsoft.windows.common-controls_6595b64144ccf1df_6.0.22000.120_none_9d947278b86cc467\COMCTL32.dll
0x00007ffd7efa0000 - 0x00007ffd7efc6000 	C:\WINDOWS\System32\win32u.dll
0x00007ffd7fa00000 - 0x00007ffd7faa3000 	C:\WINDOWS\System32\msvcrt.dll
0x00007ffd7f870000 - 0x00007ffd7f899000 	C:\WINDOWS\System32\GDI32.dll
0x00007ffd7f050000 - 0x00007ffd7f162000 	C:\WINDOWS\System32\gdi32full.dll
0x00007ffd7eb80000 - 0x00007ffd7ec1d000 	C:\WINDOWS\System32\msvcp_win.dll
0x00007ffd81350000 - 0x00007ffd81381000 	C:\WINDOWS\System32\IMM32.DLL
0x00007ffd54140000 - 0x00007ffd541dd000 	D:\android studio\jre\bin\msvcp140.dll
0x00007ffcfc580000 - 0x00007ffcfd04f000 	D:\android studio\jre\bin\server\jvm.dll
0x00007ffd7f950000 - 0x00007ffd7f9fc000 	C:\WINDOWS\System32\ADVAPI32.dll
0x00007ffd7f8a0000 - 0x00007ffd7f93d000 	C:\WINDOWS\System32\sechost.dll
0x00007ffd80bf0000 - 0x00007ffd80d11000 	C:\WINDOWS\System32\RPCRT4.dll
0x00007ffd80350000 - 0x00007ffd80358000 	C:\WINDOWS\System32\PSAPI.DLL
0x00007ffd7b3d0000 - 0x00007ffd7b3d9000 	C:\WINDOWS\SYSTEM32\WSOCK32.dll
0x00007ffd799c0000 - 0x00007ffd799f3000 	C:\WINDOWS\SYSTEM32\WINMM.dll
0x00007ffd76380000 - 0x00007ffd7638a000 	C:\WINDOWS\SYSTEM32\VERSION.dll
0x00007ffd80800000 - 0x00007ffd8086f000 	C:\WINDOWS\System32\WS2_32.dll
0x00007ffd7dc80000 - 0x00007ffd7dc98000 	C:\WINDOWS\SYSTEM32\kernel.appcore.dll
0x00007ffd7b3b0000 - 0x00007ffd7b3c1000 	D:\android studio\jre\bin\verify.dll
0x00007ffd7c600000 - 0x00007ffd7c821000 	C:\WINDOWS\SYSTEM32\DBGHELP.DLL
0x00007ffd64bb0000 - 0x00007ffd64be1000 	C:\WINDOWS\SYSTEM32\dbgcore.DLL
0x00007ffd7efd0000 - 0x00007ffd7f050000 	C:\WINDOWS\System32\bcryptPrimitives.dll
0x00007ffd7b2d0000 - 0x00007ffd7b2f9000 	D:\android studio\jre\bin\java.dll
0x00007ffd7b390000 - 0x00007ffd7b39b000 	D:\android studio\jre\bin\jimage.dll
0x00007ffd687f0000 - 0x00007ffd68808000 	D:\android studio\jre\bin\zip.dll
0x00007ffd7fba0000 - 0x00007ffd80349000 	C:\WINDOWS\System32\SHELL32.dll
0x00007ffd7cbf0000 - 0x00007ffd7d452000 	C:\WINDOWS\SYSTEM32\windows.storage.dll
0x00007ffd80870000 - 0x00007ffd80be8000 	C:\WINDOWS\System32\combase.dll
0x00007ffd7ca80000 - 0x00007ffd7cbe6000 	C:\WINDOWS\SYSTEM32\wintypes.dll
0x00007ffd80420000 - 0x00007ffd8050a000 	C:\WINDOWS\System32\SHCORE.dll
0x00007ffd7f6e0000 - 0x00007ffd7f73d000 	C:\WINDOWS\System32\shlwapi.dll
0x00007ffd7e990000 - 0x00007ffd7e9b1000 	C:\WINDOWS\SYSTEM32\profapi.dll
0x00007ffd64d30000 - 0x00007ffd64d4a000 	D:\android studio\jre\bin\net.dll
0x00007ffd792d0000 - 0x00007ffd793dc000 	C:\WINDOWS\SYSTEM32\WINHTTP.dll
0x00007ffd7e090000 - 0x00007ffd7e0f7000 	C:\WINDOWS\system32\mswsock.dll
0x00007ffd64d10000 - 0x00007ffd64d24000 	D:\android studio\jre\bin\nio.dll
0x00007ffd56e30000 - 0x00007ffd56e57000 	C:\Users\admin\.gradle\native\8bec1ad78214c89d9ad589b4d07fe93259594b29d510b10fafb7a158f7737e5d\windows-amd64\native-platform.dll
0x00007ffd31980000 - 0x00007ffd31abd000 	C:\Users\admin\.gradle\native\53dbd7edfb1c66fb8903c78663c9afc45aea4f116125fa6feffd364cf09443e8\windows-amd64\native-platform-file-events.dll
0x00007ffd7a5a0000 - 0x00007ffd7a5aa000 	D:\android studio\jre\bin\management.dll
0x00007ffd74060000 - 0x00007ffd7406c000 	D:\android studio\jre\bin\management_ext.dll
0x00007ffd7e2e0000 - 0x00007ffd7e2f8000 	C:\WINDOWS\SYSTEM32\CRYPTSP.dll
0x00007ffd7dbe0000 - 0x00007ffd7dc15000 	C:\WINDOWS\system32\rsaenh.dll
0x00007ffd7e180000 - 0x00007ffd7e1a9000 	C:\WINDOWS\SYSTEM32\USERENV.dll
0x00007ffd7e450000 - 0x00007ffd7e477000 	C:\WINDOWS\SYSTEM32\bcrypt.dll
0x00007ffd7e2d0000 - 0x00007ffd7e2dc000 	C:\WINDOWS\SYSTEM32\CRYPTBASE.dll
0x00007ffd7d790000 - 0x00007ffd7d7bd000 	C:\WINDOWS\SYSTEM32\IPHLPAPI.DLL
0x00007ffd7f940000 - 0x00007ffd7f949000 	C:\WINDOWS\System32\NSI.dll
0x00007ffd794d0000 - 0x00007ffd794e9000 	C:\WINDOWS\SYSTEM32\dhcpcsvc6.DLL
0x00007ffd79ce0000 - 0x00007ffd79cfe000 	C:\WINDOWS\SYSTEM32\dhcpcsvc.DLL
0x00007ffd7d7c0000 - 0x00007ffd7d8a7000 	C:\WINDOWS\SYSTEM32\DNSAPI.dll
0x00007ffd57d10000 - 0x00007ffd57d37000 	D:\android studio\jre\bin\sunec.dll
0x00007ffd74080000 - 0x00007ffd7408a000 	C:\Windows\System32\rasadhlp.dll
0x00007ffd77dd0000 - 0x00007ffd77e51000 	C:\WINDOWS\System32\fwpuclnt.dll
0x00007ffd6b260000 - 0x00007ffd6b27e000 	C:\Users\admin\AppData\Local\Temp\native-platform7077927079722556843dir\native-platform.dll
0x00007ffd6b250000 - 0x00007ffd6b258000 	D:\android studio\jre\bin\rmi.dll

dbghelp: loaded successfully - version: 4.0.5 - missing functions: none
symbol engine: initialized successfully - sym options: 0x614 - pdb path: .;D:\android studio\jre\bin;C:\WINDOWS\SYSTEM32;C:\WINDOWS\WinSxS\amd64_microsoft.windows.common-controls_6595b64144ccf1df_6.0.22000.120_none_9d947278b86cc467;D:\android studio\jre\bin\server;C:\Users\admin\.gradle\native\8bec1ad78214c89d9ad589b4d07fe93259594b29d510b10fafb7a158f7737e5d\windows-amd64;C:\Users\admin\.gradle\native\53dbd7edfb1c66fb8903c78663c9afc45aea4f116125fa6feffd364cf09443e8\windows-amd64;C:\Users\admin\AppData\Local\Temp\native-platform7077927079722556843dir

VM Arguments:
jvm_args: --add-opens=java.base/java.util=ALL-UNNAMED --add-opens=java.base/java.lang=ALL-UNNAMED --add-opens=java.base/java.lang.invoke=ALL-UNNAMED --add-opens=java.base/java.util=ALL-UNNAMED --add-opens=java.prefs/java.util.prefs=ALL-UNNAMED --add-opens=java.prefs/java.util.prefs=ALL-UNNAMED --add-opens=java.base/java.nio.charset=ALL-UNNAMED --add-opens=java.base/java.net=ALL-UNNAMED --add-opens=java.base/java.util.concurrent.atomic=ALL-UNNAMED -Xmx2048m -Dfile.encoding=UTF-8 -Duser.country=CN -Duser.language=zh -Duser.variant 
java_command: org.gradle.launcher.daemon.bootstrap.GradleDaemon 7.0.2
java_class_path (initial): C:\Users\admin\.gradle\wrapper\dists\gradle-7.0.2-all\7era6s5ay7zsbhuvl0oc9g94s\gradle-7.0.2\lib\gradle-launcher-7.0.2.jar
Launcher Type: SUN_STANDARD

[Global flags]
     intx CICompilerCount                          = 4                                         {product} {ergonomic}
     uint ConcGCThreads                            = 2                                         {product} {ergonomic}
     uint G1ConcRefinementThreads                  = 8                                         {product} {ergonomic}
   size_t G1HeapRegionSize                         = 1048576                                   {product} {ergonomic}
    uintx GCDrainStackTargetSize                   = 64                                        {product} {ergonomic}
   size_t InitialHeapSize                          = 132120576                                 {product} {ergonomic}
   size_t MarkStackSize                            = 4194304                                   {product} {ergonomic}
   size_t MaxHeapSize                              = 2147483648                                {product} {command line}
   size_t MaxNewSize                               = 1287651328                                {product} {ergonomic}
   size_t MinHeapDeltaBytes                        = 1048576                                   {product} {ergonomic}
    uintx NonNMethodCodeHeapSize                   = 5836300                                {pd product} {ergonomic}
    uintx NonProfiledCodeHeapSize                  = 122910970                              {pd product} {ergonomic}
    uintx ProfiledCodeHeapSize                     = 122910970                              {pd product} {ergonomic}
    uintx ReservedCodeCacheSize                    = 251658240                              {pd product} {ergonomic}
     bool SegmentedCodeCache                       = true                                      {product} {ergonomic}
     bool UseCompressedClassPointers               = true                                 {lp64_product} {ergonomic}
     bool UseCompressedOops                        = true                                 {lp64_product} {ergonomic}
     bool UseG1GC                                  = true                                      {product} {ergonomic}
     bool UseLargePagesIndividualAllocation        = false                                  {pd product} {ergonomic}

Logging:
Log output configuration:
 #0: stdout all=warning uptime,level,tags
 #1: stderr all=off uptime,level,tags

Environment Variables:
JAVA_HOME=C:\Program Files\Java\jdk1.8.0_181
CLASSPATH=.;C:\Program Files\Java\jdk1.8.0_181\lib;C:\Program Files\Java\jdk1.8.0_181\lib\tools.jar
PATH=C:\Program Files (x86)\Common Files\Oracle\Java\javapath;C:\Windows\system32;C:\Windows;C:\Windows\System32\Wbem;C:\Windows\System32\WindowsPowerShell\v1.0\;C:\Windows\System32\OpenSSH\;C:\Program Files (x86)\NVIDIA Corporation\PhysX\Common;C:\Program Files\Intel\WiFi\bin\;C:\Program Files\Common Files\Intel\WirelessCommon\;C:\WINDOWS\system32;C:\WINDOWS;C:\WINDOWS\System32\Wbem;C:\WINDOWS\System32\WindowsPowerShell\v1.0\;C:\WINDOWS\System32\OpenSSH\;C:\Users\admin\AppData\Local\Microsoft\WindowsApps;D:\IntelliJ IDEA Community Edition 2020.2\bin;C:\Program Files\Java\jdk1.8.0_181\bin;C:\Program Files\Java\jdk1.8.0_181\jre\bin;D:\Program Files (x86)\010 Editor;;C:\WINDOWS\system32;C:\WINDOWS;C:\WINDOWS\System32\Wbem;C:\WINDOWS\System32\WindowsPowerShell\v1.0\;C:\WINDOWS\System32\OpenSSH\;C:\Users\admin\AppData\Local\Microsoft\WindowsApps;D:\IntelliJ IDEA Community Edition 2020.2\bin;D:\Fiddler;D:\DevEco Studio 2.1.0.303\bin;;D:\flutter\bin;;C:\Users\admin\AppData\Local\Microsoft\WindowsApps
USERNAME=admin
OS=Windows_NT
PROCESSOR_IDENTIFIER=Intel64 Family 6 Model 142 Stepping 12, GenuineIntel



---------------  S Y S T E M  ---------------

OS: Windows 10 , 64 bit Build 22000 (10.0.22000.120)
OS uptime: 0 days 15:47 hours

CPU:total 8 (initial active 8) (4 cores per cpu, 2 threads per core) family 6 model 142 stepping 12 microcode 0xde, cmov, cx8, fxsr, mmx, sse, sse2, sse3, ssse3, sse4.1, sse4.2, popcnt, avx, avx2, aes, clmul, erms, 3dnowpref, lzcnt, ht, tsc, tscinvbit, bmi1, bmi2, adx, fma

Memory: 4k page, system-wide physical 8043M (171M free)
TotalPageFile size 24643M (AvailPageFile size 2M)
current process WorkingSet (physical memory assigned to process): 337M, peak: 483M
current process commit charge ("private bytes"): 603M, peak: 615M

vm_info: OpenJDK 64-Bit Server VM (11.0.10+0-b96-7249189) for windows-amd64 JRE (11.0.10+0-b96-7249189), built on Mar 31 2021 21:44:00 by "builder" with MS VC++ 14.0 (VS2015)

END.
